# JRE version: Java(TM) SE Runtime Environment (8.0_281-b09) (build 1.8.0_281-b09)
# Java VM: Java HotSpot(TM) 64-Bit Server VM (25.281-b09 mixed mode windows-amd64 compressed oops)
Heap:
 PSYoungGen      total 183808K, used 110109K [0x00000000edc00000, 0x00000000fb900000, 0x0000000100000000)
  eden space 171008K, 57% used [0x00000000edc00000,0x00000000f3b3f640,0x00000000f8300000)
  from space 12800K, 98% used [0x00000000f8a80000,0x00000000f96c8000,0x00000000f9700000)
  to   space 27648K, 0% used [0x00000000f9e00000,0x00000000f9e00000,0x00000000fb900000)
 ParOldGen       total 64512K, used 39614K [0x00000000c9400000, 0x00000000cd300000, 0x00000000edc00000)
  object space 64512K, 61% used [0x00000000c9400000,0x00000000cbaaf960,0x00000000cd300000)
 Metaspace       used 23477K, capacity 24792K, committed 25088K, reserved 1071104K
  class space    used 2748K, capacity 3255K, committed 3328K, reserved 1048576K
GC Heap History (10 events):
Event: 450.826 GC heap before
{Heap before GC invocations=15 (full 2):
 PSYoungGen      total 229376K, used 229376K [0x00000000edc00000, 0x00000000ffa00000, 0x0000000100000000)
  eden space 212992K, 100% used [0x00000000edc00000,0x00000000fac00000,0x00000000fac00000)
  from space 16384K, 100% used [0x00000000fc080000,0x00000000fd080000,0x00000000fd080000)
  to   space 20992K, 0% used [0x00000000fac00000,0x00000000fac00000,0x00000000fc080000)
 ParOldGen       total 64512K, used 36382K [0x00000000c9400000, 0x00000000cd300000, 0x00000000edc00000)
  object space 64512K, 56% used [0x00000000c9400000,0x00000000cb787960,0x00000000cd300000)
 Metaspace       used 22640K, capacity 23668K, committed 24320K, reserved 1071104K
  class space    used 2654K, capacity 3044K, committed 3328K, reserved 1048576K
Event: 450.933 GC heap after
Heap after GC invocations=15 (full 2):
 PSYoungGen      total 224768K, used 20992K [0x00000000edc00000, 0x00000000fd400000, 0x0000000100000000)
  eden space 203776K, 0% used [0x00000000edc00000,0x00000000edc00000,0x00000000fa300000)
  from space 20992K, 100% used [0x00000000fac00000,0x00000000fc080000,0x00000000fc080000)
  to   space 19968K, 0% used [0x00000000fc080000,0x00000000fc080000,0x00000000fd400000)
 ParOldGen       total 64512K, used 38446K [0x00000000c9400000, 0x00000000cd300000, 0x00000000edc00000)
  object space 64512K, 59% used [0x00000000c9400000,0x00000000cb98b960,0x00000000cd300000)
 Metaspace       used 22640K, capacity 23668K, committed 24320K, reserved 1071104K
  class space    used 2654K, capacity 3044K, committed 3328K, reserved 1048576K
}
Event: 534.072 GC heap before
{Heap before GC invocations=16 (full 2):
 PSYoungGen      total 224768K, used 224768K [0x00000000edc00000, 0x00000000fd400000, 0x0000000100000000)
  eden space 203776K, 100% used [0x00000000edc00000,0x00000000fa300000,0x00000000fa300000)
  from space 20992K, 100% used [0x00000000fac00000,0x00000000fc080000,0x00000000fc080000)
  to   space 19968K, 0% used [0x00000000fc080000,0x00000000fc080000,0x00000000fd400000)
 ParOldGen       total 64512K, used 38446K [0x00000000c9400000, 0x00000000cd300000, 0x00000000edc00000)
  object space 64512K, 59% used [0x00000000c9400000,0x00000000cb98b960,0x00000000cd300000)
 Metaspace       used 23001K, capacity 24056K, committed 24576K, reserved 1071104K
  class space    used 2703K, capacity 3104K, committed 3328K, reserved 1048576K
Event: 534.139 GC heap after
Heap after GC invocations=16 (full 2):
 PSYoungGen      total 210944K, used 15633K [0x00000000edc00000, 0x00000000fd000000, 0x0000000100000000)
  eden space 195072K, 0% used [0x00000000edc00000,0x00000000edc00000,0x00000000f9a80000)
  from space 15872K, 98% used [0x00000000fc080000,0x00000000fcfc44b0,0x00000000fd000000)
  to   space 26112K, 0% used [0x00000000f9d00000,0x00000000f9d00000,0x00000000fb680000)
 ParOldGen       total 64512K, used 38726K [0x00000000c9400000, 0x00000000cd300000, 0x00000000edc00000)
  object space 64512K, 60% used [0x00000000c9400000,0x00000000cb9d1960,0x00000000cd300000)
 Metaspace       used 23001K, capacity 24056K, committed 24576K, reserved 1071104K
  class space    used 2703K, capacity 3104K, committed 3328K, reserved 1048576K
}
Event: 655.128 GC heap before
{Heap before GC invocations=17 (full 2):
 PSYoungGen      total 210944K, used 210705K [0x00000000edc00000, 0x00000000fd000000, 0x0000000100000000)
  eden space 195072K, 100% used [0x00000000edc00000,0x00000000f9a80000,0x00000000f9a80000)
  from space 15872K, 98% used [0x00000000fc080000,0x00000000fcfc44b0,0x00000000fd000000)
  to   space 26112K, 0% used [0x00000000f9d00000,0x00000000f9d00000,0x00000000fb680000)
 ParOldGen       total 64512K, used 38726K [0x00000000c9400000, 0x00000000cd300000, 0x00000000edc00000)
  object space 64512K, 60% used [0x00000000c9400000,0x00000000cb9d1960,0x00000000cd300000)
 Metaspace       used 23434K, capacity 24672K, committed 24832K, reserved 1071104K
  class space    used 2740K, capacity 3240K, committed 3328K, reserved 1048576K
Event: 655.214 GC heap after
Heap after GC invocations=17 (full 2):
 PSYoungGen      total 208384K, used 21504K [0x00000000edc00000, 0x00000000fca80000, 0x0000000100000000)
  eden space 186880K, 0% used [0x00000000edc00000,0x00000000edc00000,0x00000000f9280000)
  from space 21504K, 100% used [0x00000000f9d00000,0x00000000fb200000,0x00000000fb200000)
  to   space 25088K, 0% used [0x00000000fb200000,0x00000000fb200000,0x00000000fca80000)
 ParOldGen       total 64512K, used 39006K [0x00000000c9400000, 0x00000000cd300000, 0x00000000edc00000)
  object space 64512K, 60% used [0x00000000c9400000,0x00000000cba17960,0x00000000cd300000)
 Metaspace       used 23434K, capacity 24672K, committed 24832K, reserved 1071104K
  class space    used 2740K, capacity 3240K, committed 3328K, reserved 1048576K
}
Event: 754.750 GC heap before
{Heap before GC invocations=18 (full 2):
 PSYoungGen      total 208384K, used 208384K [0x00000000edc00000, 0x00000000fca80000, 0x0000000100000000)
  eden space 186880K, 100% used [0x00000000edc00000,0x00000000f9280000,0x00000000f9280000)
  from space 21504K, 100% used [0x00000000f9d00000,0x00000000fb200000,0x00000000fb200000)
  to   space 25088K, 0% used [0x00000000fb200000,0x00000000fb200000,0x00000000fca80000)
 ParOldGen       total 64512K, used 39006K [0x00000000c9400000, 0x00000000cd300000, 0x00000000edc00000)
  object space 64512K, 60% used [0x00000000c9400000,0x00000000cba17960,0x00000000cd300000)
 Metaspace       used 23443K, capacity 24684K, committed 24832K, reserved 1071104K
  class space    used 2742K, capacity 3245K, committed 3328K, reserved 1048576K
Event: 754.819 GC heap after
Heap after GC invocations=18 (full 2):
 PSYoungGen      total 196608K, used 17632K [0x00000000edc00000, 0x00000000fc380000, 0x0000000100000000)
  eden space 178688K, 0% used [0x00000000edc00000,0x00000000edc00000,0x00000000f8a80000)
  from space 17920K, 98% used [0x00000000fb200000,0x00000000fc338000,0x00000000fc380000)
  to   space 29184K, 0% used [0x00000000f8a80000,0x00000000f8a80000,0x00000000fa700000)
 ParOldGen       total 64512K, used 39606K [0x00000000c9400000, 0x00000000cd300000, 0x00000000edc00000)
  object space 64512K, 61% used [0x00000000c9400000,0x00000000cbaad960,0x00000000cd300000)
 Metaspace       used 23443K, capacity 24684K, committed 24832K, reserved 1071104K
  class space    used 2742K, capacity 3245K, committed 3328K, reserved 1048576K
}
Event: 824.034 GC heap before
{Heap before GC invocations=19 (full 2):
 PSYoungGen      total 196608K, used 196320K [0x00000000edc00000, 0x00000000fc380000, 0x0000000100000000)
  eden space 178688K, 100% used [0x00000000edc00000,0x00000000f8a80000,0x00000000f8a80000)
  from space 17920K, 98% used [0x00000000fb200000,0x00000000fc338000,0x00000000fc380000)
  to   space 29184K, 0% used [0x00000000f8a80000,0x00000000f8a80000,0x00000000fa700000)
 ParOldGen       total 64512K, used 39606K [0x00000000c9400000, 0x00000000cd300000, 0x00000000edc00000)
  object space 64512K, 61% used [0x00000000c9400000,0x00000000cbaad960,0x00000000cd300000)
 Metaspace       used 23465K, capacity 24722K, committed 24832K, reserved 1071104K
  class space    used 2745K, capacity 3254K, committed 3328K, reserved 1048576K
Event: 824.083 GC heap after
Heap after GC invocations=19 (full 2):
 PSYoungGen      total 183808K, used 12576K [0x00000000edc00000, 0x00000000fb900000, 0x0000000100000000)
  eden space 171008K, 0% used [0x00000000edc00000,0x00000000edc00000,0x00000000f8300000)
  from space 12800K, 98% used [0x00000000f8a80000,0x00000000f96c8000,0x00000000f9700000)
  to   space 27648K, 0% used [0x00000000f9e00000,0x00000000f9e00000,0x00000000fb900000)
 ParOldGen       total 64512K, used 39614K [0x00000000c9400000, 0x00000000cd300000, 0x00000000edc00000)
  object space 64512K, 61% used [0x00000000c9400000,0x00000000cbaaf960,0x00000000cd300000)
 Metaspace       used 23465K, capacity 24722K, committed 24832K, reserved 1071104K
  class space    used 2745K, capacity 3254K, committed 3328K, reserved 1048576K
}

