# JRE version: Java(TM) SE Runtime Environment (8.0_281-b09) (build 1.8.0_281-b09)
# Java VM: Java HotSpot(TM) 64-Bit Server VM (25.281-b09 mixed mode windows-amd64 compressed oops)
Heap:
 PSYoungGen      total 214016K, used 117484K [0x00000000edc00000, 0x00000000fed00000, 0x0000000100000000)
  eden space 188416K, 48% used [0x00000000edc00000,0x00000000f35bf1d0,0x00000000f9400000)
  from space 25600K, 99% used [0x00000000f9c00000,0x00000000fb4fc010,0x00000000fb500000)
  to   space 45568K, 0% used [0x00000000fc080000,0x00000000fc080000,0x00000000fed00000)
 ParOldGen       total 77312K, used 43980K [0x00000000c9400000, 0x00000000cdf80000, 0x00000000edc00000)
  object space 77312K, 56% used [0x00000000c9400000,0x00000000cbef3240,0x00000000cdf80000)
 Metaspace       used 23024K, capacity 24280K, committed 26880K, reserved 1073152K
  class space    used 2716K, capacity 3151K, committed 4096K, reserved 1048576K
GC Heap History (10 events):
Event: 185.457 GC heap before
{Heap before GC invocations=20 (full 3):
 PSYoungGen      total 258048K, used 251584K [0x00000000edc00000, 0x0000000100000000, 0x0000000100000000)
  eden space 224256K, 100% used [0x00000000edc00000,0x00000000fb700000,0x00000000fb700000)
  from space 33792K, 80% used [0x00000000fdf00000,0x00000000ff9b0000,0x0000000100000000)
  to   space 37376K, 0% used [0x00000000fb700000,0x00000000fb700000,0x00000000fdb80000)
 ParOldGen       total 77312K, used 38796K [0x00000000c9400000, 0x00000000cdf80000, 0x00000000edc00000)
  object space 77312K, 50% used [0x00000000c9400000,0x00000000cb9e3240,0x00000000cdf80000)
 Metaspace       used 22905K, capacity 24030K, committed 26624K, reserved 1071104K
  class space    used 2698K, capacity 3126K, committed 4096K, reserved 1048576K
Event: 185.510 GC heap after
Heap after GC invocations=20 (full 3):
 PSYoungGen      total 251392K, used 26672K [0x00000000edc00000, 0x0000000100000000, 0x0000000100000000)
  eden space 224256K, 0% used [0x00000000edc00000,0x00000000edc00000,0x00000000fb700000)
  from space 27136K, 98% used [0x00000000fb700000,0x00000000fd10c010,0x00000000fd180000)
  to   space 39424K, 0% used [0x00000000fd980000,0x00000000fd980000,0x0000000100000000)
 ParOldGen       total 77312K, used 39284K [0x00000000c9400000, 0x00000000cdf80000, 0x00000000edc00000)
  object space 77312K, 50% used [0x00000000c9400000,0x00000000cba5d240,0x00000000cdf80000)
 Metaspace       used 22905K, capacity 24030K, committed 26624K, reserved 1071104K
  class space    used 2698K, capacity 3126K, committed 4096K, reserved 1048576K
}
Event: 203.980 GC heap before
{Heap before GC invocations=21 (full 3):
 PSYoungGen      total 251392K, used 250928K [0x00000000edc00000, 0x0000000100000000, 0x0000000100000000)
  eden space 224256K, 100% used [0x00000000edc00000,0x00000000fb700000,0x00000000fb700000)
  from space 27136K, 98% used [0x00000000fb700000,0x00000000fd10c010,0x00000000fd180000)
  to   space 39424K, 0% used [0x00000000fd980000,0x00000000fd980000,0x0000000100000000)
 ParOldGen       total 77312K, used 39284K [0x00000000c9400000, 0x00000000cdf80000, 0x00000000edc00000)
  object space 77312K, 50% used [0x00000000c9400000,0x00000000cba5d240,0x00000000cdf80000)
 Metaspace       used 22915K, capacity 24106K, committed 26624K, reserved 1071104K
  class space    used 2699K, capacity 3128K, committed 4096K, reserved 1048576K
Event: 204.025 GC heap after
Heap after GC invocations=21 (full 3):
 PSYoungGen      total 247296K, used 20256K [0x00000000edc00000, 0x00000000ff980000, 0x0000000100000000)
  eden space 214528K, 0% used [0x00000000edc00000,0x00000000edc00000,0x00000000fad80000)
  from space 32768K, 61% used [0x00000000fd980000,0x00000000fed48000,0x00000000ff980000)
  to   space 38912K, 0% used [0x00000000fad80000,0x00000000fad80000,0x00000000fd380000)
 ParOldGen       total 77312K, used 39732K [0x00000000c9400000, 0x00000000cdf80000, 0x00000000edc00000)
  object space 77312K, 51% used [0x00000000c9400000,0x00000000cbacd240,0x00000000cdf80000)
 Metaspace       used 22915K, capacity 24106K, committed 26624K, reserved 1071104K
  class space    used 2699K, capacity 3128K, committed 4096K, reserved 1048576K
}
Event: 223.341 GC heap before
{Heap before GC invocations=22 (full 3):
 PSYoungGen      total 247296K, used 234784K [0x00000000edc00000, 0x00000000ff980000, 0x0000000100000000)
  eden space 214528K, 100% used [0x00000000edc00000,0x00000000fad80000,0x00000000fad80000)
  from space 32768K, 61% used [0x00000000fd980000,0x00000000fed48000,0x00000000ff980000)
  to   space 38912K, 0% used [0x00000000fad80000,0x00000000fad80000,0x00000000fd380000)
 ParOldGen       total 77312K, used 39732K [0x00000000c9400000, 0x00000000cdf80000, 0x00000000edc00000)
  object space 77312K, 51% used [0x00000000c9400000,0x00000000cbacd240,0x00000000cdf80000)
 Metaspace       used 22933K, capacity 24148K, committed 26624K, reserved 1071104K
  class space    used 2704K, capacity 3137K, committed 4096K, reserved 1048576K
Event: 223.387 GC heap after
Heap after GC invocations=22 (full 3):
 PSYoungGen      total 226816K, used 21248K [0x00000000edc00000, 0x00000000fef80000, 0x0000000100000000)
  eden space 205312K, 0% used [0x00000000edc00000,0x00000000edc00000,0x00000000fa480000)
  from space 21504K, 98% used [0x00000000fad80000,0x00000000fc240000,0x00000000fc280000)
  to   space 38400K, 0% used [0x00000000fca00000,0x00000000fca00000,0x00000000fef80000)
 ParOldGen       total 77312K, used 39996K [0x00000000c9400000, 0x00000000cdf80000, 0x00000000edc00000)
  object space 77312K, 51% used [0x00000000c9400000,0x00000000cbb0f240,0x00000000cdf80000)
 Metaspace       used 22933K, capacity 24148K, committed 26624K, reserved 1071104K
  class space    used 2704K, capacity 3137K, committed 4096K, reserved 1048576K
}
Event: 261.700 GC heap before
{Heap before GC invocations=23 (full 3):
 PSYoungGen      total 226816K, used 226560K [0x00000000edc00000, 0x00000000fef80000, 0x0000000100000000)
  eden space 205312K, 100% used [0x00000000edc00000,0x00000000fa480000,0x00000000fa480000)
  from space 21504K, 98% used [0x00000000fad80000,0x00000000fc240000,0x00000000fc280000)
  to   space 38400K, 0% used [0x00000000fca00000,0x00000000fca00000,0x00000000fef80000)
 ParOldGen       total 77312K, used 39996K [0x00000000c9400000, 0x00000000cdf80000, 0x00000000edc00000)
  object space 77312K, 51% used [0x00000000c9400000,0x00000000cbb0f240,0x00000000cdf80000)
 Metaspace       used 22948K, capacity 24168K, committed 26624K, reserved 1071104K
  class space    used 2705K, capacity 3139K, committed 4096K, reserved 1048576K
Event: 261.781 GC heap after
Heap after GC invocations=23 (full 3):
 PSYoungGen      total 235008K, used 38400K [0x00000000edc00000, 0x00000000ff500000, 0x0000000100000000)
  eden space 196608K, 0% used [0x00000000edc00000,0x00000000edc00000,0x00000000f9c00000)
  from space 38400K, 100% used [0x00000000fca00000,0x00000000fef80000,0x00000000fef80000)
  to   space 45568K, 0% used [0x00000000f9c00000,0x00000000f9c00000,0x00000000fc880000)
 ParOldGen       total 77312K, used 43468K [0x00000000c9400000, 0x00000000cdf80000, 0x00000000edc00000)
  object space 77312K, 56% used [0x00000000c9400000,0x00000000cbe73240,0x00000000cdf80000)
 Metaspace       used 22948K, capacity 24168K, committed 26624K, reserved 1071104K
  class space    used 2705K, capacity 3139K, committed 4096K, reserved 1048576K
}
Event: 285.102 GC heap before
{Heap before GC invocations=24 (full 3):
 PSYoungGen      total 235008K, used 235008K [0x00000000edc00000, 0x00000000ff500000, 0x0000000100000000)
  eden space 196608K, 100% used [0x00000000edc00000,0x00000000f9c00000,0x00000000f9c00000)
  from space 38400K, 100% used [0x00000000fca00000,0x00000000fef80000,0x00000000fef80000)
  to   space 45568K, 0% used [0x00000000f9c00000,0x00000000f9c00000,0x00000000fc880000)
 ParOldGen       total 77312K, used 43468K [0x00000000c9400000, 0x00000000cdf80000, 0x00000000edc00000)
  object space 77312K, 56% used [0x00000000c9400000,0x00000000cbe73240,0x00000000cdf80000)
 Metaspace       used 22972K, capacity 24264K, committed 26880K, reserved 1073152K
  class space    used 2711K, capacity 3149K, committed 4096K, reserved 1048576K
Event: 285.158 GC heap after
Heap after GC invocations=24 (full 3):
 PSYoungGen      total 214016K, used 25584K [0x00000000edc00000, 0x00000000fed00000, 0x0000000100000000)
  eden space 188416K, 0% used [0x00000000edc00000,0x00000000edc00000,0x00000000f9400000)
  from space 25600K, 99% used [0x00000000f9c00000,0x00000000fb4fc010,0x00000000fb500000)
  to   space 45568K, 0% used [0x00000000fc080000,0x00000000fc080000,0x00000000fed00000)
 ParOldGen       total 77312K, used 43980K [0x00000000c9400000, 0x00000000cdf80000, 0x00000000edc00000)
  object space 77312K, 56% used [0x00000000c9400000,0x00000000cbef3240,0x00000000cdf80000)
 Metaspace       used 22972K, capacity 24264K, committed 26880K, reserved 1073152K
  class space    used 2711K, capacity 3149K, committed 4096K, reserved 1048576K
}

