# JRE version: Java(TM) SE Runtime Environment (8.0_281-b09) (build 1.8.0_281-b09)
# Java VM: Java HotSpot(TM) 64-Bit Server VM (25.281-b09 mixed mode windows-amd64 compressed oops)
Heap:
 PSYoungGen      total 10752K, used 4374K [0x00000000edc00000, 0x00000000ee980000, 0x0000000100000000)
  eden space 7680K, 32% used [0x00000000edc00000,0x00000000ede6dbb0,0x00000000ee380000)
  from space 3072K, 61% used [0x00000000ee680000,0x00000000ee858000,0x00000000ee980000)
  to   space 3072K, 0% used [0x00000000ee380000,0x00000000ee380000,0x00000000ee680000)
 ParOldGen       total 26624K, used 15580K [0x00000000c9400000, 0x00000000cae00000, 0x00000000edc00000)
  object space 26624K, 58% used [0x00000000c9400000,0x00000000ca3373e0,0x00000000cae00000)
 Metaspace       used 22590K, capacity 24116K, committed 24704K, reserved 1071104K
  class space    used 2688K, capacity 3191K, committed 3456K, reserved 1048576K
GC Heap History (10 events):
Event: 5554.815 GC heap before
{Heap before GC invocations=2608 (full 8):
 PSYoungGen      total 9216K, used 9216K [0x00000000edc00000, 0x00000000ee980000, 0x0000000100000000)
  eden space 7680K, 100% used [0x00000000edc00000,0x00000000ee380000,0x00000000ee380000)
  from space 1536K, 100% used [0x00000000ee380000,0x00000000ee500000,0x00000000ee500000)
  to   space 3072K, 0% used [0x00000000ee680000,0x00000000ee680000,0x00000000ee980000)
 ParOldGen       total 26624K, used 14705K [0x00000000c9400000, 0x00000000cae00000, 0x00000000edc00000)
  object space 26624K, 55% used [0x00000000c9400000,0x00000000ca25c668,0x00000000cae00000)
 Metaspace       used 21292K, capacity 22590K, committed 23040K, reserved 1069056K
  class space    used 2503K, capacity 2897K, committed 3072K, reserved 1048576K
Event: 5554.817 GC heap after
Heap after GC invocations=2608 (full 8):
 PSYoungGen      total 10752K, used 864K [0x00000000edc00000, 0x00000000ee980000, 0x0000000100000000)
  eden space 7680K, 0% used [0x00000000edc00000,0x00000000edc00000,0x00000000ee380000)
  from space 3072K, 28% used [0x00000000ee680000,0x00000000ee758000,0x00000000ee980000)
  to   space 3072K, 0% used [0x00000000ee380000,0x00000000ee380000,0x00000000ee680000)
 ParOldGen       total 26624K, used 14721K [0x00000000c9400000, 0x00000000cae00000, 0x00000000edc00000)
  object space 26624K, 55% used [0x00000000c9400000,0x00000000ca260668,0x00000000cae00000)
 Metaspace       used 21292K, capacity 22590K, committed 23040K, reserved 1069056K
  class space    used 2503K, capacity 2897K, committed 3072K, reserved 1048576K
}
Event: 5554.959 GC heap before
{Heap before GC invocations=2609 (full 8):
 PSYoungGen      total 10752K, used 8544K [0x00000000edc00000, 0x00000000ee980000, 0x0000000100000000)
  eden space 7680K, 100% used [0x00000000edc00000,0x00000000ee380000,0x00000000ee380000)
  from space 3072K, 28% used [0x00000000ee680000,0x00000000ee758000,0x00000000ee980000)
  to   space 3072K, 0% used [0x00000000ee380000,0x00000000ee380000,0x00000000ee680000)
 ParOldGen       total 26624K, used 14721K [0x00000000c9400000, 0x00000000cae00000, 0x00000000edc00000)
  object space 26624K, 55% used [0x00000000c9400000,0x00000000ca260668,0x00000000cae00000)
 Metaspace       used 21671K, capacity 23130K, committed 23680K, reserved 1069056K
  class space    used 2538K, capacity 3012K, committed 3200K, reserved 1048576K
Event: 5554.961 GC heap after
Heap after GC invocations=2609 (full 8):
 PSYoungGen      total 10752K, used 320K [0x00000000edc00000, 0x00000000ee980000, 0x0000000100000000)
  eden space 7680K, 0% used [0x00000000edc00000,0x00000000edc00000,0x00000000ee380000)
  from space 3072K, 10% used [0x00000000ee380000,0x00000000ee3d0000,0x00000000ee680000)
  to   space 3072K, 0% used [0x00000000ee680000,0x00000000ee680000,0x00000000ee980000)
 ParOldGen       total 26624K, used 14857K [0x00000000c9400000, 0x00000000cae00000, 0x00000000edc00000)
  object space 26624K, 55% used [0x00000000c9400000,0x00000000ca282668,0x00000000cae00000)
 Metaspace       used 21671K, capacity 23130K, committed 23680K, reserved 1069056K
  class space    used 2538K, capacity 3012K, committed 3200K, reserved 1048576K
}
Event: 5555.653 GC heap before
{Heap before GC invocations=2610 (full 8):
 PSYoungGen      total 10752K, used 8000K [0x00000000edc00000, 0x00000000ee980000, 0x0000000100000000)
  eden space 7680K, 100% used [0x00000000edc00000,0x00000000ee380000,0x00000000ee380000)
  from space 3072K, 10% used [0x00000000ee380000,0x00000000ee3d0000,0x00000000ee680000)
  to   space 3072K, 0% used [0x00000000ee680000,0x00000000ee680000,0x00000000ee980000)
 ParOldGen       total 26624K, used 14857K [0x00000000c9400000, 0x00000000cae00000, 0x00000000edc00000)
  object space 26624K, 55% used [0x00000000c9400000,0x00000000ca282668,0x00000000cae00000)
 Metaspace       used 22388K, capacity 23874K, committed 24320K, reserved 1071104K
  class space    used 2656K, capacity 3130K, committed 3328K, reserved 1048576K
Event: 5555.658 GC heap after
Heap after GC invocations=2610 (full 8):
 PSYoungGen      total 10752K, used 1067K [0x00000000edc00000, 0x00000000ee980000, 0x0000000100000000)
  eden space 7680K, 0% used [0x00000000edc00000,0x00000000edc00000,0x00000000ee380000)
  from space 3072K, 34% used [0x00000000ee680000,0x00000000ee78ad78,0x00000000ee980000)
  to   space 3072K, 0% used [0x00000000ee380000,0x00000000ee380000,0x00000000ee680000)
 ParOldGen       total 26624K, used 15073K [0x00000000c9400000, 0x00000000cae00000, 0x00000000edc00000)
  object space 26624K, 56% used [0x00000000c9400000,0x00000000ca2b8668,0x00000000cae00000)
 Metaspace       used 22388K, capacity 23874K, committed 24320K, reserved 1071104K
  class space    used 2656K, capacity 3130K, committed 3328K, reserved 1048576K
}
Event: 5556.335 GC heap before
{Heap before GC invocations=2611 (full 8):
 PSYoungGen      total 10752K, used 8747K [0x00000000edc00000, 0x00000000ee980000, 0x0000000100000000)
  eden space 7680K, 100% used [0x00000000edc00000,0x00000000ee380000,0x00000000ee380000)
  from space 3072K, 34% used [0x00000000ee680000,0x00000000ee78ad78,0x00000000ee980000)
  to   space 3072K, 0% used [0x00000000ee380000,0x00000000ee380000,0x00000000ee680000)
 ParOldGen       total 26624K, used 15073K [0x00000000c9400000, 0x00000000cae00000, 0x00000000edc00000)
  object space 26624K, 56% used [0x00000000c9400000,0x00000000ca2b8668,0x00000000cae00000)
 Metaspace       used 22476K, capacity 24020K, committed 24576K, reserved 1071104K
  class space    used 2668K, capacity 3159K, committed 3328K, reserved 1048576K
Event: 5556.338 GC heap after
Heap after GC invocations=2611 (full 8):
 PSYoungGen      total 10752K, used 928K [0x00000000edc00000, 0x00000000ee980000, 0x0000000100000000)
  eden space 7680K, 0% used [0x00000000edc00000,0x00000000edc00000,0x00000000ee380000)
  from space 3072K, 30% used [0x00000000ee380000,0x00000000ee468000,0x00000000ee680000)
  to   space 3072K, 0% used [0x00000000ee680000,0x00000000ee680000,0x00000000ee980000)
 ParOldGen       total 26624K, used 15428K [0x00000000c9400000, 0x00000000cae00000, 0x00000000edc00000)
  object space 26624K, 57% used [0x00000000c9400000,0x00000000ca3113e0,0x00000000cae00000)
 Metaspace       used 22476K, capacity 24020K, committed 24576K, reserved 1071104K
  class space    used 2668K, capacity 3159K, committed 3328K, reserved 1048576K
}
Event: 5564.736 GC heap before
{Heap before GC invocations=2612 (full 8):
 PSYoungGen      total 10752K, used 8608K [0x00000000edc00000, 0x00000000ee980000, 0x0000000100000000)
  eden space 7680K, 100% used [0x00000000edc00000,0x00000000ee380000,0x00000000ee380000)
  from space 3072K, 30% used [0x00000000ee380000,0x00000000ee468000,0x00000000ee680000)
  to   space 3072K, 0% used [0x00000000ee680000,0x00000000ee680000,0x00000000ee980000)
 ParOldGen       total 26624K, used 15428K [0x00000000c9400000, 0x00000000cae00000, 0x00000000edc00000)
  object space 26624K, 57% used [0x00000000c9400000,0x00000000ca3113e0,0x00000000cae00000)
 Metaspace       used 22549K, capacity 24116K, committed 24704K, reserved 1071104K
  class space    used 2684K, capacity 3191K, committed 3456K, reserved 1048576K
Event: 5564.743 GC heap after
Heap after GC invocations=2612 (full 8):
 PSYoungGen      total 10752K, used 1888K [0x00000000edc00000, 0x00000000ee980000, 0x0000000100000000)
  eden space 7680K, 0% used [0x00000000edc00000,0x00000000edc00000,0x00000000ee380000)
  from space 3072K, 61% used [0x00000000ee680000,0x00000000ee858000,0x00000000ee980000)
  to   space 3072K, 0% used [0x00000000ee380000,0x00000000ee380000,0x00000000ee680000)
 ParOldGen       total 26624K, used 15580K [0x00000000c9400000, 0x00000000cae00000, 0x00000000edc00000)
  object space 26624K, 58% used [0x00000000c9400000,0x00000000ca3373e0,0x00000000cae00000)
 Metaspace       used 22549K, capacity 24116K, committed 24704K, reserved 1071104K
  class space    used 2684K, capacity 3191K, committed 3456K, reserved 1048576K
}

