# JRE version: Java(TM) SE Runtime Environment (8.0_281-b09) (build 1.8.0_281-b09)
# Java VM: Java HotSpot(TM) 64-Bit Server VM (25.281-b09 mixed mode windows-amd64 compressed oops)
Heap:
 PSYoungGen      total 9728K, used 9122K [0x00000000edc00000, 0x00000000ee800000, 0x0000000100000000)
  eden space 7168K, 99% used [0x00000000edc00000,0x00000000ee2f8bf0,0x00000000ee300000)
  from space 2560K, 77% used [0x00000000ee300000,0x00000000ee4f0000,0x00000000ee580000)
  to   space 2560K, 0% used [0x00000000ee580000,0x00000000ee580000,0x00000000ee800000)
 ParOldGen       total 27136K, used 20391K [0x00000000c9400000, 0x00000000cae80000, 0x00000000edc00000)
  object space 27136K, 75% used [0x00000000c9400000,0x00000000ca7e9df0,0x00000000cae80000)
 Metaspace       used 24439K, capacity 26126K, committed 29056K, reserved 1075200K
  class space    used 2767K, capacity 3312K, committed 4224K, reserved 1048576K
GC Heap History (10 events):
Event: 33836.172 GC heap before
{Heap before GC invocations=8205 (full 20):
 PSYoungGen      total 10240K, used 8992K [0x00000000edc00000, 0x00000000ee900000, 0x0000000100000000)
  eden space 7168K, 100% used [0x00000000edc00000,0x00000000ee300000,0x00000000ee300000)
  from space 3072K, 59% used [0x00000000ee600000,0x00000000ee7c8000,0x00000000ee900000)
  to   space 3072K, 0% used [0x00000000ee300000,0x00000000ee300000,0x00000000ee600000)
 ParOldGen       total 27136K, used 20135K [0x00000000c9400000, 0x00000000cae80000, 0x00000000edc00000)
  object space 27136K, 74% used [0x00000000c9400000,0x00000000ca7a9df0,0x00000000cae80000)
 Metaspace       used 24402K, capacity 26062K, committed 29056K, reserved 1075200K
  class space    used 2764K, capacity 3312K, committed 4224K, reserved 1048576K
Event: 33836.181 GC heap after
Heap after GC invocations=8205 (full 20):
 PSYoungGen      total 9216K, used 1888K [0x00000000edc00000, 0x00000000ee800000, 0x0000000100000000)
  eden space 7168K, 0% used [0x00000000edc00000,0x00000000edc00000,0x00000000ee300000)
  from space 2048K, 92% used [0x00000000ee300000,0x00000000ee4d8000,0x00000000ee500000)
  to   space 2560K, 0% used [0x00000000ee580000,0x00000000ee580000,0x00000000ee800000)
 ParOldGen       total 27136K, used 20159K [0x00000000c9400000, 0x00000000cae80000, 0x00000000edc00000)
  object space 27136K, 74% used [0x00000000c9400000,0x00000000ca7afdf0,0x00000000cae80000)
 Metaspace       used 24402K, capacity 26062K, committed 29056K, reserved 1075200K
  class space    used 2764K, capacity 3312K, committed 4224K, reserved 1048576K
}
Event: 33845.169 GC heap before
{Heap before GC invocations=8206 (full 20):
 PSYoungGen      total 9216K, used 9048K [0x00000000edc00000, 0x00000000ee800000, 0x0000000100000000)
  eden space 7168K, 99% used [0x00000000edc00000,0x00000000ee2fe0f8,0x00000000ee300000)
  from space 2048K, 92% used [0x00000000ee300000,0x00000000ee4d8000,0x00000000ee500000)
  to   space 2560K, 0% used [0x00000000ee580000,0x00000000ee580000,0x00000000ee800000)
 ParOldGen       total 27136K, used 20159K [0x00000000c9400000, 0x00000000cae80000, 0x00000000edc00000)
  object space 27136K, 74% used [0x00000000c9400000,0x00000000ca7afdf0,0x00000000cae80000)
 Metaspace       used 24402K, capacity 26062K, committed 29056K, reserved 1075200K
  class space    used 2764K, capacity 3312K, committed 4224K, reserved 1048576K
Event: 33845.175 GC heap after
Heap after GC invocations=8206 (full 20):
 PSYoungGen      total 9728K, used 1696K [0x00000000edc00000, 0x00000000ee800000, 0x0000000100000000)
  eden space 7168K, 0% used [0x00000000edc00000,0x00000000edc00000,0x00000000ee300000)
  from space 2560K, 66% used [0x00000000ee580000,0x00000000ee728000,0x00000000ee800000)
  to   space 2560K, 0% used [0x00000000ee300000,0x00000000ee300000,0x00000000ee580000)
 ParOldGen       total 27136K, used 20167K [0x00000000c9400000, 0x00000000cae80000, 0x00000000edc00000)
  object space 27136K, 74% used [0x00000000c9400000,0x00000000ca7b1df0,0x00000000cae80000)
 Metaspace       used 24402K, capacity 26062K, committed 29056K, reserved 1075200K
  class space    used 2764K, capacity 3312K, committed 4224K, reserved 1048576K
}
Event: 33850.688 GC heap before
{Heap before GC invocations=8207 (full 20):
 PSYoungGen      total 9728K, used 8864K [0x00000000edc00000, 0x00000000ee800000, 0x0000000100000000)
  eden space 7168K, 100% used [0x00000000edc00000,0x00000000ee300000,0x00000000ee300000)
  from space 2560K, 66% used [0x00000000ee580000,0x00000000ee728000,0x00000000ee800000)
  to   space 2560K, 0% used [0x00000000ee300000,0x00000000ee300000,0x00000000ee580000)
 ParOldGen       total 27136K, used 20167K [0x00000000c9400000, 0x00000000cae80000, 0x00000000edc00000)
  object space 27136K, 74% used [0x00000000c9400000,0x00000000ca7b1df0,0x00000000cae80000)
 Metaspace       used 24403K, capacity 26062K, committed 29056K, reserved 1075200K
  class space    used 2764K, capacity 3312K, committed 4224K, reserved 1048576K
Event: 33850.700 GC heap after
Heap after GC invocations=8207 (full 20):
 PSYoungGen      total 9728K, used 1120K [0x00000000edc00000, 0x00000000ee800000, 0x0000000100000000)
  eden space 7168K, 0% used [0x00000000edc00000,0x00000000edc00000,0x00000000ee300000)
  from space 2560K, 43% used [0x00000000ee300000,0x00000000ee418000,0x00000000ee580000)
  to   space 2560K, 0% used [0x00000000ee580000,0x00000000ee580000,0x00000000ee800000)
 ParOldGen       total 27136K, used 20199K [0x00000000c9400000, 0x00000000cae80000, 0x00000000edc00000)
  object space 27136K, 74% used [0x00000000c9400000,0x00000000ca7b9df0,0x00000000cae80000)
 Metaspace       used 24403K, capacity 26062K, committed 29056K, reserved 1075200K
  class space    used 2764K, capacity 3312K, committed 4224K, reserved 1048576K
}
Event: 33855.767 GC heap before
{Heap before GC invocations=8208 (full 20):
 PSYoungGen      total 9728K, used 8288K [0x00000000edc00000, 0x00000000ee800000, 0x0000000100000000)
  eden space 7168K, 100% used [0x00000000edc00000,0x00000000ee300000,0x00000000ee300000)
  from space 2560K, 43% used [0x00000000ee300000,0x00000000ee418000,0x00000000ee580000)
  to   space 2560K, 0% used [0x00000000ee580000,0x00000000ee580000,0x00000000ee800000)
 ParOldGen       total 27136K, used 20199K [0x00000000c9400000, 0x00000000cae80000, 0x00000000edc00000)
  object space 27136K, 74% used [0x00000000c9400000,0x00000000ca7b9df0,0x00000000cae80000)
 Metaspace       used 24403K, capacity 26062K, committed 29056K, reserved 1075200K
  class space    used 2764K, capacity 3312K, committed 4224K, reserved 1048576K
Event: 33855.771 GC heap after
Heap after GC invocations=8208 (full 20):
 PSYoungGen      total 9728K, used 1120K [0x00000000edc00000, 0x00000000ee800000, 0x0000000100000000)
  eden space 7168K, 0% used [0x00000000edc00000,0x00000000edc00000,0x00000000ee300000)
  from space 2560K, 43% used [0x00000000ee580000,0x00000000ee698000,0x00000000ee800000)
  to   space 2560K, 0% used [0x00000000ee300000,0x00000000ee300000,0x00000000ee580000)
 ParOldGen       total 27136K, used 20239K [0x00000000c9400000, 0x00000000cae80000, 0x00000000edc00000)
  object space 27136K, 74% used [0x00000000c9400000,0x00000000ca7c3df0,0x00000000cae80000)
 Metaspace       used 24403K, capacity 26062K, committed 29056K, reserved 1075200K
  class space    used 2764K, capacity 3312K, committed 4224K, reserved 1048576K
}
Event: 33866.607 GC heap before
{Heap before GC invocations=8209 (full 20):
 PSYoungGen      total 9728K, used 8288K [0x00000000edc00000, 0x00000000ee800000, 0x0000000100000000)
  eden space 7168K, 100% used [0x00000000edc00000,0x00000000ee300000,0x00000000ee300000)
  from space 2560K, 43% used [0x00000000ee580000,0x00000000ee698000,0x00000000ee800000)
  to   space 2560K, 0% used [0x00000000ee300000,0x00000000ee300000,0x00000000ee580000)
 ParOldGen       total 27136K, used 20239K [0x00000000c9400000, 0x00000000cae80000, 0x00000000edc00000)
  object space 27136K, 74% used [0x00000000c9400000,0x00000000ca7c3df0,0x00000000cae80000)
 Metaspace       used 24403K, capacity 26062K, committed 29056K, reserved 1075200K
  class space    used 2764K, capacity 3312K, committed 4224K, reserved 1048576K
Event: 33866.617 GC heap after
Heap after GC invocations=8209 (full 20):
 PSYoungGen      total 9728K, used 1984K [0x00000000edc00000, 0x00000000ee800000, 0x0000000100000000)
  eden space 7168K, 0% used [0x00000000edc00000,0x00000000edc00000,0x00000000ee300000)
  from space 2560K, 77% used [0x00000000ee300000,0x00000000ee4f0000,0x00000000ee580000)
  to   space 2560K, 0% used [0x00000000ee580000,0x00000000ee580000,0x00000000ee800000)
 ParOldGen       total 27136K, used 20391K [0x00000000c9400000, 0x00000000cae80000, 0x00000000edc00000)
  object space 27136K, 75% used [0x00000000c9400000,0x00000000ca7e9df0,0x00000000cae80000)
 Metaspace       used 24403K, capacity 26062K, committed 29056K, reserved 1075200K
  class space    used 2764K, capacity 3312K, committed 4224K, reserved 1048576K
}

