# JRE version: Java(TM) SE Runtime Environment (8.0_281-b09) (build 1.8.0_281-b09)
# Java VM: Java HotSpot(TM) 64-Bit Server VM (25.281-b09 mixed mode windows-amd64 compressed oops)
Heap:
 PSYoungGen      total 24064K, used 17019K [0x00000000edc00000, 0x00000000efc80000, 0x0000000100000000)
  eden space 20992K, 67% used [0x00000000edc00000,0x00000000ee9deee8,0x00000000ef080000)
  from space 3072K, 91% used [0x00000000ef100000,0x00000000ef3c0000,0x00000000ef400000)
  to   space 6144K, 0% used [0x00000000ef680000,0x00000000ef680000,0x00000000efc80000)
 ParOldGen       total 72192K, used 59054K [0x00000000c9400000, 0x00000000cda80000, 0x00000000edc00000)
  object space 72192K, 81% used [0x00000000c9400000,0x00000000ccdabbc0,0x00000000cda80000)
 Metaspace       used 25347K, capacity 28262K, committed 28336K, reserved 1073152K
  class space    used 3010K, capacity 4259K, committed 4272K, reserved 1048576K
GC Heap History (10 events):
Event: 2655.595 GC heap before
{Heap before GC invocations=78 (full 3):
 PSYoungGen      total 30720K, used 24864K [0x00000000edc00000, 0x00000000f0300000, 0x0000000100000000)
  eden space 23552K, 100% used [0x00000000edc00000,0x00000000ef300000,0x00000000ef300000)
  from space 7168K, 18% used [0x00000000efc00000,0x00000000efd48000,0x00000000f0300000)
  to   space 8192K, 0% used [0x00000000ef300000,0x00000000ef300000,0x00000000efb00000)
 ParOldGen       total 72192K, used 58790K [0x00000000c9400000, 0x00000000cda80000, 0x00000000edc00000)
  object space 72192K, 81% used [0x00000000c9400000,0x00000000ccd69bc0,0x00000000cda80000)
 Metaspace       used 25333K, capacity 28250K, committed 28336K, reserved 1073152K
  class space    used 3008K, capacity 4259K, committed 4272K, reserved 1048576K
Event: 2655.601 GC heap after
Heap after GC invocations=78 (full 3):
 PSYoungGen      total 25088K, used 1888K [0x00000000edc00000, 0x00000000f0180000, 0x0000000100000000)
  eden space 23040K, 0% used [0x00000000edc00000,0x00000000edc00000,0x00000000ef280000)
  from space 2048K, 92% used [0x00000000ef300000,0x00000000ef4d8000,0x00000000ef500000)
  to   space 7680K, 0% used [0x00000000efa00000,0x00000000efa00000,0x00000000f0180000)
 ParOldGen       total 72192K, used 58854K [0x00000000c9400000, 0x00000000cda80000, 0x00000000edc00000)
  object space 72192K, 81% used [0x00000000c9400000,0x00000000ccd79bc0,0x00000000cda80000)
 Metaspace       used 25333K, capacity 28250K, committed 28336K, reserved 1073152K
  class space    used 3008K, capacity 4259K, committed 4272K, reserved 1048576K
}
Event: 2658.913 GC heap before
{Heap before GC invocations=79 (full 3):
 PSYoungGen      total 25088K, used 24928K [0x00000000edc00000, 0x00000000f0180000, 0x0000000100000000)
  eden space 23040K, 100% used [0x00000000edc00000,0x00000000ef280000,0x00000000ef280000)
  from space 2048K, 92% used [0x00000000ef300000,0x00000000ef4d8000,0x00000000ef500000)
  to   space 7680K, 0% used [0x00000000efa00000,0x00000000efa00000,0x00000000f0180000)
 ParOldGen       total 72192K, used 58854K [0x00000000c9400000, 0x00000000cda80000, 0x00000000edc00000)
  object space 72192K, 81% used [0x00000000c9400000,0x00000000ccd79bc0,0x00000000cda80000)
 Metaspace       used 25335K, capacity 28250K, committed 28336K, reserved 1073152K
  class space    used 3008K, capacity 4259K, committed 4272K, reserved 1048576K
Event: 2658.924 GC heap after
Heap after GC invocations=79 (full 3):
 PSYoungGen      total 28672K, used 1728K [0x00000000edc00000, 0x00000000f0000000, 0x0000000100000000)
  eden space 22528K, 0% used [0x00000000edc00000,0x00000000edc00000,0x00000000ef200000)
  from space 6144K, 28% used [0x00000000efa00000,0x00000000efbb0000,0x00000000f0000000)
  to   space 7168K, 0% used [0x00000000ef200000,0x00000000ef200000,0x00000000ef900000)
 ParOldGen       total 72192K, used 58918K [0x00000000c9400000, 0x00000000cda80000, 0x00000000edc00000)
  object space 72192K, 81% used [0x00000000c9400000,0x00000000ccd89bc0,0x00000000cda80000)
 Metaspace       used 25335K, capacity 28250K, committed 28336K, reserved 1073152K
  class space    used 3008K, capacity 4259K, committed 4272K, reserved 1048576K
}
Event: 2662.875 GC heap before
{Heap before GC invocations=80 (full 3):
 PSYoungGen      total 28672K, used 24256K [0x00000000edc00000, 0x00000000f0000000, 0x0000000100000000)
  eden space 22528K, 100% used [0x00000000edc00000,0x00000000ef200000,0x00000000ef200000)
  from space 6144K, 28% used [0x00000000efa00000,0x00000000efbb0000,0x00000000f0000000)
  to   space 7168K, 0% used [0x00000000ef200000,0x00000000ef200000,0x00000000ef900000)
 ParOldGen       total 72192K, used 58918K [0x00000000c9400000, 0x00000000cda80000, 0x00000000edc00000)
  object space 72192K, 81% used [0x00000000c9400000,0x00000000ccd89bc0,0x00000000cda80000)
 Metaspace       used 25335K, capacity 28250K, committed 28336K, reserved 1073152K
  class space    used 3008K, capacity 4259K, committed 4272K, reserved 1048576K
Event: 2662.885 GC heap after
Heap after GC invocations=80 (full 3):
 PSYoungGen      total 24064K, used 1952K [0x00000000edc00000, 0x00000000efe80000, 0x0000000100000000)
  eden space 22016K, 0% used [0x00000000edc00000,0x00000000edc00000,0x00000000ef180000)
  from space 2048K, 95% used [0x00000000ef200000,0x00000000ef3e8000,0x00000000ef400000)
  to   space 6656K, 0% used [0x00000000ef800000,0x00000000ef800000,0x00000000efe80000)
 ParOldGen       total 72192K, used 59014K [0x00000000c9400000, 0x00000000cda80000, 0x00000000edc00000)
  object space 72192K, 81% used [0x00000000c9400000,0x00000000ccda1bc0,0x00000000cda80000)
 Metaspace       used 25335K, capacity 28250K, committed 28336K, reserved 1073152K
  class space    used 3008K, capacity 4259K, committed 4272K, reserved 1048576K
}
Event: 2666.952 GC heap before
{Heap before GC invocations=81 (full 3):
 PSYoungGen      total 24064K, used 23968K [0x00000000edc00000, 0x00000000efe80000, 0x0000000100000000)
  eden space 22016K, 100% used [0x00000000edc00000,0x00000000ef180000,0x00000000ef180000)
  from space 2048K, 95% used [0x00000000ef200000,0x00000000ef3e8000,0x00000000ef400000)
  to   space 6656K, 0% used [0x00000000ef800000,0x00000000ef800000,0x00000000efe80000)
 ParOldGen       total 72192K, used 59014K [0x00000000c9400000, 0x00000000cda80000, 0x00000000edc00000)
  object space 72192K, 81% used [0x00000000c9400000,0x00000000ccda1bc0,0x00000000cda80000)
 Metaspace       used 25337K, capacity 28262K, committed 28336K, reserved 1073152K
  class space    used 3008K, capacity 4259K, committed 4272K, reserved 1048576K
Event: 2666.959 GC heap after
Heap after GC invocations=81 (full 3):
 PSYoungGen      total 26624K, used 2048K [0x00000000edc00000, 0x00000000efd00000, 0x0000000100000000)
  eden space 21504K, 0% used [0x00000000edc00000,0x00000000edc00000,0x00000000ef100000)
  from space 5120K, 40% used [0x00000000ef800000,0x00000000efa00000,0x00000000efd00000)
  to   space 6144K, 0% used [0x00000000ef100000,0x00000000ef100000,0x00000000ef700000)
 ParOldGen       total 72192K, used 59038K [0x00000000c9400000, 0x00000000cda80000, 0x00000000edc00000)
  object space 72192K, 81% used [0x00000000c9400000,0x00000000ccda7bc0,0x00000000cda80000)
 Metaspace       used 25337K, capacity 28262K, committed 28336K, reserved 1073152K
  class space    used 3008K, capacity 4259K, committed 4272K, reserved 1048576K
}
Event: 2672.553 GC heap before
{Heap before GC invocations=82 (full 3):
 PSYoungGen      total 26624K, used 23552K [0x00000000edc00000, 0x00000000efd00000, 0x0000000100000000)
  eden space 21504K, 100% used [0x00000000edc00000,0x00000000ef100000,0x00000000ef100000)
  from space 5120K, 40% used [0x00000000ef800000,0x00000000efa00000,0x00000000efd00000)
  to   space 6144K, 0% used [0x00000000ef100000,0x00000000ef100000,0x00000000ef700000)
 ParOldGen       total 72192K, used 59038K [0x00000000c9400000, 0x00000000cda80000, 0x00000000edc00000)
  object space 72192K, 81% used [0x00000000c9400000,0x00000000ccda7bc0,0x00000000cda80000)
 Metaspace       used 25337K, capacity 28262K, committed 28336K, reserved 1073152K
  class space    used 3008K, capacity 4259K, committed 4272K, reserved 1048576K
Event: 2672.562 GC heap after
Heap after GC invocations=82 (full 3):
 PSYoungGen      total 24064K, used 2816K [0x00000000edc00000, 0x00000000efc80000, 0x0000000100000000)
  eden space 20992K, 0% used [0x00000000edc00000,0x00000000edc00000,0x00000000ef080000)
  from space 3072K, 91% used [0x00000000ef100000,0x00000000ef3c0000,0x00000000ef400000)
  to   space 6144K, 0% used [0x00000000ef680000,0x00000000ef680000,0x00000000efc80000)
 ParOldGen       total 72192K, used 59054K [0x00000000c9400000, 0x00000000cda80000, 0x00000000edc00000)
  object space 72192K, 81% used [0x00000000c9400000,0x00000000ccdabbc0,0x00000000cda80000)
 Metaspace       used 25337K, capacity 28262K, committed 28336K, reserved 1073152K
  class space    used 3008K, capacity 4259K, committed 4272K, reserved 1048576K
}

