# JRE version: Java(TM) SE Runtime Environment (8.0_281-b09) (build 1.8.0_281-b09)
# Java VM: Java HotSpot(TM) 64-Bit Server VM (25.281-b09 mixed mode windows-amd64 compressed oops)
Heap:
 PSYoungGen      total 8704K, used 2428K [0x00000000edc00000, 0x00000000ee600000, 0x0000000100000000)
  eden space 7168K, 20% used [0x00000000edc00000,0x00000000edd73350,0x00000000ee300000)
  from space 1536K, 61% used [0x00000000ee300000,0x00000000ee3ec010,0x00000000ee480000)
  to   space 1536K, 0% used [0x00000000ee480000,0x00000000ee480000,0x00000000ee600000)
 ParOldGen       total 27648K, used 14321K [0x00000000c9400000, 0x00000000caf00000, 0x00000000edc00000)
  object space 27648K, 51% used [0x00000000c9400000,0x00000000ca1fc788,0x00000000caf00000)
 Metaspace       used 23000K, capacity 24248K, committed 26624K, reserved 1073152K
  class space    used 2654K, capacity 3027K, committed 3840K, reserved 1048576K
GC Heap History (10 events):
Event: 7672.486 GC heap before
{Heap before GC invocations=698 (full 3):
 PSYoungGen      total 8704K, used 8064K [0x00000000edc00000, 0x00000000ee600000, 0x0000000100000000)
  eden space 7168K, 100% used [0x00000000edc00000,0x00000000ee300000,0x00000000ee300000)
  from space 1536K, 58% used [0x00000000ee480000,0x00000000ee560000,0x00000000ee600000)
  to   space 1536K, 0% used [0x00000000ee300000,0x00000000ee300000,0x00000000ee480000)
 ParOldGen       total 27648K, used 14121K [0x00000000c9400000, 0x00000000caf00000, 0x00000000edc00000)
  object space 27648K, 51% used [0x00000000c9400000,0x00000000ca1ca788,0x00000000caf00000)
 Metaspace       used 22961K, capacity 24244K, committed 26624K, reserved 1073152K
  class space    used 2651K, capacity 3027K, committed 3840K, reserved 1048576K
Event: 7672.489 GC heap after
Heap after GC invocations=698 (full 3):
 PSYoungGen      total 8704K, used 864K [0x00000000edc00000, 0x00000000ee600000, 0x0000000100000000)
  eden space 7168K, 0% used [0x00000000edc00000,0x00000000edc00000,0x00000000ee300000)
  from space 1536K, 56% used [0x00000000ee300000,0x00000000ee3d8000,0x00000000ee480000)
  to   space 1536K, 0% used [0x00000000ee480000,0x00000000ee480000,0x00000000ee600000)
 ParOldGen       total 27648K, used 14137K [0x00000000c9400000, 0x00000000caf00000, 0x00000000edc00000)
  object space 27648K, 51% used [0x00000000c9400000,0x00000000ca1ce788,0x00000000caf00000)
 Metaspace       used 22961K, capacity 24244K, committed 26624K, reserved 1073152K
  class space    used 2651K, capacity 3027K, committed 3840K, reserved 1048576K
}
Event: 7673.847 GC heap before
{Heap before GC invocations=699 (full 3):
 PSYoungGen      total 8704K, used 8032K [0x00000000edc00000, 0x00000000ee600000, 0x0000000100000000)
  eden space 7168K, 100% used [0x00000000edc00000,0x00000000ee300000,0x00000000ee300000)
  from space 1536K, 56% used [0x00000000ee300000,0x00000000ee3d8000,0x00000000ee480000)
  to   space 1536K, 0% used [0x00000000ee480000,0x00000000ee480000,0x00000000ee600000)
 ParOldGen       total 27648K, used 14137K [0x00000000c9400000, 0x00000000caf00000, 0x00000000edc00000)
  object space 27648K, 51% used [0x00000000c9400000,0x00000000ca1ce788,0x00000000caf00000)
 Metaspace       used 22961K, capacity 24244K, committed 26624K, reserved 1073152K
  class space    used 2651K, capacity 3027K, committed 3840K, reserved 1048576K
Event: 7673.851 GC heap after
Heap after GC invocations=699 (full 3):
 PSYoungGen      total 8704K, used 736K [0x00000000edc00000, 0x00000000ee600000, 0x0000000100000000)
  eden space 7168K, 0% used [0x00000000edc00000,0x00000000edc00000,0x00000000ee300000)
  from space 1536K, 47% used [0x00000000ee480000,0x00000000ee538000,0x00000000ee600000)
  to   space 1536K, 0% used [0x00000000ee300000,0x00000000ee300000,0x00000000ee480000)
 ParOldGen       total 27648K, used 14137K [0x00000000c9400000, 0x00000000caf00000, 0x00000000edc00000)
  object space 27648K, 51% used [0x00000000c9400000,0x00000000ca1ce788,0x00000000caf00000)
 Metaspace       used 22961K, capacity 24244K, committed 26624K, reserved 1073152K
  class space    used 2651K, capacity 3027K, committed 3840K, reserved 1048576K
}
Event: 7675.406 GC heap before
{Heap before GC invocations=700 (full 3):
 PSYoungGen      total 8704K, used 7904K [0x00000000edc00000, 0x00000000ee600000, 0x0000000100000000)
  eden space 7168K, 100% used [0x00000000edc00000,0x00000000ee300000,0x00000000ee300000)
  from space 1536K, 47% used [0x00000000ee480000,0x00000000ee538000,0x00000000ee600000)
  to   space 1536K, 0% used [0x00000000ee300000,0x00000000ee300000,0x00000000ee480000)
 ParOldGen       total 27648K, used 14137K [0x00000000c9400000, 0x00000000caf00000, 0x00000000edc00000)
  object space 27648K, 51% used [0x00000000c9400000,0x00000000ca1ce788,0x00000000caf00000)
 Metaspace       used 22962K, capacity 24248K, committed 26624K, reserved 1073152K
  class space    used 2651K, capacity 3027K, committed 3840K, reserved 1048576K
Event: 7675.409 GC heap after
Heap after GC invocations=700 (full 3):
 PSYoungGen      total 8704K, used 928K [0x00000000edc00000, 0x00000000ee600000, 0x0000000100000000)
  eden space 7168K, 0% used [0x00000000edc00000,0x00000000edc00000,0x00000000ee300000)
  from space 1536K, 60% used [0x00000000ee300000,0x00000000ee3e8000,0x00000000ee480000)
  to   space 1536K, 0% used [0x00000000ee480000,0x00000000ee480000,0x00000000ee600000)
 ParOldGen       total 27648K, used 14209K [0x00000000c9400000, 0x00000000caf00000, 0x00000000edc00000)
  object space 27648K, 51% used [0x00000000c9400000,0x00000000ca1e0788,0x00000000caf00000)
 Metaspace       used 22962K, capacity 24248K, committed 26624K, reserved 1073152K
  class space    used 2651K, capacity 3027K, committed 3840K, reserved 1048576K
}
Event: 7677.328 GC heap before
{Heap before GC invocations=701 (full 3):
 PSYoungGen      total 8704K, used 8096K [0x00000000edc00000, 0x00000000ee600000, 0x0000000100000000)
  eden space 7168K, 100% used [0x00000000edc00000,0x00000000ee300000,0x00000000ee300000)
  from space 1536K, 60% used [0x00000000ee300000,0x00000000ee3e8000,0x00000000ee480000)
  to   space 1536K, 0% used [0x00000000ee480000,0x00000000ee480000,0x00000000ee600000)
 ParOldGen       total 27648K, used 14209K [0x00000000c9400000, 0x00000000caf00000, 0x00000000edc00000)
  object space 27648K, 51% used [0x00000000c9400000,0x00000000ca1e0788,0x00000000caf00000)
 Metaspace       used 22962K, capacity 24248K, committed 26624K, reserved 1073152K
  class space    used 2651K, capacity 3027K, committed 3840K, reserved 1048576K
Event: 7677.334 GC heap after
Heap after GC invocations=701 (full 3):
 PSYoungGen      total 8704K, used 960K [0x00000000edc00000, 0x00000000ee600000, 0x0000000100000000)
  eden space 7168K, 0% used [0x00000000edc00000,0x00000000edc00000,0x00000000ee300000)
  from space 1536K, 62% used [0x00000000ee480000,0x00000000ee570000,0x00000000ee600000)
  to   space 1536K, 0% used [0x00000000ee300000,0x00000000ee300000,0x00000000ee480000)
 ParOldGen       total 27648K, used 14321K [0x00000000c9400000, 0x00000000caf00000, 0x00000000edc00000)
  object space 27648K, 51% used [0x00000000c9400000,0x00000000ca1fc788,0x00000000caf00000)
 Metaspace       used 22962K, capacity 24248K, committed 26624K, reserved 1073152K
  class space    used 2651K, capacity 3027K, committed 3840K, reserved 1048576K
}
Event: 7679.167 GC heap before
{Heap before GC invocations=702 (full 3):
 PSYoungGen      total 8704K, used 8116K [0x00000000edc00000, 0x00000000ee600000, 0x0000000100000000)
  eden space 7168K, 99% used [0x00000000edc00000,0x00000000ee2fd108,0x00000000ee300000)
  from space 1536K, 62% used [0x00000000ee480000,0x00000000ee570000,0x00000000ee600000)
  to   space 1536K, 0% used [0x00000000ee300000,0x00000000ee300000,0x00000000ee480000)
 ParOldGen       total 27648K, used 14321K [0x00000000c9400000, 0x00000000caf00000, 0x00000000edc00000)
  object space 27648K, 51% used [0x00000000c9400000,0x00000000ca1fc788,0x00000000caf00000)
 Metaspace       used 22962K, capacity 24248K, committed 26624K, reserved 1073152K
  class space    used 2651K, capacity 3027K, committed 3840K, reserved 1048576K
Event: 7679.212 GC heap after
Heap after GC invocations=702 (full 3):
 PSYoungGen      total 8704K, used 944K [0x00000000edc00000, 0x00000000ee600000, 0x0000000100000000)
  eden space 7168K, 0% used [0x00000000edc00000,0x00000000edc00000,0x00000000ee300000)
  from space 1536K, 61% used [0x00000000ee300000,0x00000000ee3ec010,0x00000000ee480000)
  to   space 1536K, 0% used [0x00000000ee480000,0x00000000ee480000,0x00000000ee600000)
 ParOldGen       total 27648K, used 14321K [0x00000000c9400000, 0x00000000caf00000, 0x00000000edc00000)
  object space 27648K, 51% used [0x00000000c9400000,0x00000000ca1fc788,0x00000000caf00000)
 Metaspace       used 22962K, capacity 24248K, committed 26624K, reserved 1073152K
  class space    used 2651K, capacity 3027K, committed 3840K, reserved 1048576K
}

