# JRE version: Java(TM) SE Runtime Environment (8.0_281-b09) (build 1.8.0_281-b09)
# Java VM: Java HotSpot(TM) 64-Bit Server VM (25.281-b09 mixed mode windows-amd64 compressed oops)
Heap:
 PSYoungGen      total 5120K, used 3832K [0x00000000edc00000, 0x00000000ee280000, 0x0000000100000000)
  eden space 3584K, 96% used [0x00000000edc00000,0x00000000edf5e0f0,0x00000000edf80000)
  from space 1536K, 25% used [0x00000000edf80000,0x00000000edfe0000,0x00000000ee100000)
  to   space 1536K, 0% used [0x00000000ee100000,0x00000000ee100000,0x00000000ee280000)
 ParOldGen       total 24576K, used 14227K [0x00000000c9400000, 0x00000000cac00000, 0x00000000edc00000)
  object space 24576K, 57% used [0x00000000c9400000,0x00000000ca1e4f00,0x00000000cac00000)
 Metaspace       used 22897K, capacity 24210K, committed 25344K, reserved 1071104K
  class space    used 2650K, capacity 3034K, committed 3584K, reserved 1048576K
GC Heap History (10 events):
Event: 23028.496 GC heap before
{Heap before GC invocations=5430 (full 9):
 PSYoungGen      total 5120K, used 4032K [0x00000000edc00000, 0x00000000ee280000, 0x0000000100000000)
  eden space 3584K, 100% used [0x00000000edc00000,0x00000000edf80000,0x00000000edf80000)
  from space 1536K, 29% used [0x00000000ee100000,0x00000000ee170000,0x00000000ee280000)
  to   space 1536K, 0% used [0x00000000edf80000,0x00000000edf80000,0x00000000ee100000)
 ParOldGen       total 24576K, used 14147K [0x00000000c9400000, 0x00000000cac00000, 0x00000000edc00000)
  object space 24576K, 57% used [0x00000000c9400000,0x00000000ca1d0f00,0x00000000cac00000)
 Metaspace       used 22858K, capacity 24114K, committed 25216K, reserved 1071104K
  class space    used 2646K, capacity 3002K, committed 3456K, reserved 1048576K
Event: 23028.498 GC heap after
Heap after GC invocations=5430 (full 9):
 PSYoungGen      total 5120K, used 576K [0x00000000edc00000, 0x00000000ee280000, 0x0000000100000000)
  eden space 3584K, 0% used [0x00000000edc00000,0x00000000edc00000,0x00000000edf80000)
  from space 1536K, 37% used [0x00000000edf80000,0x00000000ee010000,0x00000000ee100000)
  to   space 1536K, 0% used [0x00000000ee100000,0x00000000ee100000,0x00000000ee280000)
 ParOldGen       total 24576K, used 14163K [0x00000000c9400000, 0x00000000cac00000, 0x00000000edc00000)
  object space 24576K, 57% used [0x00000000c9400000,0x00000000ca1d4f00,0x00000000cac00000)
 Metaspace       used 22858K, capacity 24114K, committed 25216K, reserved 1071104K
  class space    used 2646K, capacity 3002K, committed 3456K, reserved 1048576K
}
Event: 23031.778 GC heap before
{Heap before GC invocations=5431 (full 9):
 PSYoungGen      total 5120K, used 4160K [0x00000000edc00000, 0x00000000ee280000, 0x0000000100000000)
  eden space 3584K, 100% used [0x00000000edc00000,0x00000000edf80000,0x00000000edf80000)
  from space 1536K, 37% used [0x00000000edf80000,0x00000000ee010000,0x00000000ee100000)
  to   space 1536K, 0% used [0x00000000ee100000,0x00000000ee100000,0x00000000ee280000)
 ParOldGen       total 24576K, used 14163K [0x00000000c9400000, 0x00000000cac00000, 0x00000000edc00000)
  object space 24576K, 57% used [0x00000000c9400000,0x00000000ca1d4f00,0x00000000cac00000)
 Metaspace       used 22858K, capacity 24114K, committed 25216K, reserved 1071104K
  class space    used 2646K, capacity 3002K, committed 3456K, reserved 1048576K
Event: 23031.781 GC heap after
Heap after GC invocations=5431 (full 9):
 PSYoungGen      total 5120K, used 672K [0x00000000edc00000, 0x00000000ee280000, 0x0000000100000000)
  eden space 3584K, 0% used [0x00000000edc00000,0x00000000edc00000,0x00000000edf80000)
  from space 1536K, 43% used [0x00000000ee100000,0x00000000ee1a8000,0x00000000ee280000)
  to   space 1536K, 0% used [0x00000000edf80000,0x00000000edf80000,0x00000000ee100000)
 ParOldGen       total 24576K, used 14179K [0x00000000c9400000, 0x00000000cac00000, 0x00000000edc00000)
  object space 24576K, 57% used [0x00000000c9400000,0x00000000ca1d8f00,0x00000000cac00000)
 Metaspace       used 22858K, capacity 24114K, committed 25216K, reserved 1071104K
  class space    used 2646K, capacity 3002K, committed 3456K, reserved 1048576K
}
Event: 23034.536 GC heap before
{Heap before GC invocations=5432 (full 9):
 PSYoungGen      total 5120K, used 4256K [0x00000000edc00000, 0x00000000ee280000, 0x0000000100000000)
  eden space 3584K, 100% used [0x00000000edc00000,0x00000000edf80000,0x00000000edf80000)
  from space 1536K, 43% used [0x00000000ee100000,0x00000000ee1a8000,0x00000000ee280000)
  to   space 1536K, 0% used [0x00000000edf80000,0x00000000edf80000,0x00000000ee100000)
 ParOldGen       total 24576K, used 14179K [0x00000000c9400000, 0x00000000cac00000, 0x00000000edc00000)
  object space 24576K, 57% used [0x00000000c9400000,0x00000000ca1d8f00,0x00000000cac00000)
 Metaspace       used 22858K, capacity 24114K, committed 25216K, reserved 1071104K
  class space    used 2646K, capacity 3002K, committed 3456K, reserved 1048576K
Event: 23034.540 GC heap after
Heap after GC invocations=5432 (full 9):
 PSYoungGen      total 5120K, used 544K [0x00000000edc00000, 0x00000000ee280000, 0x0000000100000000)
  eden space 3584K, 0% used [0x00000000edc00000,0x00000000edc00000,0x00000000edf80000)
  from space 1536K, 35% used [0x00000000edf80000,0x00000000ee008000,0x00000000ee100000)
  to   space 1536K, 0% used [0x00000000ee100000,0x00000000ee100000,0x00000000ee280000)
 ParOldGen       total 24576K, used 14211K [0x00000000c9400000, 0x00000000cac00000, 0x00000000edc00000)
  object space 24576K, 57% used [0x00000000c9400000,0x00000000ca1e0f00,0x00000000cac00000)
 Metaspace       used 22858K, capacity 24114K, committed 25216K, reserved 1071104K
  class space    used 2646K, capacity 3002K, committed 3456K, reserved 1048576K
}
Event: 23036.818 GC heap before
{Heap before GC invocations=5433 (full 9):
 PSYoungGen      total 5120K, used 4128K [0x00000000edc00000, 0x00000000ee280000, 0x0000000100000000)
  eden space 3584K, 100% used [0x00000000edc00000,0x00000000edf80000,0x00000000edf80000)
  from space 1536K, 35% used [0x00000000edf80000,0x00000000ee008000,0x00000000ee100000)
  to   space 1536K, 0% used [0x00000000ee100000,0x00000000ee100000,0x00000000ee280000)
 ParOldGen       total 24576K, used 14211K [0x00000000c9400000, 0x00000000cac00000, 0x00000000edc00000)
  object space 24576K, 57% used [0x00000000c9400000,0x00000000ca1e0f00,0x00000000cac00000)
 Metaspace       used 22858K, capacity 24114K, committed 25216K, reserved 1071104K
  class space    used 2646K, capacity 3002K, committed 3456K, reserved 1048576K
Event: 23036.819 GC heap after
Heap after GC invocations=5433 (full 9):
 PSYoungGen      total 5120K, used 480K [0x00000000edc00000, 0x00000000ee280000, 0x0000000100000000)
  eden space 3584K, 0% used [0x00000000edc00000,0x00000000edc00000,0x00000000edf80000)
  from space 1536K, 31% used [0x00000000ee100000,0x00000000ee178000,0x00000000ee280000)
  to   space 1536K, 0% used [0x00000000edf80000,0x00000000edf80000,0x00000000ee100000)
 ParOldGen       total 24576K, used 14219K [0x00000000c9400000, 0x00000000cac00000, 0x00000000edc00000)
  object space 24576K, 57% used [0x00000000c9400000,0x00000000ca1e2f00,0x00000000cac00000)
 Metaspace       used 22858K, capacity 24114K, committed 25216K, reserved 1071104K
  class space    used 2646K, capacity 3002K, committed 3456K, reserved 1048576K
}
Event: 23038.458 GC heap before
{Heap before GC invocations=5434 (full 9):
 PSYoungGen      total 5120K, used 4059K [0x00000000edc00000, 0x00000000ee280000, 0x0000000100000000)
  eden space 3584K, 99% used [0x00000000edc00000,0x00000000edf7ed58,0x00000000edf80000)
  from space 1536K, 31% used [0x00000000ee100000,0x00000000ee178000,0x00000000ee280000)
  to   space 1536K, 0% used [0x00000000edf80000,0x00000000edf80000,0x00000000ee100000)
 ParOldGen       total 24576K, used 14219K [0x00000000c9400000, 0x00000000cac00000, 0x00000000edc00000)
  object space 24576K, 57% used [0x00000000c9400000,0x00000000ca1e2f00,0x00000000cac00000)
 Metaspace       used 22858K, capacity 24114K, committed 25216K, reserved 1071104K
  class space    used 2646K, capacity 3002K, committed 3456K, reserved 1048576K
Event: 23038.460 GC heap after
Heap after GC invocations=5434 (full 9):
 PSYoungGen      total 5120K, used 384K [0x00000000edc00000, 0x00000000ee280000, 0x0000000100000000)
  eden space 3584K, 0% used [0x00000000edc00000,0x00000000edc00000,0x00000000edf80000)
  from space 1536K, 25% used [0x00000000edf80000,0x00000000edfe0000,0x00000000ee100000)
  to   space 1536K, 0% used [0x00000000ee100000,0x00000000ee100000,0x00000000ee280000)
 ParOldGen       total 24576K, used 14227K [0x00000000c9400000, 0x00000000cac00000, 0x00000000edc00000)
  object space 24576K, 57% used [0x00000000c9400000,0x00000000ca1e4f00,0x00000000cac00000)
 Metaspace       used 22858K, capacity 24114K, committed 25216K, reserved 1071104K
  class space    used 2646K, capacity 3002K, committed 3456K, reserved 1048576K
}

