# JRE version: Java(TM) SE Runtime Environment (8.0_281-b09) (build 1.8.0_281-b09)
# Java VM: Java HotSpot(TM) 64-Bit Server VM (25.281-b09 mixed mode windows-amd64 compressed oops)
Heap:
 PSYoungGen      total 19968K, used 10728K [0x00000000edc00000, 0x00000000ef380000, 0x0000000100000000)
  eden space 16896K, 46% used [0x00000000edc00000,0x00000000ee3a2188,0x00000000eec80000)
  from space 3072K, 94% used [0x00000000eec80000,0x00000000eef58000,0x00000000eef80000)
  to   space 3584K, 0% used [0x00000000ef000000,0x00000000ef000000,0x00000000ef380000)
 ParOldGen       total 63488K, used 46993K [0x00000000c9400000, 0x00000000cd200000, 0x00000000edc00000)
  object space 63488K, 74% used [0x00000000c9400000,0x00000000cc1e4580,0x00000000cd200000)
 Metaspace       used 22909K, capacity 24510K, committed 24704K, reserved 1071104K
  class space    used 2756K, capacity 3329K, committed 3456K, reserved 1048576K
GC Heap History (10 events):
Event: 6172.067 GC heap before
{Heap before GC invocations=209 (full 2):
 PSYoungGen      total 20480K, used 18192K [0x00000000edc00000, 0x00000000ef380000, 0x0000000100000000)
  eden space 16896K, 100% used [0x00000000edc00000,0x00000000eec80000,0x00000000eec80000)
  from space 3584K, 36% used [0x00000000ef000000,0x00000000ef144010,0x00000000ef380000)
  to   space 3584K, 0% used [0x00000000eec80000,0x00000000eec80000,0x00000000ef000000)
 ParOldGen       total 63488K, used 46945K [0x00000000c9400000, 0x00000000cd200000, 0x00000000edc00000)
  object space 63488K, 73% used [0x00000000c9400000,0x00000000cc1d8580,0x00000000cd200000)
 Metaspace       used 22869K, capacity 24508K, committed 24576K, reserved 1071104K
  class space    used 2752K, capacity 3328K, committed 3328K, reserved 1048576K
Event: 6172.071 GC heap after
Heap after GC invocations=209 (full 2):
 PSYoungGen      total 17920K, used 944K [0x00000000edc00000, 0x00000000ef280000, 0x0000000100000000)
  eden space 16896K, 0% used [0x00000000edc00000,0x00000000edc00000,0x00000000eec80000)
  from space 1024K, 92% used [0x00000000eec80000,0x00000000eed6c010,0x00000000eed80000)
  to   space 3072K, 0% used [0x00000000eef80000,0x00000000eef80000,0x00000000ef280000)
 ParOldGen       total 63488K, used 46969K [0x00000000c9400000, 0x00000000cd200000, 0x00000000edc00000)
  object space 63488K, 73% used [0x00000000c9400000,0x00000000cc1de580,0x00000000cd200000)
 Metaspace       used 22869K, capacity 24508K, committed 24576K, reserved 1071104K
  class space    used 2752K, capacity 3328K, committed 3328K, reserved 1048576K
}
Event: 6178.104 GC heap before
{Heap before GC invocations=210 (full 2):
 PSYoungGen      total 17920K, used 17840K [0x00000000edc00000, 0x00000000ef280000, 0x0000000100000000)
  eden space 16896K, 100% used [0x00000000edc00000,0x00000000eec80000,0x00000000eec80000)
  from space 1024K, 92% used [0x00000000eec80000,0x00000000eed6c010,0x00000000eed80000)
  to   space 3072K, 0% used [0x00000000eef80000,0x00000000eef80000,0x00000000ef280000)
 ParOldGen       total 63488K, used 46969K [0x00000000c9400000, 0x00000000cd200000, 0x00000000edc00000)
  object space 63488K, 73% used [0x00000000c9400000,0x00000000cc1de580,0x00000000cd200000)
 Metaspace       used 22871K, capacity 24510K, committed 24704K, reserved 1071104K
  class space    used 2752K, capacity 3329K, committed 3456K, reserved 1048576K
Event: 6178.109 GC heap after
Heap after GC invocations=210 (full 2):
 PSYoungGen      total 19968K, used 1248K [0x00000000edc00000, 0x00000000ef280000, 0x0000000100000000)
  eden space 16896K, 0% used [0x00000000edc00000,0x00000000edc00000,0x00000000eec80000)
  from space 3072K, 40% used [0x00000000eef80000,0x00000000ef0b8000,0x00000000ef280000)
  to   space 3072K, 0% used [0x00000000eec80000,0x00000000eec80000,0x00000000eef80000)
 ParOldGen       total 63488K, used 46977K [0x00000000c9400000, 0x00000000cd200000, 0x00000000edc00000)
  object space 63488K, 73% used [0x00000000c9400000,0x00000000cc1e0580,0x00000000cd200000)
 Metaspace       used 22871K, capacity 24510K, committed 24704K, reserved 1071104K
  class space    used 2752K, capacity 3329K, committed 3456K, reserved 1048576K
}
Event: 6185.465 GC heap before
{Heap before GC invocations=211 (full 2):
 PSYoungGen      total 19968K, used 18144K [0x00000000edc00000, 0x00000000ef280000, 0x0000000100000000)
  eden space 16896K, 100% used [0x00000000edc00000,0x00000000eec80000,0x00000000eec80000)
  from space 3072K, 40% used [0x00000000eef80000,0x00000000ef0b8000,0x00000000ef280000)
  to   space 3072K, 0% used [0x00000000eec80000,0x00000000eec80000,0x00000000eef80000)
 ParOldGen       total 63488K, used 46977K [0x00000000c9400000, 0x00000000cd200000, 0x00000000edc00000)
  object space 63488K, 73% used [0x00000000c9400000,0x00000000cc1e0580,0x00000000cd200000)
 Metaspace       used 22871K, capacity 24510K, committed 24704K, reserved 1071104K
  class space    used 2752K, capacity 3329K, committed 3456K, reserved 1048576K
Event: 6185.471 GC heap after
Heap after GC invocations=211 (full 2):
 PSYoungGen      total 19968K, used 1568K [0x00000000edc00000, 0x00000000ef280000, 0x0000000100000000)
  eden space 16896K, 0% used [0x00000000edc00000,0x00000000edc00000,0x00000000eec80000)
  from space 3072K, 51% used [0x00000000eec80000,0x00000000eee08000,0x00000000eef80000)
  to   space 3072K, 0% used [0x00000000eef80000,0x00000000eef80000,0x00000000ef280000)
 ParOldGen       total 63488K, used 46985K [0x00000000c9400000, 0x00000000cd200000, 0x00000000edc00000)
  object space 63488K, 74% used [0x00000000c9400000,0x00000000cc1e2580,0x00000000cd200000)
 Metaspace       used 22871K, capacity 24510K, committed 24704K, reserved 1071104K
  class space    used 2752K, capacity 3329K, committed 3456K, reserved 1048576K
}
Event: 6196.385 GC heap before
{Heap before GC invocations=212 (full 2):
 PSYoungGen      total 19968K, used 18464K [0x00000000edc00000, 0x00000000ef280000, 0x0000000100000000)
  eden space 16896K, 100% used [0x00000000edc00000,0x00000000eec80000,0x00000000eec80000)
  from space 3072K, 51% used [0x00000000eec80000,0x00000000eee08000,0x00000000eef80000)
  to   space 3072K, 0% used [0x00000000eef80000,0x00000000eef80000,0x00000000ef280000)
 ParOldGen       total 63488K, used 46985K [0x00000000c9400000, 0x00000000cd200000, 0x00000000edc00000)
  object space 63488K, 74% used [0x00000000c9400000,0x00000000cc1e2580,0x00000000cd200000)
 Metaspace       used 22871K, capacity 24510K, committed 24704K, reserved 1071104K
  class space    used 2752K, capacity 3329K, committed 3456K, reserved 1048576K
Event: 6196.392 GC heap after
Heap after GC invocations=212 (full 2):
 PSYoungGen      total 19968K, used 2208K [0x00000000edc00000, 0x00000000ef280000, 0x0000000100000000)
  eden space 16896K, 0% used [0x00000000edc00000,0x00000000edc00000,0x00000000eec80000)
  from space 3072K, 71% used [0x00000000eef80000,0x00000000ef1a8000,0x00000000ef280000)
  to   space 3072K, 0% used [0x00000000eec80000,0x00000000eec80000,0x00000000eef80000)
 ParOldGen       total 63488K, used 46985K [0x00000000c9400000, 0x00000000cd200000, 0x00000000edc00000)
  object space 63488K, 74% used [0x00000000c9400000,0x00000000cc1e2580,0x00000000cd200000)
 Metaspace       used 22871K, capacity 24510K, committed 24704K, reserved 1071104K
  class space    used 2752K, capacity 3329K, committed 3456K, reserved 1048576K
}
Event: 6210.985 GC heap before
{Heap before GC invocations=213 (full 2):
 PSYoungGen      total 19968K, used 19104K [0x00000000edc00000, 0x00000000ef280000, 0x0000000100000000)
  eden space 16896K, 100% used [0x00000000edc00000,0x00000000eec80000,0x00000000eec80000)
  from space 3072K, 71% used [0x00000000eef80000,0x00000000ef1a8000,0x00000000ef280000)
  to   space 3072K, 0% used [0x00000000eec80000,0x00000000eec80000,0x00000000eef80000)
 ParOldGen       total 63488K, used 46985K [0x00000000c9400000, 0x00000000cd200000, 0x00000000edc00000)
  object space 63488K, 74% used [0x00000000c9400000,0x00000000cc1e2580,0x00000000cd200000)
 Metaspace       used 22871K, capacity 24510K, committed 24704K, reserved 1071104K
  class space    used 2752K, capacity 3329K, committed 3456K, reserved 1048576K
Event: 6210.995 GC heap after
Heap after GC invocations=213 (full 2):
 PSYoungGen      total 19968K, used 2912K [0x00000000edc00000, 0x00000000ef380000, 0x0000000100000000)
  eden space 16896K, 0% used [0x00000000edc00000,0x00000000edc00000,0x00000000eec80000)
  from space 3072K, 94% used [0x00000000eec80000,0x00000000eef58000,0x00000000eef80000)
  to   space 3584K, 0% used [0x00000000ef000000,0x00000000ef000000,0x00000000ef380000)
 ParOldGen       total 63488K, used 46993K [0x00000000c9400000, 0x00000000cd200000, 0x00000000edc00000)
  object space 63488K, 74% used [0x00000000c9400000,0x00000000cc1e4580,0x00000000cd200000)
 Metaspace       used 22871K, capacity 24510K, committed 24704K, reserved 1071104K
  class space    used 2752K, capacity 3329K, committed 3456K, reserved 1048576K
}

