# JRE version: Java(TM) SE Runtime Environment (8.0_281-b09) (build 1.8.0_281-b09)
# Java VM: Java HotSpot(TM) 64-Bit Server VM (25.281-b09 mixed mode windows-amd64 compressed oops)
Heap:
 PSYoungGen      total 17408K, used 7833K [0x00000000edc00000, 0x00000000ef280000, 0x0000000100000000)
  eden space 12800K, 48% used [0x00000000edc00000,0x00000000ee2027d0,0x00000000ee880000)
  from space 4608K, 36% used [0x00000000eee00000,0x00000000eefa4010,0x00000000ef280000)
  to   space 5120K, 0% used [0x00000000ee880000,0x00000000ee880000,0x00000000eed80000)
 ParOldGen       total 30208K, used 20485K [0x00000000c9400000, 0x00000000cb180000, 0x00000000edc00000)
  object space 30208K, 67% used [0x00000000c9400000,0x00000000ca801668,0x00000000cb180000)
 Metaspace       used 24117K, capacity 25898K, committed 26624K, reserved 1073152K
  class space    used 2744K, capacity 3302K, committed 3584K, reserved 1048576K
GC Heap History (10 events):
Event: 29368.636 GC heap before
{Heap before GC invocations=5849 (full 17):
 PSYoungGen      total 17408K, used 17408K [0x00000000edc00000, 0x00000000ef300000, 0x0000000100000000)
  eden space 13312K, 100% used [0x00000000edc00000,0x00000000ee900000,0x00000000ee900000)
  from space 4096K, 100% used [0x00000000ee900000,0x00000000eed00000,0x00000000eed00000)
  to   space 5120K, 0% used [0x00000000eee00000,0x00000000eee00000,0x00000000ef300000)
 ParOldGen       total 30208K, used 19765K [0x00000000c9400000, 0x00000000cb180000, 0x00000000edc00000)
  object space 30208K, 65% used [0x00000000c9400000,0x00000000ca74d668,0x00000000cb180000)
 Metaspace       used 23742K, capacity 25226K, committed 26624K, reserved 1073152K
  class space    used 2688K, capacity 3119K, committed 3584K, reserved 1048576K
Event: 29368.653 GC heap after
Heap after GC invocations=5849 (full 17):
 PSYoungGen      total 17920K, used 5072K [0x00000000edc00000, 0x00000000ef400000, 0x0000000100000000)
  eden space 12800K, 0% used [0x00000000edc00000,0x00000000edc00000,0x00000000ee880000)
  from space 5120K, 99% used [0x00000000eee00000,0x00000000ef2f4010,0x00000000ef300000)
  to   space 5632K, 0% used [0x00000000ee880000,0x00000000ee880000,0x00000000eee00000)
 ParOldGen       total 30208K, used 20085K [0x00000000c9400000, 0x00000000cb180000, 0x00000000edc00000)
  object space 30208K, 66% used [0x00000000c9400000,0x00000000ca79d668,0x00000000cb180000)
 Metaspace       used 23742K, capacity 25226K, committed 26624K, reserved 1073152K
  class space    used 2688K, capacity 3119K, committed 3584K, reserved 1048576K
}
Event: 29372.797 GC heap before
{Heap before GC invocations=5850 (full 17):
 PSYoungGen      total 17920K, used 17872K [0x00000000edc00000, 0x00000000ef400000, 0x0000000100000000)
  eden space 12800K, 100% used [0x00000000edc00000,0x00000000ee880000,0x00000000ee880000)
  from space 5120K, 99% used [0x00000000eee00000,0x00000000ef2f4010,0x00000000ef300000)
  to   space 5632K, 0% used [0x00000000ee880000,0x00000000ee880000,0x00000000eee00000)
 ParOldGen       total 30208K, used 20085K [0x00000000c9400000, 0x00000000cb180000, 0x00000000edc00000)
  object space 30208K, 66% used [0x00000000c9400000,0x00000000ca79d668,0x00000000cb180000)
 Metaspace       used 23742K, capacity 25226K, committed 26624K, reserved 1073152K
  class space    used 2688K, capacity 3119K, committed 3584K, reserved 1048576K
Event: 29372.804 GC heap after
Heap after GC invocations=5850 (full 17):
 PSYoungGen      total 18432K, used 2912K [0x00000000edc00000, 0x00000000ef380000, 0x0000000100000000)
  eden space 12800K, 0% used [0x00000000edc00000,0x00000000edc00000,0x00000000ee880000)
  from space 5632K, 51% used [0x00000000ee880000,0x00000000eeb58000,0x00000000eee00000)
  to   space 5632K, 0% used [0x00000000eee00000,0x00000000eee00000,0x00000000ef380000)
 ParOldGen       total 30208K, used 20093K [0x00000000c9400000, 0x00000000cb180000, 0x00000000edc00000)
  object space 30208K, 66% used [0x00000000c9400000,0x00000000ca79f668,0x00000000cb180000)
 Metaspace       used 23742K, capacity 25226K, committed 26624K, reserved 1073152K
  class space    used 2688K, capacity 3119K, committed 3584K, reserved 1048576K
}
Event: 29374.558 GC heap before
{Heap before GC invocations=5851 (full 17):
 PSYoungGen      total 18432K, used 15712K [0x00000000edc00000, 0x00000000ef380000, 0x0000000100000000)
  eden space 12800K, 100% used [0x00000000edc00000,0x00000000ee880000,0x00000000ee880000)
  from space 5632K, 51% used [0x00000000ee880000,0x00000000eeb58000,0x00000000eee00000)
  to   space 5632K, 0% used [0x00000000eee00000,0x00000000eee00000,0x00000000ef380000)
 ParOldGen       total 30208K, used 20093K [0x00000000c9400000, 0x00000000cb180000, 0x00000000edc00000)
  object space 30208K, 66% used [0x00000000c9400000,0x00000000ca79f668,0x00000000cb180000)
 Metaspace       used 23978K, capacity 25616K, committed 26624K, reserved 1073152K
  class space    used 2722K, capacity 3248K, committed 3584K, reserved 1048576K
Event: 29374.563 GC heap after
Heap after GC invocations=5851 (full 17):
 PSYoungGen      total 18432K, used 1515K [0x00000000edc00000, 0x00000000ef380000, 0x0000000100000000)
  eden space 12800K, 0% used [0x00000000edc00000,0x00000000edc00000,0x00000000ee880000)
  from space 5632K, 26% used [0x00000000eee00000,0x00000000eef7ad78,0x00000000ef380000)
  to   space 5632K, 0% used [0x00000000ee880000,0x00000000ee880000,0x00000000eee00000)
 ParOldGen       total 30208K, used 20149K [0x00000000c9400000, 0x00000000cb180000, 0x00000000edc00000)
  object space 30208K, 66% used [0x00000000c9400000,0x00000000ca7ad668,0x00000000cb180000)
 Metaspace       used 23978K, capacity 25616K, committed 26624K, reserved 1073152K
  class space    used 2722K, capacity 3248K, committed 3584K, reserved 1048576K
}
Event: 29383.175 GC heap before
{Heap before GC invocations=5852 (full 17):
 PSYoungGen      total 18432K, used 14315K [0x00000000edc00000, 0x00000000ef380000, 0x0000000100000000)
  eden space 12800K, 100% used [0x00000000edc00000,0x00000000ee880000,0x00000000ee880000)
  from space 5632K, 26% used [0x00000000eee00000,0x00000000eef7ad78,0x00000000ef380000)
  to   space 5632K, 0% used [0x00000000ee880000,0x00000000ee880000,0x00000000eee00000)
 ParOldGen       total 30208K, used 20149K [0x00000000c9400000, 0x00000000cb180000, 0x00000000edc00000)
  object space 30208K, 66% used [0x00000000c9400000,0x00000000ca7ad668,0x00000000cb180000)
 Metaspace       used 24020K, capacity 25680K, committed 26624K, reserved 1073152K
  class space    used 2728K, capacity 3269K, committed 3584K, reserved 1048576K
Event: 29383.179 GC heap after
Heap after GC invocations=5852 (full 17):
 PSYoungGen      total 18432K, used 1952K [0x00000000edc00000, 0x00000000ef380000, 0x0000000100000000)
  eden space 12800K, 0% used [0x00000000edc00000,0x00000000edc00000,0x00000000ee880000)
  from space 5632K, 34% used [0x00000000ee880000,0x00000000eea68000,0x00000000eee00000)
  to   space 5632K, 0% used [0x00000000eee00000,0x00000000eee00000,0x00000000ef380000)
 ParOldGen       total 30208K, used 20381K [0x00000000c9400000, 0x00000000cb180000, 0x00000000edc00000)
  object space 30208K, 67% used [0x00000000c9400000,0x00000000ca7e7668,0x00000000cb180000)
 Metaspace       used 24020K, capacity 25680K, committed 26624K, reserved 1073152K
  class space    used 2728K, capacity 3269K, committed 3584K, reserved 1048576K
}
Event: 29390.718 GC heap before
{Heap before GC invocations=5853 (full 17):
 PSYoungGen      total 18432K, used 14750K [0x00000000edc00000, 0x00000000ef380000, 0x0000000100000000)
  eden space 12800K, 99% used [0x00000000edc00000,0x00000000ee87fac8,0x00000000ee880000)
  from space 5632K, 34% used [0x00000000ee880000,0x00000000eea68000,0x00000000eee00000)
  to   space 5632K, 0% used [0x00000000eee00000,0x00000000eee00000,0x00000000ef380000)
 ParOldGen       total 30208K, used 20381K [0x00000000c9400000, 0x00000000cb180000, 0x00000000edc00000)
  object space 30208K, 67% used [0x00000000c9400000,0x00000000ca7e7668,0x00000000cb180000)
 Metaspace       used 24079K, capacity 25834K, committed 26624K, reserved 1073152K
  class space    used 2740K, capacity 3302K, committed 3584K, reserved 1048576K
Event: 29390.725 GC heap after
Heap after GC invocations=5853 (full 17):
 PSYoungGen      total 17408K, used 1680K [0x00000000edc00000, 0x00000000ef280000, 0x0000000100000000)
  eden space 12800K, 0% used [0x00000000edc00000,0x00000000edc00000,0x00000000ee880000)
  from space 4608K, 36% used [0x00000000eee00000,0x00000000eefa4010,0x00000000ef280000)
  to   space 5120K, 0% used [0x00000000ee880000,0x00000000ee880000,0x00000000eed80000)
 ParOldGen       total 30208K, used 20485K [0x00000000c9400000, 0x00000000cb180000, 0x00000000edc00000)
  object space 30208K, 67% used [0x00000000c9400000,0x00000000ca801668,0x00000000cb180000)
 Metaspace       used 24079K, capacity 25834K, committed 26624K, reserved 1073152K
  class space    used 2740K, capacity 3302K, committed 3584K, reserved 1048576K
}

