# JRE version: Java(TM) SE Runtime Environment (8.0_281-b09) (build 1.8.0_281-b09)
# Java VM: Java HotSpot(TM) 64-Bit Server VM (25.281-b09 mixed mode windows-amd64 compressed oops)
Heap:
 PSYoungGen      total 7168K, used 2996K [0x00000000edc00000, 0x00000000ee400000, 0x0000000100000000)
  eden space 6144K, 35% used [0x00000000edc00000,0x00000000ede25170,0x00000000ee200000)
  from space 1024K, 78% used [0x00000000ee200000,0x00000000ee2c8000,0x00000000ee300000)
  to   space 1024K, 0% used [0x00000000ee300000,0x00000000ee300000,0x00000000ee400000)
 ParOldGen       total 27648K, used 16239K [0x00000000c9400000, 0x00000000caf00000, 0x00000000edc00000)
  object space 27648K, 58% used [0x00000000c9400000,0x00000000ca3dbdf0,0x00000000caf00000)
 Metaspace       used 23225K, capacity 24772K, committed 25776K, reserved 1071104K
  class space    used 2696K, capacity 3170K, committed 3504K, reserved 1048576K
GC Heap History (10 events):
Event: 8908.850 GC heap before
{Heap before GC invocations=2953 (full 10):
 PSYoungGen      total 7168K, used 6816K [0x00000000edc00000, 0x00000000ee400000, 0x0000000100000000)
  eden space 6144K, 100% used [0x00000000edc00000,0x00000000ee200000,0x00000000ee200000)
  from space 1024K, 65% used [0x00000000ee300000,0x00000000ee3a8000,0x00000000ee400000)
  to   space 1024K, 0% used [0x00000000ee200000,0x00000000ee200000,0x00000000ee300000)
 ParOldGen       total 27648K, used 15831K [0x00000000c9400000, 0x00000000caf00000, 0x00000000edc00000)
  object space 27648K, 57% used [0x00000000c9400000,0x00000000ca375df0,0x00000000caf00000)
 Metaspace       used 23186K, capacity 24708K, committed 25520K, reserved 1071104K
  class space    used 2692K, capacity 3170K, committed 3504K, reserved 1048576K
Event: 8908.852 GC heap after
Heap after GC invocations=2953 (full 10):
 PSYoungGen      total 7168K, used 672K [0x00000000edc00000, 0x00000000ee400000, 0x0000000100000000)
  eden space 6144K, 0% used [0x00000000edc00000,0x00000000edc00000,0x00000000ee200000)
  from space 1024K, 65% used [0x00000000ee200000,0x00000000ee2a8000,0x00000000ee300000)
  to   space 1024K, 0% used [0x00000000ee300000,0x00000000ee300000,0x00000000ee400000)
 ParOldGen       total 27648K, used 15943K [0x00000000c9400000, 0x00000000caf00000, 0x00000000edc00000)
  object space 27648K, 57% used [0x00000000c9400000,0x00000000ca391df0,0x00000000caf00000)
 Metaspace       used 23186K, capacity 24708K, committed 25520K, reserved 1071104K
  class space    used 2692K, capacity 3170K, committed 3504K, reserved 1048576K
}
Event: 8909.889 GC heap before
{Heap before GC invocations=2954 (full 10):
 PSYoungGen      total 7168K, used 6809K [0x00000000edc00000, 0x00000000ee400000, 0x0000000100000000)
  eden space 6144K, 99% used [0x00000000edc00000,0x00000000ee1fe788,0x00000000ee200000)
  from space 1024K, 65% used [0x00000000ee200000,0x00000000ee2a8000,0x00000000ee300000)
  to   space 1024K, 0% used [0x00000000ee300000,0x00000000ee300000,0x00000000ee400000)
 ParOldGen       total 27648K, used 15943K [0x00000000c9400000, 0x00000000caf00000, 0x00000000edc00000)
  object space 27648K, 57% used [0x00000000c9400000,0x00000000ca391df0,0x00000000caf00000)
 Metaspace       used 23187K, capacity 24708K, committed 25520K, reserved 1071104K
  class space    used 2692K, capacity 3170K, committed 3504K, reserved 1048576K
Event: 8909.891 GC heap after
Heap after GC invocations=2954 (full 10):
 PSYoungGen      total 7168K, used 384K [0x00000000edc00000, 0x00000000ee400000, 0x0000000100000000)
  eden space 6144K, 0% used [0x00000000edc00000,0x00000000edc00000,0x00000000ee200000)
  from space 1024K, 37% used [0x00000000ee300000,0x00000000ee360000,0x00000000ee400000)
  to   space 1024K, 0% used [0x00000000ee200000,0x00000000ee200000,0x00000000ee300000)
 ParOldGen       total 27648K, used 16079K [0x00000000c9400000, 0x00000000caf00000, 0x00000000edc00000)
  object space 27648K, 58% used [0x00000000c9400000,0x00000000ca3b3df0,0x00000000caf00000)
 Metaspace       used 23187K, capacity 24708K, committed 25520K, reserved 1071104K
  class space    used 2692K, capacity 3170K, committed 3504K, reserved 1048576K
}
Event: 8910.770 GC heap before
{Heap before GC invocations=2955 (full 10):
 PSYoungGen      total 7168K, used 6528K [0x00000000edc00000, 0x00000000ee400000, 0x0000000100000000)
  eden space 6144K, 100% used [0x00000000edc00000,0x00000000ee200000,0x00000000ee200000)
  from space 1024K, 37% used [0x00000000ee300000,0x00000000ee360000,0x00000000ee400000)
  to   space 1024K, 0% used [0x00000000ee200000,0x00000000ee200000,0x00000000ee300000)
 ParOldGen       total 27648K, used 16079K [0x00000000c9400000, 0x00000000caf00000, 0x00000000edc00000)
  object space 27648K, 58% used [0x00000000c9400000,0x00000000ca3b3df0,0x00000000caf00000)
 Metaspace       used 23187K, capacity 24708K, committed 25520K, reserved 1071104K
  class space    used 2692K, capacity 3170K, committed 3504K, reserved 1048576K
Event: 8910.773 GC heap after
Heap after GC invocations=2955 (full 10):
 PSYoungGen      total 7168K, used 288K [0x00000000edc00000, 0x00000000ee400000, 0x0000000100000000)
  eden space 6144K, 0% used [0x00000000edc00000,0x00000000edc00000,0x00000000ee200000)
  from space 1024K, 28% used [0x00000000ee200000,0x00000000ee248000,0x00000000ee300000)
  to   space 1024K, 0% used [0x00000000ee300000,0x00000000ee300000,0x00000000ee400000)
 ParOldGen       total 27648K, used 16159K [0x00000000c9400000, 0x00000000caf00000, 0x00000000edc00000)
  object space 27648K, 58% used [0x00000000c9400000,0x00000000ca3c7df0,0x00000000caf00000)
 Metaspace       used 23187K, capacity 24708K, committed 25520K, reserved 1071104K
  class space    used 2692K, capacity 3170K, committed 3504K, reserved 1048576K
}
Event: 8912.172 GC heap before
{Heap before GC invocations=2956 (full 10):
 PSYoungGen      total 7168K, used 6432K [0x00000000edc00000, 0x00000000ee400000, 0x0000000100000000)
  eden space 6144K, 100% used [0x00000000edc00000,0x00000000ee200000,0x00000000ee200000)
  from space 1024K, 28% used [0x00000000ee200000,0x00000000ee248000,0x00000000ee300000)
  to   space 1024K, 0% used [0x00000000ee300000,0x00000000ee300000,0x00000000ee400000)
 ParOldGen       total 27648K, used 16159K [0x00000000c9400000, 0x00000000caf00000, 0x00000000edc00000)
  object space 27648K, 58% used [0x00000000c9400000,0x00000000ca3c7df0,0x00000000caf00000)
 Metaspace       used 23187K, capacity 24708K, committed 25520K, reserved 1071104K
  class space    used 2692K, capacity 3170K, committed 3504K, reserved 1048576K
Event: 8912.174 GC heap after
Heap after GC invocations=2956 (full 10):
 PSYoungGen      total 7168K, used 384K [0x00000000edc00000, 0x00000000ee400000, 0x0000000100000000)
  eden space 6144K, 0% used [0x00000000edc00000,0x00000000edc00000,0x00000000ee200000)
  from space 1024K, 37% used [0x00000000ee300000,0x00000000ee360000,0x00000000ee400000)
  to   space 1024K, 0% used [0x00000000ee200000,0x00000000ee200000,0x00000000ee300000)
 ParOldGen       total 27648K, used 16167K [0x00000000c9400000, 0x00000000caf00000, 0x00000000edc00000)
  object space 27648K, 58% used [0x00000000c9400000,0x00000000ca3c9df0,0x00000000caf00000)
 Metaspace       used 23187K, capacity 24708K, committed 25520K, reserved 1071104K
  class space    used 2692K, capacity 3170K, committed 3504K, reserved 1048576K
}
Event: 8915.890 GC heap before
{Heap before GC invocations=2957 (full 10):
 PSYoungGen      total 7168K, used 6528K [0x00000000edc00000, 0x00000000ee400000, 0x0000000100000000)
  eden space 6144K, 100% used [0x00000000edc00000,0x00000000ee200000,0x00000000ee200000)
  from space 1024K, 37% used [0x00000000ee300000,0x00000000ee360000,0x00000000ee400000)
  to   space 1024K, 0% used [0x00000000ee200000,0x00000000ee200000,0x00000000ee300000)
 ParOldGen       total 27648K, used 16167K [0x00000000c9400000, 0x00000000caf00000, 0x00000000edc00000)
  object space 27648K, 58% used [0x00000000c9400000,0x00000000ca3c9df0,0x00000000caf00000)
 Metaspace       used 23187K, capacity 24708K, committed 25520K, reserved 1071104K
  class space    used 2692K, capacity 3170K, committed 3504K, reserved 1048576K
Event: 8915.892 GC heap after
Heap after GC invocations=2957 (full 10):
 PSYoungGen      total 7168K, used 800K [0x00000000edc00000, 0x00000000ee400000, 0x0000000100000000)
  eden space 6144K, 0% used [0x00000000edc00000,0x00000000edc00000,0x00000000ee200000)
  from space 1024K, 78% used [0x00000000ee200000,0x00000000ee2c8000,0x00000000ee300000)
  to   space 1024K, 0% used [0x00000000ee300000,0x00000000ee300000,0x00000000ee400000)
 ParOldGen       total 27648K, used 16239K [0x00000000c9400000, 0x00000000caf00000, 0x00000000edc00000)
  object space 27648K, 58% used [0x00000000c9400000,0x00000000ca3dbdf0,0x00000000caf00000)
 Metaspace       used 23187K, capacity 24708K, committed 25520K, reserved 1071104K
  class space    used 2692K, capacity 3170K, committed 3504K, reserved 1048576K
}

