# JRE version: Java(TM) SE Runtime Environment (8.0_281-b09) (build 1.8.0_281-b09)
# Java VM: Java HotSpot(TM) 64-Bit Server VM (25.281-b09 mixed mode windows-amd64 compressed oops)
Heap:
 PSYoungGen      total 10752K, used 2608K [0x00000000edc00000, 0x00000000ee980000, 0x0000000100000000)
  eden space 7680K, 8% used [0x00000000edc00000,0x00000000edca4008,0x00000000ee380000)
  from space 3072K, 63% used [0x00000000ee380000,0x00000000ee568000,0x00000000ee680000)
  to   space 3072K, 0% used [0x00000000ee680000,0x00000000ee680000,0x00000000ee980000)
 ParOldGen       total 80384K, used 65990K [0x00000000c9400000, 0x00000000ce280000, 0x00000000edc00000)
  object space 80384K, 82% used [0x00000000c9400000,0x00000000cd471a80,0x00000000ce280000)
 Metaspace       used 26202K, capacity 30000K, committed 30208K, reserved 1075200K
  class space    used 3176K, capacity 4796K, committed 4864K, reserved 1048576K
GC Heap History (10 events):
Event: 6893.441 GC heap before
{Heap before GC invocations=477 (full 2):
 PSYoungGen      total 10752K, used 9696K [0x00000000edc00000, 0x00000000eeb00000, 0x0000000100000000)
  eden space 7680K, 100% used [0x00000000edc00000,0x00000000ee380000,0x00000000ee380000)
  from space 3072K, 65% used [0x00000000ee700000,0x00000000ee8f8000,0x00000000eea00000)
  to   space 3584K, 0% used [0x00000000ee380000,0x00000000ee380000,0x00000000ee700000)
 ParOldGen       total 80384K, used 65966K [0x00000000c9400000, 0x00000000ce280000, 0x00000000edc00000)
  object space 80384K, 82% used [0x00000000c9400000,0x00000000cd46ba80,0x00000000ce280000)
 Metaspace       used 26190K, capacity 30000K, committed 30208K, reserved 1075200K
  class space    used 3174K, capacity 4796K, committed 4864K, reserved 1048576K
Event: 6893.451 GC heap after
Heap after GC invocations=477 (full 2):
 PSYoungGen      total 11264K, used 1856K [0x00000000edc00000, 0x00000000eea80000, 0x0000000100000000)
  eden space 7680K, 0% used [0x00000000edc00000,0x00000000edc00000,0x00000000ee380000)
  from space 3584K, 51% used [0x00000000ee380000,0x00000000ee550000,0x00000000ee700000)
  to   space 3584K, 0% used [0x00000000ee700000,0x00000000ee700000,0x00000000eea80000)
 ParOldGen       total 80384K, used 65990K [0x00000000c9400000, 0x00000000ce280000, 0x00000000edc00000)
  object space 80384K, 82% used [0x00000000c9400000,0x00000000cd471a80,0x00000000ce280000)
 Metaspace       used 26190K, capacity 30000K, committed 30208K, reserved 1075200K
  class space    used 3174K, capacity 4796K, committed 4864K, reserved 1048576K
}
Event: 6903.921 GC heap before
{Heap before GC invocations=478 (full 2):
 PSYoungGen      total 11264K, used 9536K [0x00000000edc00000, 0x00000000eea80000, 0x0000000100000000)
  eden space 7680K, 100% used [0x00000000edc00000,0x00000000ee380000,0x00000000ee380000)
  from space 3584K, 51% used [0x00000000ee380000,0x00000000ee550000,0x00000000ee700000)
  to   space 3584K, 0% used [0x00000000ee700000,0x00000000ee700000,0x00000000eea80000)
 ParOldGen       total 80384K, used 65990K [0x00000000c9400000, 0x00000000ce280000, 0x00000000edc00000)
  object space 80384K, 82% used [0x00000000c9400000,0x00000000cd471a80,0x00000000ce280000)
 Metaspace       used 26190K, capacity 30000K, committed 30208K, reserved 1075200K
  class space    used 3174K, capacity 4796K, committed 4864K, reserved 1048576K
Event: 6903.927 GC heap after
Heap after GC invocations=478 (full 2):
 PSYoungGen      total 11264K, used 1888K [0x00000000edc00000, 0x00000000eea80000, 0x0000000100000000)
  eden space 7680K, 0% used [0x00000000edc00000,0x00000000edc00000,0x00000000ee380000)
  from space 3584K, 52% used [0x00000000ee700000,0x00000000ee8d8000,0x00000000eea80000)
  to   space 3584K, 0% used [0x00000000ee380000,0x00000000ee380000,0x00000000ee700000)
 ParOldGen       total 80384K, used 65990K [0x00000000c9400000, 0x00000000ce280000, 0x00000000edc00000)
  object space 80384K, 82% used [0x00000000c9400000,0x00000000cd471a80,0x00000000ce280000)
 Metaspace       used 26190K, capacity 30000K, committed 30208K, reserved 1075200K
  class space    used 3174K, capacity 4796K, committed 4864K, reserved 1048576K
}
Event: 6913.846 GC heap before
{Heap before GC invocations=479 (full 2):
 PSYoungGen      total 11264K, used 9568K [0x00000000edc00000, 0x00000000eea80000, 0x0000000100000000)
  eden space 7680K, 100% used [0x00000000edc00000,0x00000000ee380000,0x00000000ee380000)
  from space 3584K, 52% used [0x00000000ee700000,0x00000000ee8d8000,0x00000000eea80000)
  to   space 3584K, 0% used [0x00000000ee380000,0x00000000ee380000,0x00000000ee700000)
 ParOldGen       total 80384K, used 65990K [0x00000000c9400000, 0x00000000ce280000, 0x00000000edc00000)
  object space 80384K, 82% used [0x00000000c9400000,0x00000000cd471a80,0x00000000ce280000)
 Metaspace       used 26190K, capacity 30000K, committed 30208K, reserved 1075200K
  class space    used 3174K, capacity 4796K, committed 4864K, reserved 1048576K
Event: 6913.853 GC heap after
Heap after GC invocations=479 (full 2):
 PSYoungGen      total 11264K, used 1856K [0x00000000edc00000, 0x00000000eea80000, 0x0000000100000000)
  eden space 7680K, 0% used [0x00000000edc00000,0x00000000edc00000,0x00000000ee380000)
  from space 3584K, 51% used [0x00000000ee380000,0x00000000ee550000,0x00000000ee700000)
  to   space 3584K, 0% used [0x00000000ee700000,0x00000000ee700000,0x00000000eea80000)
 ParOldGen       total 80384K, used 65990K [0x00000000c9400000, 0x00000000ce280000, 0x00000000edc00000)
  object space 80384K, 82% used [0x00000000c9400000,0x00000000cd471a80,0x00000000ce280000)
 Metaspace       used 26190K, capacity 30000K, committed 30208K, reserved 1075200K
  class space    used 3174K, capacity 4796K, committed 4864K, reserved 1048576K
}
Event: 6919.481 GC heap before
{Heap before GC invocations=480 (full 2):
 PSYoungGen      total 11264K, used 9536K [0x00000000edc00000, 0x00000000eea80000, 0x0000000100000000)
  eden space 7680K, 100% used [0x00000000edc00000,0x00000000ee380000,0x00000000ee380000)
  from space 3584K, 51% used [0x00000000ee380000,0x00000000ee550000,0x00000000ee700000)
  to   space 3584K, 0% used [0x00000000ee700000,0x00000000ee700000,0x00000000eea80000)
 ParOldGen       total 80384K, used 65990K [0x00000000c9400000, 0x00000000ce280000, 0x00000000edc00000)
  object space 80384K, 82% used [0x00000000c9400000,0x00000000cd471a80,0x00000000ce280000)
 Metaspace       used 26190K, capacity 30000K, committed 30208K, reserved 1075200K
  class space    used 3174K, capacity 4796K, committed 4864K, reserved 1048576K
Event: 6919.484 GC heap after
Heap after GC invocations=480 (full 2):
 PSYoungGen      total 10240K, used 1184K [0x00000000edc00000, 0x00000000ee980000, 0x0000000100000000)
  eden space 7680K, 0% used [0x00000000edc00000,0x00000000edc00000,0x00000000ee380000)
  from space 2560K, 46% used [0x00000000ee700000,0x00000000ee828000,0x00000000ee980000)
  to   space 3072K, 0% used [0x00000000ee380000,0x00000000ee380000,0x00000000ee680000)
 ParOldGen       total 80384K, used 65990K [0x00000000c9400000, 0x00000000ce280000, 0x00000000edc00000)
  object space 80384K, 82% used [0x00000000c9400000,0x00000000cd471a80,0x00000000ce280000)
 Metaspace       used 26190K, capacity 30000K, committed 30208K, reserved 1075200K
  class space    used 3174K, capacity 4796K, committed 4864K, reserved 1048576K
}
Event: 6929.464 GC heap before
{Heap before GC invocations=481 (full 2):
 PSYoungGen      total 10240K, used 8864K [0x00000000edc00000, 0x00000000ee980000, 0x0000000100000000)
  eden space 7680K, 100% used [0x00000000edc00000,0x00000000ee380000,0x00000000ee380000)
  from space 2560K, 46% used [0x00000000ee700000,0x00000000ee828000,0x00000000ee980000)
  to   space 3072K, 0% used [0x00000000ee380000,0x00000000ee380000,0x00000000ee680000)
 ParOldGen       total 80384K, used 65990K [0x00000000c9400000, 0x00000000ce280000, 0x00000000edc00000)
  object space 80384K, 82% used [0x00000000c9400000,0x00000000cd471a80,0x00000000ce280000)
 Metaspace       used 26190K, capacity 30000K, committed 30208K, reserved 1075200K
  class space    used 3174K, capacity 4796K, committed 4864K, reserved 1048576K
Event: 6929.589 GC heap after
Heap after GC invocations=481 (full 2):
 PSYoungGen      total 10752K, used 1952K [0x00000000edc00000, 0x00000000ee980000, 0x0000000100000000)
  eden space 7680K, 0% used [0x00000000edc00000,0x00000000edc00000,0x00000000ee380000)
  from space 3072K, 63% used [0x00000000ee380000,0x00000000ee568000,0x00000000ee680000)
  to   space 3072K, 0% used [0x00000000ee680000,0x00000000ee680000,0x00000000ee980000)
 ParOldGen       total 80384K, used 65990K [0x00000000c9400000, 0x00000000ce280000, 0x00000000edc00000)
  object space 80384K, 82% used [0x00000000c9400000,0x00000000cd471a80,0x00000000ce280000)
 Metaspace       used 26190K, capacity 30000K, committed 30208K, reserved 1075200K
  class space    used 3174K, capacity 4796K, committed 4864K, reserved 1048576K
}

