# JRE version: Java(TM) SE Runtime Environment (8.0_281-b09) (build 1.8.0_281-b09)
# Java VM: Java HotSpot(TM) 64-Bit Server VM (25.281-b09 mixed mode windows-amd64 compressed oops)
Heap:
 PSYoungGen      total 5632K, used 3457K [0x00000000edc00000, 0x00000000ee280000, 0x0000000100000000)
  eden space 4608K, 63% used [0x00000000edc00000,0x00000000eded8460,0x00000000ee080000)
  from space 1024K, 53% used [0x00000000ee180000,0x00000000ee208000,0x00000000ee280000)
  to   space 1024K, 0% used [0x00000000ee080000,0x00000000ee080000,0x00000000ee180000)
 ParOldGen       total 27648K, used 15957K [0x00000000c9400000, 0x00000000caf00000, 0x00000000edc00000)
  object space 27648K, 57% used [0x00000000c9400000,0x00000000ca3954d0,0x00000000caf00000)
 Metaspace       used 23833K, capacity 25180K, committed 28848K, reserved 1073152K
  class space    used 2684K, capacity 3066K, committed 4272K, reserved 1048576K
GC Heap History (10 events):
Event: 18739.305 GC heap before
{Heap before GC invocations=4232 (full 12):
 PSYoungGen      total 5632K, used 4960K [0x00000000edc00000, 0x00000000ee280000, 0x0000000100000000)
  eden space 4608K, 100% used [0x00000000edc00000,0x00000000ee080000,0x00000000ee080000)
  from space 1024K, 34% used [0x00000000ee080000,0x00000000ee0d8000,0x00000000ee180000)
  to   space 1024K, 0% used [0x00000000ee180000,0x00000000ee180000,0x00000000ee280000)
 ParOldGen       total 27648K, used 15701K [0x00000000c9400000, 0x00000000caf00000, 0x00000000edc00000)
  object space 27648K, 56% used [0x00000000c9400000,0x00000000ca3554d0,0x00000000caf00000)
 Metaspace       used 23764K, capacity 25056K, committed 28848K, reserved 1073152K
  class space    used 2675K, capacity 3046K, committed 4272K, reserved 1048576K
Event: 18739.307 GC heap after
Heap after GC invocations=4232 (full 12):
 PSYoungGen      total 5632K, used 320K [0x00000000edc00000, 0x00000000ee280000, 0x0000000100000000)
  eden space 4608K, 0% used [0x00000000edc00000,0x00000000edc00000,0x00000000ee080000)
  from space 1024K, 31% used [0x00000000ee180000,0x00000000ee1d0000,0x00000000ee280000)
  to   space 1024K, 0% used [0x00000000ee080000,0x00000000ee080000,0x00000000ee180000)
 ParOldGen       total 27648K, used 15701K [0x00000000c9400000, 0x00000000caf00000, 0x00000000edc00000)
  object space 27648K, 56% used [0x00000000c9400000,0x00000000ca3554d0,0x00000000caf00000)
 Metaspace       used 23764K, capacity 25056K, committed 28848K, reserved 1073152K
  class space    used 2675K, capacity 3046K, committed 4272K, reserved 1048576K
}
Event: 18740.365 GC heap before
{Heap before GC invocations=4233 (full 12):
 PSYoungGen      total 5632K, used 4928K [0x00000000edc00000, 0x00000000ee280000, 0x0000000100000000)
  eden space 4608K, 100% used [0x00000000edc00000,0x00000000ee080000,0x00000000ee080000)
  from space 1024K, 31% used [0x00000000ee180000,0x00000000ee1d0000,0x00000000ee280000)
  to   space 1024K, 0% used [0x00000000ee080000,0x00000000ee080000,0x00000000ee180000)
 ParOldGen       total 27648K, used 15701K [0x00000000c9400000, 0x00000000caf00000, 0x00000000edc00000)
  object space 27648K, 56% used [0x00000000c9400000,0x00000000ca3554d0,0x00000000caf00000)
 Metaspace       used 23780K, capacity 25086K, committed 28848K, reserved 1073152K
  class space    used 2677K, capacity 3056K, committed 4272K, reserved 1048576K
Event: 18740.367 GC heap after
Heap after GC invocations=4233 (full 12):
 PSYoungGen      total 5632K, used 320K [0x00000000edc00000, 0x00000000ee280000, 0x0000000100000000)
  eden space 4608K, 0% used [0x00000000edc00000,0x00000000edc00000,0x00000000ee080000)
  from space 1024K, 31% used [0x00000000ee080000,0x00000000ee0d0000,0x00000000ee180000)
  to   space 1024K, 0% used [0x00000000ee180000,0x00000000ee180000,0x00000000ee280000)
 ParOldGen       total 27648K, used 15701K [0x00000000c9400000, 0x00000000caf00000, 0x00000000edc00000)
  object space 27648K, 56% used [0x00000000c9400000,0x00000000ca3554d0,0x00000000caf00000)
 Metaspace       used 23780K, capacity 25086K, committed 28848K, reserved 1073152K
  class space    used 2677K, capacity 3056K, committed 4272K, reserved 1048576K
}
Event: 18741.706 GC heap before
{Heap before GC invocations=4234 (full 12):
 PSYoungGen      total 5632K, used 4928K [0x00000000edc00000, 0x00000000ee280000, 0x0000000100000000)
  eden space 4608K, 100% used [0x00000000edc00000,0x00000000ee080000,0x00000000ee080000)
  from space 1024K, 31% used [0x00000000ee080000,0x00000000ee0d0000,0x00000000ee180000)
  to   space 1024K, 0% used [0x00000000ee180000,0x00000000ee180000,0x00000000ee280000)
 ParOldGen       total 27648K, used 15701K [0x00000000c9400000, 0x00000000caf00000, 0x00000000edc00000)
  object space 27648K, 56% used [0x00000000c9400000,0x00000000ca3554d0,0x00000000caf00000)
 Metaspace       used 23795K, capacity 25116K, committed 28848K, reserved 1073152K
  class space    used 2680K, capacity 3066K, committed 4272K, reserved 1048576K
Event: 18741.708 GC heap after
Heap after GC invocations=4234 (full 12):
 PSYoungGen      total 5632K, used 416K [0x00000000edc00000, 0x00000000ee280000, 0x0000000100000000)
  eden space 4608K, 0% used [0x00000000edc00000,0x00000000edc00000,0x00000000ee080000)
  from space 1024K, 40% used [0x00000000ee180000,0x00000000ee1e8000,0x00000000ee280000)
  to   space 1024K, 0% used [0x00000000ee080000,0x00000000ee080000,0x00000000ee180000)
 ParOldGen       total 27648K, used 15733K [0x00000000c9400000, 0x00000000caf00000, 0x00000000edc00000)
  object space 27648K, 56% used [0x00000000c9400000,0x00000000ca35d4d0,0x00000000caf00000)
 Metaspace       used 23795K, capacity 25116K, committed 28848K, reserved 1073152K
  class space    used 2680K, capacity 3066K, committed 4272K, reserved 1048576K
}
Event: 18744.064 GC heap before
{Heap before GC invocations=4235 (full 12):
 PSYoungGen      total 5632K, used 5024K [0x00000000edc00000, 0x00000000ee280000, 0x0000000100000000)
  eden space 4608K, 100% used [0x00000000edc00000,0x00000000ee080000,0x00000000ee080000)
  from space 1024K, 40% used [0x00000000ee180000,0x00000000ee1e8000,0x00000000ee280000)
  to   space 1024K, 0% used [0x00000000ee080000,0x00000000ee080000,0x00000000ee180000)
 ParOldGen       total 27648K, used 15733K [0x00000000c9400000, 0x00000000caf00000, 0x00000000edc00000)
  object space 27648K, 56% used [0x00000000c9400000,0x00000000ca35d4d0,0x00000000caf00000)
 Metaspace       used 23795K, capacity 25116K, committed 28848K, reserved 1073152K
  class space    used 2680K, capacity 3066K, committed 4272K, reserved 1048576K
Event: 18744.077 GC heap after
Heap after GC invocations=4235 (full 12):
 PSYoungGen      total 5632K, used 544K [0x00000000edc00000, 0x00000000ee280000, 0x0000000100000000)
  eden space 4608K, 0% used [0x00000000edc00000,0x00000000edc00000,0x00000000ee080000)
  from space 1024K, 53% used [0x00000000ee080000,0x00000000ee108000,0x00000000ee180000)
  to   space 1024K, 0% used [0x00000000ee180000,0x00000000ee180000,0x00000000ee280000)
 ParOldGen       total 27648K, used 15837K [0x00000000c9400000, 0x00000000caf00000, 0x00000000edc00000)
  object space 27648K, 57% used [0x00000000c9400000,0x00000000ca3774d0,0x00000000caf00000)
 Metaspace       used 23795K, capacity 25116K, committed 28848K, reserved 1073152K
  class space    used 2680K, capacity 3066K, committed 4272K, reserved 1048576K
}
Event: 18746.905 GC heap before
{Heap before GC invocations=4236 (full 12):
 PSYoungGen      total 5632K, used 5152K [0x00000000edc00000, 0x00000000ee280000, 0x0000000100000000)
  eden space 4608K, 100% used [0x00000000edc00000,0x00000000ee080000,0x00000000ee080000)
  from space 1024K, 53% used [0x00000000ee080000,0x00000000ee108000,0x00000000ee180000)
  to   space 1024K, 0% used [0x00000000ee180000,0x00000000ee180000,0x00000000ee280000)
 ParOldGen       total 27648K, used 15837K [0x00000000c9400000, 0x00000000caf00000, 0x00000000edc00000)
  object space 27648K, 57% used [0x00000000c9400000,0x00000000ca3774d0,0x00000000caf00000)
 Metaspace       used 23795K, capacity 25116K, committed 28848K, reserved 1073152K
  class space    used 2680K, capacity 3066K, committed 4272K, reserved 1048576K
Event: 18746.908 GC heap after
Heap after GC invocations=4236 (full 12):
 PSYoungGen      total 5632K, used 544K [0x00000000edc00000, 0x00000000ee280000, 0x0000000100000000)
  eden space 4608K, 0% used [0x00000000edc00000,0x00000000edc00000,0x00000000ee080000)
  from space 1024K, 53% used [0x00000000ee180000,0x00000000ee208000,0x00000000ee280000)
  to   space 1024K, 0% used [0x00000000ee080000,0x00000000ee080000,0x00000000ee180000)
 ParOldGen       total 27648K, used 15957K [0x00000000c9400000, 0x00000000caf00000, 0x00000000edc00000)
  object space 27648K, 57% used [0x00000000c9400000,0x00000000ca3954d0,0x00000000caf00000)
 Metaspace       used 23795K, capacity 25116K, committed 28848K, reserved 1073152K
  class space    used 2680K, capacity 3066K, committed 4272K, reserved 1048576K
}

