# JRE version: Java(TM) SE Runtime Environment (8.0_281-b09) (build 1.8.0_281-b09)
# Java VM: Java HotSpot(TM) 64-Bit Server VM (25.281-b09 mixed mode windows-amd64 compressed oops)
Heap:
 PSYoungGen      total 10240K, used 5257K [0x00000000edc00000, 0x00000000ee780000, 0x0000000100000000)
  eden space 8704K, 52% used [0x00000000edc00000,0x00000000ee076600,0x00000000ee480000)
  from space 1536K, 44% used [0x00000000ee600000,0x00000000ee6ac010,0x00000000ee780000)
  to   space 1536K, 0% used [0x00000000ee480000,0x00000000ee480000,0x00000000ee600000)
 ParOldGen       total 69120K, used 58348K [0x00000000c9400000, 0x00000000cd780000, 0x00000000edc00000)
  object space 69120K, 84% used [0x00000000c9400000,0x00000000cccfb2f8,0x00000000cd780000)
 Metaspace       used 24270K, capacity 26568K, committed 26880K, reserved 1073152K
  class space    used 2890K, capacity 3690K, committed 3840K, reserved 1048576K
GC Heap History (10 events):
Event: 7732.432 GC heap before
{Heap before GC invocations=432 (full 2):
 PSYoungGen      total 10240K, used 9824K [0x00000000edc00000, 0x00000000ee800000, 0x0000000100000000)
  eden space 9216K, 100% used [0x00000000edc00000,0x00000000ee500000,0x00000000ee500000)
  from space 1024K, 59% used [0x00000000ee500000,0x00000000ee598000,0x00000000ee600000)
  to   space 1536K, 0% used [0x00000000ee680000,0x00000000ee680000,0x00000000ee800000)
 ParOldGen       total 69120K, used 58284K [0x00000000c9400000, 0x00000000cd780000, 0x00000000edc00000)
  object space 69120K, 84% used [0x00000000c9400000,0x00000000ccceb2f8,0x00000000cd780000)
 Metaspace       used 24240K, capacity 26494K, committed 26880K, reserved 1073152K
  class space    used 2887K, capacity 3689K, committed 3840K, reserved 1048576K
Event: 7732.435 GC heap after
Heap after GC invocations=432 (full 2):
 PSYoungGen      total 10752K, used 640K [0x00000000edc00000, 0x00000000ee800000, 0x0000000100000000)
  eden space 9216K, 0% used [0x00000000edc00000,0x00000000edc00000,0x00000000ee500000)
  from space 1536K, 41% used [0x00000000ee680000,0x00000000ee720000,0x00000000ee800000)
  to   space 1536K, 0% used [0x00000000ee500000,0x00000000ee500000,0x00000000ee680000)
 ParOldGen       total 69120K, used 58292K [0x00000000c9400000, 0x00000000cd780000, 0x00000000edc00000)
  object space 69120K, 84% used [0x00000000c9400000,0x00000000ccced2f8,0x00000000cd780000)
 Metaspace       used 24240K, capacity 26494K, committed 26880K, reserved 1073152K
  class space    used 2887K, capacity 3689K, committed 3840K, reserved 1048576K
}
Event: 7737.232 GC heap before
{Heap before GC invocations=433 (full 2):
 PSYoungGen      total 10752K, used 9856K [0x00000000edc00000, 0x00000000ee800000, 0x0000000100000000)
  eden space 9216K, 100% used [0x00000000edc00000,0x00000000ee500000,0x00000000ee500000)
  from space 1536K, 41% used [0x00000000ee680000,0x00000000ee720000,0x00000000ee800000)
  to   space 1536K, 0% used [0x00000000ee500000,0x00000000ee500000,0x00000000ee680000)
 ParOldGen       total 69120K, used 58292K [0x00000000c9400000, 0x00000000cd780000, 0x00000000edc00000)
  object space 69120K, 84% used [0x00000000c9400000,0x00000000ccced2f8,0x00000000cd780000)
 Metaspace       used 24241K, capacity 26496K, committed 26880K, reserved 1073152K
  class space    used 2888K, capacity 3690K, committed 3840K, reserved 1048576K
Event: 7737.236 GC heap after
Heap after GC invocations=433 (full 2):
 PSYoungGen      total 10752K, used 1088K [0x00000000edc00000, 0x00000000ee800000, 0x0000000100000000)
  eden space 9216K, 0% used [0x00000000edc00000,0x00000000edc00000,0x00000000ee500000)
  from space 1536K, 70% used [0x00000000ee500000,0x00000000ee610000,0x00000000ee680000)
  to   space 1536K, 0% used [0x00000000ee680000,0x00000000ee680000,0x00000000ee800000)
 ParOldGen       total 69120K, used 58300K [0x00000000c9400000, 0x00000000cd780000, 0x00000000edc00000)
  object space 69120K, 84% used [0x00000000c9400000,0x00000000cccef2f8,0x00000000cd780000)
 Metaspace       used 24241K, capacity 26496K, committed 26880K, reserved 1073152K
  class space    used 2888K, capacity 3690K, committed 3840K, reserved 1048576K
}
Event: 7741.392 GC heap before
{Heap before GC invocations=434 (full 2):
 PSYoungGen      total 10752K, used 10304K [0x00000000edc00000, 0x00000000ee800000, 0x0000000100000000)
  eden space 9216K, 100% used [0x00000000edc00000,0x00000000ee500000,0x00000000ee500000)
  from space 1536K, 70% used [0x00000000ee500000,0x00000000ee610000,0x00000000ee680000)
  to   space 1536K, 0% used [0x00000000ee680000,0x00000000ee680000,0x00000000ee800000)
 ParOldGen       total 69120K, used 58300K [0x00000000c9400000, 0x00000000cd780000, 0x00000000edc00000)
  object space 69120K, 84% used [0x00000000c9400000,0x00000000cccef2f8,0x00000000cd780000)
 Metaspace       used 24241K, capacity 26496K, committed 26880K, reserved 1073152K
  class space    used 2888K, capacity 3690K, committed 3840K, reserved 1048576K
Event: 7741.396 GC heap after
Heap after GC invocations=434 (full 2):
 PSYoungGen      total 10240K, used 1056K [0x00000000edc00000, 0x00000000ee900000, 0x0000000100000000)
  eden space 8704K, 0% used [0x00000000edc00000,0x00000000edc00000,0x00000000ee480000)
  from space 1536K, 68% used [0x00000000ee680000,0x00000000ee788000,0x00000000ee800000)
  to   space 2048K, 0% used [0x00000000ee480000,0x00000000ee480000,0x00000000ee680000)
 ParOldGen       total 69120K, used 58300K [0x00000000c9400000, 0x00000000cd780000, 0x00000000edc00000)
  object space 69120K, 84% used [0x00000000c9400000,0x00000000cccef2f8,0x00000000cd780000)
 Metaspace       used 24241K, capacity 26496K, committed 26880K, reserved 1073152K
  class space    used 2888K, capacity 3690K, committed 3840K, reserved 1048576K
}
Event: 7743.351 GC heap before
{Heap before GC invocations=435 (full 2):
 PSYoungGen      total 10240K, used 9750K [0x00000000edc00000, 0x00000000ee900000, 0x0000000100000000)
  eden space 8704K, 99% used [0x00000000edc00000,0x00000000ee47db18,0x00000000ee480000)
  from space 1536K, 68% used [0x00000000ee680000,0x00000000ee788000,0x00000000ee800000)
  to   space 2048K, 0% used [0x00000000ee480000,0x00000000ee480000,0x00000000ee680000)
 ParOldGen       total 69120K, used 58300K [0x00000000c9400000, 0x00000000cd780000, 0x00000000edc00000)
  object space 69120K, 84% used [0x00000000c9400000,0x00000000cccef2f8,0x00000000cd780000)
 Metaspace       used 24241K, capacity 26496K, committed 26880K, reserved 1073152K
  class space    used 2888K, capacity 3690K, committed 3840K, reserved 1048576K
Event: 7743.357 GC heap after
Heap after GC invocations=435 (full 2):
 PSYoungGen      total 9728K, used 608K [0x00000000edc00000, 0x00000000ee780000, 0x0000000100000000)
  eden space 8704K, 0% used [0x00000000edc00000,0x00000000edc00000,0x00000000ee480000)
  from space 1024K, 59% used [0x00000000ee480000,0x00000000ee518000,0x00000000ee580000)
  to   space 1536K, 0% used [0x00000000ee600000,0x00000000ee600000,0x00000000ee780000)
 ParOldGen       total 69120K, used 58324K [0x00000000c9400000, 0x00000000cd780000, 0x00000000edc00000)
  object space 69120K, 84% used [0x00000000c9400000,0x00000000cccf52f8,0x00000000cd780000)
 Metaspace       used 24241K, capacity 26496K, committed 26880K, reserved 1073152K
  class space    used 2888K, capacity 3690K, committed 3840K, reserved 1048576K
}
Event: 7745.353 GC heap before
{Heap before GC invocations=436 (full 2):
 PSYoungGen      total 9728K, used 9312K [0x00000000edc00000, 0x00000000ee780000, 0x0000000100000000)
  eden space 8704K, 100% used [0x00000000edc00000,0x00000000ee480000,0x00000000ee480000)
  from space 1024K, 59% used [0x00000000ee480000,0x00000000ee518000,0x00000000ee580000)
  to   space 1536K, 0% used [0x00000000ee600000,0x00000000ee600000,0x00000000ee780000)
 ParOldGen       total 69120K, used 58324K [0x00000000c9400000, 0x00000000cd780000, 0x00000000edc00000)
  object space 69120K, 84% used [0x00000000c9400000,0x00000000cccf52f8,0x00000000cd780000)
 Metaspace       used 24242K, capacity 26500K, committed 26880K, reserved 1073152K
  class space    used 2888K, capacity 3690K, committed 3840K, reserved 1048576K
Event: 7745.367 GC heap after
Heap after GC invocations=436 (full 2):
 PSYoungGen      total 10240K, used 688K [0x00000000edc00000, 0x00000000ee780000, 0x0000000100000000)
  eden space 8704K, 0% used [0x00000000edc00000,0x00000000edc00000,0x00000000ee480000)
  from space 1536K, 44% used [0x00000000ee600000,0x00000000ee6ac010,0x00000000ee780000)
  to   space 1536K, 0% used [0x00000000ee480000,0x00000000ee480000,0x00000000ee600000)
 ParOldGen       total 69120K, used 58348K [0x00000000c9400000, 0x00000000cd780000, 0x00000000edc00000)
  object space 69120K, 84% used [0x00000000c9400000,0x00000000cccfb2f8,0x00000000cd780000)
 Metaspace       used 24242K, capacity 26500K, committed 26880K, reserved 1073152K
  class space    used 2888K, capacity 3690K, committed 3840K, reserved 1048576K
}

