# JRE version: Java(TM) SE Runtime Environment (8.0_281-b09) (build 1.8.0_281-b09)
# Java VM: Java HotSpot(TM) 64-Bit Server VM (25.281-b09 mixed mode windows-amd64 compressed oops)
Heap:
 PSYoungGen      total 8704K, used 5087K [0x00000000edc00000, 0x00000000ee700000, 0x0000000100000000)
  eden space 6144K, 67% used [0x00000000edc00000,0x00000000ee007dd8,0x00000000ee200000)
  from space 2560K, 37% used [0x00000000ee480000,0x00000000ee570000,0x00000000ee700000)
  to   space 2560K, 0% used [0x00000000ee200000,0x00000000ee200000,0x00000000ee480000)
 ParOldGen       total 27648K, used 23448K [0x00000000c9400000, 0x00000000caf00000, 0x00000000edc00000)
  object space 27648K, 84% used [0x00000000c9400000,0x00000000caae6340,0x00000000caf00000)
 Metaspace       used 23508K, capacity 24906K, committed 28208K, reserved 1073152K
  class space    used 2683K, capacity 3107K, committed 4144K, reserved 1048576K
GC Heap History (10 events):
Event: 15252.608 GC heap before
{Heap before GC invocations=2540 (full 6):
 PSYoungGen      total 8192K, used 7648K [0x00000000edc00000, 0x00000000ee700000, 0x0000000100000000)
  eden space 6144K, 100% used [0x00000000edc00000,0x00000000ee200000,0x00000000ee200000)
  from space 2048K, 73% used [0x00000000ee200000,0x00000000ee378000,0x00000000ee400000)
  to   space 2560K, 0% used [0x00000000ee480000,0x00000000ee480000,0x00000000ee700000)
 ParOldGen       total 27648K, used 23296K [0x00000000c9400000, 0x00000000caf00000, 0x00000000edc00000)
  object space 27648K, 84% used [0x00000000c9400000,0x00000000caac0340,0x00000000caf00000)
 Metaspace       used 23473K, capacity 24906K, committed 28208K, reserved 1073152K
  class space    used 2680K, capacity 3107K, committed 4144K, reserved 1048576K
Event: 15252.617 GC heap after
Heap after GC invocations=2540 (full 6):
 PSYoungGen      total 8704K, used 1536K [0x00000000edc00000, 0x00000000ee700000, 0x0000000100000000)
  eden space 6144K, 0% used [0x00000000edc00000,0x00000000edc00000,0x00000000ee200000)
  from space 2560K, 60% used [0x00000000ee480000,0x00000000ee600000,0x00000000ee700000)
  to   space 2560K, 0% used [0x00000000ee200000,0x00000000ee200000,0x00000000ee480000)
 ParOldGen       total 27648K, used 23312K [0x00000000c9400000, 0x00000000caf00000, 0x00000000edc00000)
  object space 27648K, 84% used [0x00000000c9400000,0x00000000caac4340,0x00000000caf00000)
 Metaspace       used 23473K, capacity 24906K, committed 28208K, reserved 1073152K
  class space    used 2680K, capacity 3107K, committed 4144K, reserved 1048576K
}
Event: 15260.848 GC heap before
{Heap before GC invocations=2541 (full 6):
 PSYoungGen      total 8704K, used 7680K [0x00000000edc00000, 0x00000000ee700000, 0x0000000100000000)
  eden space 6144K, 100% used [0x00000000edc00000,0x00000000ee200000,0x00000000ee200000)
  from space 2560K, 60% used [0x00000000ee480000,0x00000000ee600000,0x00000000ee700000)
  to   space 2560K, 0% used [0x00000000ee200000,0x00000000ee200000,0x00000000ee480000)
 ParOldGen       total 27648K, used 23312K [0x00000000c9400000, 0x00000000caf00000, 0x00000000edc00000)
  object space 27648K, 84% used [0x00000000c9400000,0x00000000caac4340,0x00000000caf00000)
 Metaspace       used 23473K, capacity 24906K, committed 28208K, reserved 1073152K
  class space    used 2680K, capacity 3107K, committed 4144K, reserved 1048576K
Event: 15260.854 GC heap after
Heap after GC invocations=2541 (full 6):
 PSYoungGen      total 8704K, used 1504K [0x00000000edc00000, 0x00000000ee700000, 0x0000000100000000)
  eden space 6144K, 0% used [0x00000000edc00000,0x00000000edc00000,0x00000000ee200000)
  from space 2560K, 58% used [0x00000000ee200000,0x00000000ee378000,0x00000000ee480000)
  to   space 2560K, 0% used [0x00000000ee480000,0x00000000ee480000,0x00000000ee700000)
 ParOldGen       total 27648K, used 23328K [0x00000000c9400000, 0x00000000caf00000, 0x00000000edc00000)
  object space 27648K, 84% used [0x00000000c9400000,0x00000000caac8340,0x00000000caf00000)
 Metaspace       used 23473K, capacity 24906K, committed 28208K, reserved 1073152K
  class space    used 2680K, capacity 3107K, committed 4144K, reserved 1048576K
}
Event: 15264.742 GC heap before
{Heap before GC invocations=2542 (full 6):
 PSYoungGen      total 8704K, used 7648K [0x00000000edc00000, 0x00000000ee700000, 0x0000000100000000)
  eden space 6144K, 100% used [0x00000000edc00000,0x00000000ee200000,0x00000000ee200000)
  from space 2560K, 58% used [0x00000000ee200000,0x00000000ee378000,0x00000000ee480000)
  to   space 2560K, 0% used [0x00000000ee480000,0x00000000ee480000,0x00000000ee700000)
 ParOldGen       total 27648K, used 23328K [0x00000000c9400000, 0x00000000caf00000, 0x00000000edc00000)
  object space 27648K, 84% used [0x00000000c9400000,0x00000000caac8340,0x00000000caf00000)
 Metaspace       used 23473K, capacity 24906K, committed 28208K, reserved 1073152K
  class space    used 2680K, capacity 3107K, committed 4144K, reserved 1048576K
Event: 15264.746 GC heap after
Heap after GC invocations=2542 (full 6):
 PSYoungGen      total 8704K, used 832K [0x00000000edc00000, 0x00000000ee700000, 0x0000000100000000)
  eden space 6144K, 0% used [0x00000000edc00000,0x00000000edc00000,0x00000000ee200000)
  from space 2560K, 32% used [0x00000000ee480000,0x00000000ee550000,0x00000000ee700000)
  to   space 2560K, 0% used [0x00000000ee200000,0x00000000ee200000,0x00000000ee480000)
 ParOldGen       total 27648K, used 23344K [0x00000000c9400000, 0x00000000caf00000, 0x00000000edc00000)
  object space 27648K, 84% used [0x00000000c9400000,0x00000000caacc340,0x00000000caf00000)
 Metaspace       used 23473K, capacity 24906K, committed 28208K, reserved 1073152K
  class space    used 2680K, capacity 3107K, committed 4144K, reserved 1048576K
}
Event: 15273.244 GC heap before
{Heap before GC invocations=2543 (full 6):
 PSYoungGen      total 8704K, used 6976K [0x00000000edc00000, 0x00000000ee700000, 0x0000000100000000)
  eden space 6144K, 100% used [0x00000000edc00000,0x00000000ee200000,0x00000000ee200000)
  from space 2560K, 32% used [0x00000000ee480000,0x00000000ee550000,0x00000000ee700000)
  to   space 2560K, 0% used [0x00000000ee200000,0x00000000ee200000,0x00000000ee480000)
 ParOldGen       total 27648K, used 23344K [0x00000000c9400000, 0x00000000caf00000, 0x00000000edc00000)
  object space 27648K, 84% used [0x00000000c9400000,0x00000000caacc340,0x00000000caf00000)
 Metaspace       used 23473K, capacity 24906K, committed 28208K, reserved 1073152K
  class space    used 2680K, capacity 3107K, committed 4144K, reserved 1048576K
Event: 15273.250 GC heap after
Heap after GC invocations=2543 (full 6):
 PSYoungGen      total 8704K, used 1440K [0x00000000edc00000, 0x00000000ee700000, 0x0000000100000000)
  eden space 6144K, 0% used [0x00000000edc00000,0x00000000edc00000,0x00000000ee200000)
  from space 2560K, 56% used [0x00000000ee200000,0x00000000ee368000,0x00000000ee480000)
  to   space 2560K, 0% used [0x00000000ee480000,0x00000000ee480000,0x00000000ee700000)
 ParOldGen       total 27648K, used 23440K [0x00000000c9400000, 0x00000000caf00000, 0x00000000edc00000)
  object space 27648K, 84% used [0x00000000c9400000,0x00000000caae4340,0x00000000caf00000)
 Metaspace       used 23473K, capacity 24906K, committed 28208K, reserved 1073152K
  class space    used 2680K, capacity 3107K, committed 4144K, reserved 1048576K
}
Event: 15278.205 GC heap before
{Heap before GC invocations=2544 (full 6):
 PSYoungGen      total 8704K, used 7584K [0x00000000edc00000, 0x00000000ee700000, 0x0000000100000000)
  eden space 6144K, 100% used [0x00000000edc00000,0x00000000ee200000,0x00000000ee200000)
  from space 2560K, 56% used [0x00000000ee200000,0x00000000ee368000,0x00000000ee480000)
  to   space 2560K, 0% used [0x00000000ee480000,0x00000000ee480000,0x00000000ee700000)
 ParOldGen       total 27648K, used 23440K [0x00000000c9400000, 0x00000000caf00000, 0x00000000edc00000)
  object space 27648K, 84% used [0x00000000c9400000,0x00000000caae4340,0x00000000caf00000)
 Metaspace       used 23473K, capacity 24906K, committed 28208K, reserved 1073152K
  class space    used 2680K, capacity 3107K, committed 4144K, reserved 1048576K
Event: 15278.207 GC heap after
Heap after GC invocations=2544 (full 6):
 PSYoungGen      total 8704K, used 960K [0x00000000edc00000, 0x00000000ee700000, 0x0000000100000000)
  eden space 6144K, 0% used [0x00000000edc00000,0x00000000edc00000,0x00000000ee200000)
  from space 2560K, 37% used [0x00000000ee480000,0x00000000ee570000,0x00000000ee700000)
  to   space 2560K, 0% used [0x00000000ee200000,0x00000000ee200000,0x00000000ee480000)
 ParOldGen       total 27648K, used 23448K [0x00000000c9400000, 0x00000000caf00000, 0x00000000edc00000)
  object space 27648K, 84% used [0x00000000c9400000,0x00000000caae6340,0x00000000caf00000)
 Metaspace       used 23473K, capacity 24906K, committed 28208K, reserved 1073152K
  class space    used 2680K, capacity 3107K, committed 4144K, reserved 1048576K
}

