# JRE version: Java(TM) SE Runtime Environment (8.0_281-b09) (build 1.8.0_281-b09)
# Java VM: Java HotSpot(TM) 64-Bit Server VM (25.281-b09 mixed mode windows-amd64 compressed oops)
Heap:
 PSYoungGen      total 76288K, used 63801K [0x00000000edc00000, 0x00000000f6880000, 0x0000000100000000)
  eden space 72704K, 83% used [0x00000000edc00000,0x00000000f172e698,0x00000000f2300000)
  from space 3584K, 89% used [0x00000000f6500000,0x00000000f6820000,0x00000000f6880000)
  to   space 14848K, 0% used [0x00000000f4b80000,0x00000000f4b80000,0x00000000f5a00000)
 ParOldGen       total 33792K, used 14043K [0x00000000c9400000, 0x00000000cb500000, 0x00000000edc00000)
  object space 33792K, 41% used [0x00000000c9400000,0x00000000ca1b6f40,0x00000000cb500000)
 Metaspace       used 20706K, capacity 21754K, committed 21936K, reserved 1069056K
  class space    used 2466K, capacity 2873K, committed 2992K, reserved 1048576K
GC Heap History (10 events):
Event: 377.370 GC heap before
{Heap before GC invocations=17 (full 1):
 PSYoungGen      total 97792K, used 97600K [0x00000000edc00000, 0x00000000f8580000, 0x0000000100000000)
  eden space 89088K, 100% used [0x00000000edc00000,0x00000000f3300000,0x00000000f3300000)
  from space 8704K, 97% used [0x00000000f7300000,0x00000000f7b50000,0x00000000f7b80000)
  to   space 10240K, 0% used [0x00000000f7b80000,0x00000000f7b80000,0x00000000f8580000)
 ParOldGen       total 33792K, used 12995K [0x00000000c9400000, 0x00000000cb500000, 0x00000000edc00000)
  object space 33792K, 38% used [0x00000000c9400000,0x00000000ca0b0f40,0x00000000cb500000)
 Metaspace       used 20570K, capacity 21592K, committed 21808K, reserved 1069056K
  class space    used 2448K, capacity 2851K, committed 2864K, reserved 1048576K
Event: 377.407 GC heap after
Heap after GC invocations=17 (full 1):
 PSYoungGen      total 95744K, used 10240K [0x00000000edc00000, 0x00000000f8580000, 0x0000000100000000)
  eden space 85504K, 0% used [0x00000000edc00000,0x00000000edc00000,0x00000000f2f80000)
  from space 10240K, 100% used [0x00000000f7b80000,0x00000000f8580000,0x00000000f8580000)
  to   space 14848K, 0% used [0x00000000f6880000,0x00000000f6880000,0x00000000f7700000)
 ParOldGen       total 33792K, used 13147K [0x00000000c9400000, 0x00000000cb500000, 0x00000000edc00000)
  object space 33792K, 38% used [0x00000000c9400000,0x00000000ca0d6f40,0x00000000cb500000)
 Metaspace       used 20570K, capacity 21592K, committed 21808K, reserved 1069056K
  class space    used 2448K, capacity 2851K, committed 2864K, reserved 1048576K
}
Event: 434.088 GC heap before
{Heap before GC invocations=18 (full 1):
 PSYoungGen      total 95744K, used 95744K [0x00000000edc00000, 0x00000000f8580000, 0x0000000100000000)
  eden space 85504K, 100% used [0x00000000edc00000,0x00000000f2f80000,0x00000000f2f80000)
  from space 10240K, 100% used [0x00000000f7b80000,0x00000000f8580000,0x00000000f8580000)
  to   space 14848K, 0% used [0x00000000f6880000,0x00000000f6880000,0x00000000f7700000)
 ParOldGen       total 33792K, used 13147K [0x00000000c9400000, 0x00000000cb500000, 0x00000000edc00000)
  object space 33792K, 38% used [0x00000000c9400000,0x00000000ca0d6f40,0x00000000cb500000)
 Metaspace       used 20576K, capacity 21596K, committed 21808K, reserved 1069056K
  class space    used 2448K, capacity 2851K, committed 2864K, reserved 1048576K
Event: 434.125 GC heap after
Heap after GC invocations=18 (full 1):
 PSYoungGen      total 92672K, used 10272K [0x00000000edc00000, 0x00000000f7c00000, 0x0000000100000000)
  eden space 81920K, 0% used [0x00000000edc00000,0x00000000edc00000,0x00000000f2c00000)
  from space 10752K, 95% used [0x00000000f6880000,0x00000000f7288000,0x00000000f7300000)
  to   space 9216K, 0% used [0x00000000f7300000,0x00000000f7300000,0x00000000f7c00000)
 ParOldGen       total 33792K, used 13235K [0x00000000c9400000, 0x00000000cb500000, 0x00000000edc00000)
  object space 33792K, 39% used [0x00000000c9400000,0x00000000ca0ecf40,0x00000000cb500000)
 Metaspace       used 20576K, capacity 21596K, committed 21808K, reserved 1069056K
  class space    used 2448K, capacity 2851K, committed 2864K, reserved 1048576K
}
Event: 488.089 GC heap before
{Heap before GC invocations=19 (full 1):
 PSYoungGen      total 92672K, used 92192K [0x00000000edc00000, 0x00000000f7c00000, 0x0000000100000000)
  eden space 81920K, 100% used [0x00000000edc00000,0x00000000f2c00000,0x00000000f2c00000)
  from space 10752K, 95% used [0x00000000f6880000,0x00000000f7288000,0x00000000f7300000)
  to   space 9216K, 0% used [0x00000000f7300000,0x00000000f7300000,0x00000000f7c00000)
 ParOldGen       total 33792K, used 13235K [0x00000000c9400000, 0x00000000cb500000, 0x00000000edc00000)
  object space 33792K, 39% used [0x00000000c9400000,0x00000000ca0ecf40,0x00000000cb500000)
 Metaspace       used 20606K, capacity 21616K, committed 21808K, reserved 1069056K
  class space    used 2454K, capacity 2859K, committed 2864K, reserved 1048576K
Event: 488.121 GC heap after
Heap after GC invocations=19 (full 1):
 PSYoungGen      total 88064K, used 9216K [0x00000000edc00000, 0x00000000f7c00000, 0x0000000100000000)
  eden space 78848K, 0% used [0x00000000edc00000,0x00000000edc00000,0x00000000f2900000)
  from space 9216K, 100% used [0x00000000f7300000,0x00000000f7c00000,0x00000000f7c00000)
  to   space 15872K, 0% used [0x00000000f5d00000,0x00000000f5d00000,0x00000000f6c80000)
 ParOldGen       total 33792K, used 13867K [0x00000000c9400000, 0x00000000cb500000, 0x00000000edc00000)
  object space 33792K, 41% used [0x00000000c9400000,0x00000000ca18af40,0x00000000cb500000)
 Metaspace       used 20606K, capacity 21616K, committed 21808K, reserved 1069056K
  class space    used 2454K, capacity 2859K, committed 2864K, reserved 1048576K
}
Event: 531.009 GC heap before
{Heap before GC invocations=20 (full 1):
 PSYoungGen      total 88064K, used 88064K [0x00000000edc00000, 0x00000000f7c00000, 0x0000000100000000)
  eden space 78848K, 100% used [0x00000000edc00000,0x00000000f2900000,0x00000000f2900000)
  from space 9216K, 100% used [0x00000000f7300000,0x00000000f7c00000,0x00000000f7c00000)
  to   space 15872K, 0% used [0x00000000f5d00000,0x00000000f5d00000,0x00000000f6c80000)
 ParOldGen       total 33792K, used 13867K [0x00000000c9400000, 0x00000000cb500000, 0x00000000edc00000)
  object space 33792K, 41% used [0x00000000c9400000,0x00000000ca18af40,0x00000000cb500000)
 Metaspace       used 20621K, capacity 21648K, committed 21936K, reserved 1069056K
  class space    used 2457K, capacity 2865K, committed 2992K, reserved 1048576K
Event: 531.042 GC heap after
Heap after GC invocations=20 (full 1):
 PSYoungGen      total 83968K, used 7712K [0x00000000edc00000, 0x00000000f7380000, 0x0000000100000000)
  eden space 75776K, 0% used [0x00000000edc00000,0x00000000edc00000,0x00000000f2600000)
  from space 8192K, 94% used [0x00000000f5d00000,0x00000000f6488000,0x00000000f6500000)
  to   space 14848K, 0% used [0x00000000f6500000,0x00000000f6500000,0x00000000f7380000)
 ParOldGen       total 33792K, used 13987K [0x00000000c9400000, 0x00000000cb500000, 0x00000000edc00000)
  object space 33792K, 41% used [0x00000000c9400000,0x00000000ca1a8f40,0x00000000cb500000)
 Metaspace       used 20621K, capacity 21648K, committed 21936K, reserved 1069056K
  class space    used 2457K, capacity 2865K, committed 2992K, reserved 1048576K
}
Event: 547.929 GC heap before
{Heap before GC invocations=21 (full 1):
 PSYoungGen      total 83968K, used 83488K [0x00000000edc00000, 0x00000000f7380000, 0x0000000100000000)
  eden space 75776K, 100% used [0x00000000edc00000,0x00000000f2600000,0x00000000f2600000)
  from space 8192K, 94% used [0x00000000f5d00000,0x00000000f6488000,0x00000000f6500000)
  to   space 14848K, 0% used [0x00000000f6500000,0x00000000f6500000,0x00000000f7380000)
 ParOldGen       total 33792K, used 13987K [0x00000000c9400000, 0x00000000cb500000, 0x00000000edc00000)
  object space 33792K, 41% used [0x00000000c9400000,0x00000000ca1a8f40,0x00000000cb500000)
 Metaspace       used 20649K, capacity 21682K, committed 21936K, reserved 1069056K
  class space    used 2458K, capacity 2869K, committed 2992K, reserved 1048576K
Event: 547.945 GC heap after
Heap after GC invocations=21 (full 1):
 PSYoungGen      total 76288K, used 3200K [0x00000000edc00000, 0x00000000f6880000, 0x0000000100000000)
  eden space 72704K, 0% used [0x00000000edc00000,0x00000000edc00000,0x00000000f2300000)
  from space 3584K, 89% used [0x00000000f6500000,0x00000000f6820000,0x00000000f6880000)
  to   space 14848K, 0% used [0x00000000f4b80000,0x00000000f4b80000,0x00000000f5a00000)
 ParOldGen       total 33792K, used 14043K [0x00000000c9400000, 0x00000000cb500000, 0x00000000edc00000)
  object space 33792K, 41% used [0x00000000c9400000,0x00000000ca1b6f40,0x00000000cb500000)
 Metaspace       used 20649K, capacity 21682K, committed 21936K, reserved 1069056K
  class space    used 2458K, capacity 2869K, committed 2992K, reserved 1048576K
}

