# JRE version: Java(TM) SE Runtime Environment (8.0_281-b09) (build 1.8.0_281-b09)
# Java VM: Java HotSpot(TM) 64-Bit Server VM (25.281-b09 mixed mode windows-amd64 compressed oops)
Heap:
 PSYoungGen      total 73216K, used 63597K [0x00000000edc00000, 0x00000000f2d00000, 0x0000000100000000)
  eden space 63488K, 89% used [0x00000000edc00000,0x00000000f13bf618,0x00000000f1a00000)
  from space 9728K, 66% used [0x00000000f2380000,0x00000000f29dc010,0x00000000f2d00000)
  to   space 9728K, 0% used [0x00000000f1a00000,0x00000000f1a00000,0x00000000f2380000)
 ParOldGen       total 32256K, used 23034K [0x00000000c9400000, 0x00000000cb380000, 0x00000000edc00000)
  object space 32256K, 71% used [0x00000000c9400000,0x00000000caa7e9f8,0x00000000cb380000)
 Metaspace       used 22068K, capacity 23458K, committed 23936K, reserved 1071104K
  class space    used 2615K, capacity 3017K, committed 3200K, reserved 1048576K
GC Heap History (10 events):
Event: 6746.544 GC heap before
{Heap before GC invocations=2421 (full 9):
 PSYoungGen      total 56320K, used 51808K [0x00000000edc00000, 0x00000000f2580000, 0x0000000100000000)
  eden space 45568K, 100% used [0x00000000edc00000,0x00000000f0880000,0x00000000f0880000)
  from space 10752K, 58% used [0x00000000f0880000,0x00000000f0e98000,0x00000000f1300000)
  to   space 10240K, 0% used [0x00000000f1b80000,0x00000000f1b80000,0x00000000f2580000)
 ParOldGen       total 32256K, used 21334K [0x00000000c9400000, 0x00000000cb380000, 0x00000000edc00000)
  object space 32256K, 66% used [0x00000000c9400000,0x00000000ca8d59e8,0x00000000cb380000)
 Metaspace       used 21059K, capacity 22400K, committed 23040K, reserved 1069056K
  class space    used 2463K, capacity 2860K, committed 3072K, reserved 1048576K
Event: 6746.565 GC heap after
Heap after GC invocations=2421 (full 9):
 PSYoungGen      total 65024K, used 5248K [0x00000000edc00000, 0x00000000f2580000, 0x0000000100000000)
  eden space 54784K, 0% used [0x00000000edc00000,0x00000000edc00000,0x00000000f1180000)
  from space 10240K, 51% used [0x00000000f1b80000,0x00000000f20a0000,0x00000000f2580000)
  to   space 10240K, 0% used [0x00000000f1180000,0x00000000f1180000,0x00000000f1b80000)
 ParOldGen       total 32256K, used 21702K [0x00000000c9400000, 0x00000000cb380000, 0x00000000edc00000)
  object space 32256K, 67% used [0x00000000c9400000,0x00000000ca9319e8,0x00000000cb380000)
 Metaspace       used 21059K, capacity 22400K, committed 23040K, reserved 1069056K
  class space    used 2463K, capacity 2860K, committed 3072K, reserved 1048576K
}
Event: 6748.223 GC heap before
{Heap before GC invocations=2422 (full 9):
 PSYoungGen      total 65024K, used 60032K [0x00000000edc00000, 0x00000000f2580000, 0x0000000100000000)
  eden space 54784K, 100% used [0x00000000edc00000,0x00000000f1180000,0x00000000f1180000)
  from space 10240K, 51% used [0x00000000f1b80000,0x00000000f20a0000,0x00000000f2580000)
  to   space 10240K, 0% used [0x00000000f1180000,0x00000000f1180000,0x00000000f1b80000)
 ParOldGen       total 32256K, used 21702K [0x00000000c9400000, 0x00000000cb380000, 0x00000000edc00000)
  object space 32256K, 67% used [0x00000000c9400000,0x00000000ca9319e8,0x00000000cb380000)
 Metaspace       used 21122K, capacity 22472K, committed 23040K, reserved 1069056K
  class space    used 2469K, capacity 2880K, committed 3072K, reserved 1048576K
Event: 6748.235 GC heap after
Heap after GC invocations=2422 (full 9):
 PSYoungGen      total 57856K, used 5056K [0x00000000edc00000, 0x00000000f2380000, 0x0000000100000000)
  eden space 52736K, 0% used [0x00000000edc00000,0x00000000edc00000,0x00000000f0f80000)
  from space 5120K, 98% used [0x00000000f1180000,0x00000000f1670000,0x00000000f1680000)
  to   space 10240K, 0% used [0x00000000f1980000,0x00000000f1980000,0x00000000f2380000)
 ParOldGen       total 32256K, used 21830K [0x00000000c9400000, 0x00000000cb380000, 0x00000000edc00000)
  object space 32256K, 67% used [0x00000000c9400000,0x00000000ca9519e8,0x00000000cb380000)
 Metaspace       used 21122K, capacity 22472K, committed 23040K, reserved 1069056K
  class space    used 2469K, capacity 2880K, committed 3072K, reserved 1048576K
}
Event: 6750.883 GC heap before
{Heap before GC invocations=2423 (full 9):
 PSYoungGen      total 57856K, used 57792K [0x00000000edc00000, 0x00000000f2380000, 0x0000000100000000)
  eden space 52736K, 100% used [0x00000000edc00000,0x00000000f0f80000,0x00000000f0f80000)
  from space 5120K, 98% used [0x00000000f1180000,0x00000000f1670000,0x00000000f1680000)
  to   space 10240K, 0% used [0x00000000f1980000,0x00000000f1980000,0x00000000f2380000)
 ParOldGen       total 32256K, used 21830K [0x00000000c9400000, 0x00000000cb380000, 0x00000000edc00000)
  object space 32256K, 67% used [0x00000000c9400000,0x00000000ca9519e8,0x00000000cb380000)
 Metaspace       used 21128K, capacity 22484K, committed 23040K, reserved 1069056K
  class space    used 2471K, capacity 2884K, committed 3072K, reserved 1048576K
Event: 6750.917 GC heap after
Heap after GC invocations=2423 (full 9):
 PSYoungGen      total 62976K, used 7456K [0x00000000edc00000, 0x00000000f2e00000, 0x0000000100000000)
  eden space 52736K, 0% used [0x00000000edc00000,0x00000000edc00000,0x00000000f0f80000)
  from space 10240K, 72% used [0x00000000f1980000,0x00000000f20c8000,0x00000000f2380000)
  to   space 10240K, 0% used [0x00000000f0f80000,0x00000000f0f80000,0x00000000f1980000)
 ParOldGen       total 32256K, used 22318K [0x00000000c9400000, 0x00000000cb380000, 0x00000000edc00000)
  object space 32256K, 69% used [0x00000000c9400000,0x00000000ca9cb9e8,0x00000000cb380000)
 Metaspace       used 21128K, capacity 22484K, committed 23040K, reserved 1069056K
  class space    used 2471K, capacity 2884K, committed 3072K, reserved 1048576K
}
Event: 6753.229 GC heap before
{Heap before GC invocations=2424 (full 9):
 PSYoungGen      total 62976K, used 60192K [0x00000000edc00000, 0x00000000f2e00000, 0x0000000100000000)
  eden space 52736K, 100% used [0x00000000edc00000,0x00000000f0f80000,0x00000000f0f80000)
  from space 10240K, 72% used [0x00000000f1980000,0x00000000f20c8000,0x00000000f2380000)
  to   space 10240K, 0% used [0x00000000f0f80000,0x00000000f0f80000,0x00000000f1980000)
 ParOldGen       total 32256K, used 22318K [0x00000000c9400000, 0x00000000cb380000, 0x00000000edc00000)
  object space 32256K, 69% used [0x00000000c9400000,0x00000000ca9cb9e8,0x00000000cb380000)
 Metaspace       used 22024K, capacity 23456K, committed 23936K, reserved 1071104K
  class space    used 2610K, capacity 3016K, committed 3200K, reserved 1048576K
Event: 6753.259 GC heap after
Heap after GC invocations=2424 (full 9):
 PSYoungGen      total 62976K, used 6208K [0x00000000edc00000, 0x00000000f2d00000, 0x0000000100000000)
  eden space 52736K, 0% used [0x00000000edc00000,0x00000000edc00000,0x00000000f0f80000)
  from space 10240K, 60% used [0x00000000f0f80000,0x00000000f1590000,0x00000000f1980000)
  to   space 9728K, 0% used [0x00000000f2380000,0x00000000f2380000,0x00000000f2d00000)
 ParOldGen       total 32256K, used 22590K [0x00000000c9400000, 0x00000000cb380000, 0x00000000edc00000)
  object space 32256K, 70% used [0x00000000c9400000,0x00000000caa0f9e8,0x00000000cb380000)
 Metaspace       used 22024K, capacity 23456K, committed 23936K, reserved 1071104K
  class space    used 2610K, capacity 3016K, committed 3200K, reserved 1048576K
}
Event: 6755.584 GC heap before
{Heap before GC invocations=2425 (full 9):
 PSYoungGen      total 62976K, used 58944K [0x00000000edc00000, 0x00000000f2d00000, 0x0000000100000000)
  eden space 52736K, 100% used [0x00000000edc00000,0x00000000f0f80000,0x00000000f0f80000)
  from space 10240K, 60% used [0x00000000f0f80000,0x00000000f1590000,0x00000000f1980000)
  to   space 9728K, 0% used [0x00000000f2380000,0x00000000f2380000,0x00000000f2d00000)
 ParOldGen       total 32256K, used 22590K [0x00000000c9400000, 0x00000000cb380000, 0x00000000edc00000)
  object space 32256K, 70% used [0x00000000c9400000,0x00000000caa0f9e8,0x00000000cb380000)
 Metaspace       used 22025K, capacity 23456K, committed 23936K, reserved 1071104K
  class space    used 2610K, capacity 3016K, committed 3200K, reserved 1048576K
Event: 6755.614 GC heap after
Heap after GC invocations=2425 (full 9):
 PSYoungGen      total 73216K, used 6512K [0x00000000edc00000, 0x00000000f2d00000, 0x0000000100000000)
  eden space 63488K, 0% used [0x00000000edc00000,0x00000000edc00000,0x00000000f1a00000)
  from space 9728K, 66% used [0x00000000f2380000,0x00000000f29dc010,0x00000000f2d00000)
  to   space 9728K, 0% used [0x00000000f1a00000,0x00000000f1a00000,0x00000000f2380000)
 ParOldGen       total 32256K, used 23034K [0x00000000c9400000, 0x00000000cb380000, 0x00000000edc00000)
  object space 32256K, 71% used [0x00000000c9400000,0x00000000caa7e9f8,0x00000000cb380000)
 Metaspace       used 22025K, capacity 23456K, committed 23936K, reserved 1071104K
  class space    used 2610K, capacity 3016K, committed 3200K, reserved 1048576K
}

