# JRE version: Java(TM) SE Runtime Environment (8.0_281-b09) (build 1.8.0_281-b09)
# Java VM: Java HotSpot(TM) 64-Bit Server VM (25.281-b09 mixed mode windows-amd64 compressed oops)
Heap:
 PSYoungGen      total 24064K, used 21097K [0x00000000edc00000, 0x00000000ef980000, 0x0000000100000000)
  eden space 17920K, 95% used [0x00000000edc00000,0x00000000eecba508,0x00000000eed80000)
  from space 6144K, 64% used [0x00000000ef380000,0x00000000ef760000,0x00000000ef980000)
  to   space 6144K, 0% used [0x00000000eed80000,0x00000000eed80000,0x00000000ef380000)
 ParOldGen       total 54784K, used 46954K [0x00000000c9400000, 0x00000000cc980000, 0x00000000edc00000)
  object space 54784K, 85% used [0x00000000c9400000,0x00000000cc1daba8,0x00000000cc980000)
 Metaspace       used 25427K, capacity 26824K, committed 27184K, reserved 1073152K
  class space    used 3031K, capacity 3441K, committed 3632K, reserved 1048576K
GC Heap History (10 events):
Event: 4795.921 GC heap before
{Heap before GC invocations=171 (full 3):
 PSYoungGen      total 20480K, used 20000K [0x00000000edc00000, 0x00000000ef800000, 0x0000000100000000)
  eden space 18432K, 100% used [0x00000000edc00000,0x00000000eee00000,0x00000000eee00000)
  from space 2048K, 76% used [0x00000000eee00000,0x00000000eef88000,0x00000000ef000000)
  to   space 5120K, 0% used [0x00000000ef300000,0x00000000ef300000,0x00000000ef800000)
 ParOldGen       total 54784K, used 46570K [0x00000000c9400000, 0x00000000cc980000, 0x00000000edc00000)
  object space 54784K, 85% used [0x00000000c9400000,0x00000000cc17aba8,0x00000000cc980000)
 Metaspace       used 25383K, capacity 26752K, committed 27184K, reserved 1073152K
  class space    used 3026K, capacity 3441K, committed 3632K, reserved 1048576K
Event: 4795.934 GC heap after
Heap after GC invocations=171 (full 3):
 PSYoungGen      total 23552K, used 3040K [0x00000000edc00000, 0x00000000ef800000, 0x0000000100000000)
  eden space 18432K, 0% used [0x00000000edc00000,0x00000000edc00000,0x00000000eee00000)
  from space 5120K, 59% used [0x00000000ef300000,0x00000000ef5f8000,0x00000000ef800000)
  to   space 5120K, 0% used [0x00000000eee00000,0x00000000eee00000,0x00000000ef300000)
 ParOldGen       total 54784K, used 46602K [0x00000000c9400000, 0x00000000cc980000, 0x00000000edc00000)
  object space 54784K, 85% used [0x00000000c9400000,0x00000000cc182ba8,0x00000000cc980000)
 Metaspace       used 25383K, capacity 26752K, committed 27184K, reserved 1073152K
  class space    used 3026K, capacity 3441K, committed 3632K, reserved 1048576K
}
Event: 4819.080 GC heap before
{Heap before GC invocations=172 (full 3):
 PSYoungGen      total 23552K, used 21472K [0x00000000edc00000, 0x00000000ef800000, 0x0000000100000000)
  eden space 18432K, 100% used [0x00000000edc00000,0x00000000eee00000,0x00000000eee00000)
  from space 5120K, 59% used [0x00000000ef300000,0x00000000ef5f8000,0x00000000ef800000)
  to   space 5120K, 0% used [0x00000000eee00000,0x00000000eee00000,0x00000000ef300000)
 ParOldGen       total 54784K, used 46602K [0x00000000c9400000, 0x00000000cc980000, 0x00000000edc00000)
  object space 54784K, 85% used [0x00000000c9400000,0x00000000cc182ba8,0x00000000cc980000)
 Metaspace       used 25383K, capacity 26752K, committed 27184K, reserved 1073152K
  class space    used 3026K, capacity 3441K, committed 3632K, reserved 1048576K
Event: 4819.104 GC heap after
Heap after GC invocations=172 (full 3):
 PSYoungGen      total 23552K, used 4288K [0x00000000edc00000, 0x00000000ef900000, 0x0000000100000000)
  eden space 18432K, 0% used [0x00000000edc00000,0x00000000edc00000,0x00000000eee00000)
  from space 5120K, 83% used [0x00000000eee00000,0x00000000ef230000,0x00000000ef300000)
  to   space 5632K, 0% used [0x00000000ef380000,0x00000000ef380000,0x00000000ef900000)
 ParOldGen       total 54784K, used 46690K [0x00000000c9400000, 0x00000000cc980000, 0x00000000edc00000)
  object space 54784K, 85% used [0x00000000c9400000,0x00000000cc198ba8,0x00000000cc980000)
 Metaspace       used 25383K, capacity 26752K, committed 27184K, reserved 1073152K
  class space    used 3026K, capacity 3441K, committed 3632K, reserved 1048576K
}
Event: 4838.399 GC heap before
{Heap before GC invocations=173 (full 3):
 PSYoungGen      total 23552K, used 22720K [0x00000000edc00000, 0x00000000ef900000, 0x0000000100000000)
  eden space 18432K, 100% used [0x00000000edc00000,0x00000000eee00000,0x00000000eee00000)
  from space 5120K, 83% used [0x00000000eee00000,0x00000000ef230000,0x00000000ef300000)
  to   space 5632K, 0% used [0x00000000ef380000,0x00000000ef380000,0x00000000ef900000)
 ParOldGen       total 54784K, used 46690K [0x00000000c9400000, 0x00000000cc980000, 0x00000000edc00000)
  object space 54784K, 85% used [0x00000000c9400000,0x00000000cc198ba8,0x00000000cc980000)
 Metaspace       used 25383K, capacity 26752K, committed 27184K, reserved 1073152K
  class space    used 3026K, capacity 3441K, committed 3632K, reserved 1048576K
Event: 4838.412 GC heap after
Heap after GC invocations=173 (full 3):
 PSYoungGen      total 23552K, used 3488K [0x00000000edc00000, 0x00000000efa00000, 0x0000000100000000)
  eden space 17920K, 0% used [0x00000000edc00000,0x00000000edc00000,0x00000000eed80000)
  from space 5632K, 61% used [0x00000000ef380000,0x00000000ef6e8000,0x00000000ef900000)
  to   space 6144K, 0% used [0x00000000eed80000,0x00000000eed80000,0x00000000ef380000)
 ParOldGen       total 54784K, used 46858K [0x00000000c9400000, 0x00000000cc980000, 0x00000000edc00000)
  object space 54784K, 85% used [0x00000000c9400000,0x00000000cc1c2ba8,0x00000000cc980000)
 Metaspace       used 25383K, capacity 26752K, committed 27184K, reserved 1073152K
  class space    used 3026K, capacity 3441K, committed 3632K, reserved 1048576K
}
Event: 4861.199 GC heap before
{Heap before GC invocations=174 (full 3):
 PSYoungGen      total 23552K, used 21408K [0x00000000edc00000, 0x00000000efa00000, 0x0000000100000000)
  eden space 17920K, 100% used [0x00000000edc00000,0x00000000eed80000,0x00000000eed80000)
  from space 5632K, 61% used [0x00000000ef380000,0x00000000ef6e8000,0x00000000ef900000)
  to   space 6144K, 0% used [0x00000000eed80000,0x00000000eed80000,0x00000000ef380000)
 ParOldGen       total 54784K, used 46858K [0x00000000c9400000, 0x00000000cc980000, 0x00000000edc00000)
  object space 54784K, 85% used [0x00000000c9400000,0x00000000cc1c2ba8,0x00000000cc980000)
 Metaspace       used 25383K, capacity 26752K, committed 27184K, reserved 1073152K
  class space    used 3026K, capacity 3441K, committed 3632K, reserved 1048576K
Event: 4861.214 GC heap after
Heap after GC invocations=174 (full 3):
 PSYoungGen      total 24064K, used 4064K [0x00000000edc00000, 0x00000000ef980000, 0x0000000100000000)
  eden space 17920K, 0% used [0x00000000edc00000,0x00000000edc00000,0x00000000eed80000)
  from space 6144K, 66% used [0x00000000eed80000,0x00000000ef178000,0x00000000ef380000)
  to   space 6144K, 0% used [0x00000000ef380000,0x00000000ef380000,0x00000000ef980000)
 ParOldGen       total 54784K, used 46930K [0x00000000c9400000, 0x00000000cc980000, 0x00000000edc00000)
  object space 54784K, 85% used [0x00000000c9400000,0x00000000cc1d4ba8,0x00000000cc980000)
 Metaspace       used 25383K, capacity 26752K, committed 27184K, reserved 1073152K
  class space    used 3026K, capacity 3441K, committed 3632K, reserved 1048576K
}
Event: 4883.679 GC heap before
{Heap before GC invocations=175 (full 3):
 PSYoungGen      total 24064K, used 21984K [0x00000000edc00000, 0x00000000ef980000, 0x0000000100000000)
  eden space 17920K, 100% used [0x00000000edc00000,0x00000000eed80000,0x00000000eed80000)
  from space 6144K, 66% used [0x00000000eed80000,0x00000000ef178000,0x00000000ef380000)
  to   space 6144K, 0% used [0x00000000ef380000,0x00000000ef380000,0x00000000ef980000)
 ParOldGen       total 54784K, used 46930K [0x00000000c9400000, 0x00000000cc980000, 0x00000000edc00000)
  object space 54784K, 85% used [0x00000000c9400000,0x00000000cc1d4ba8,0x00000000cc980000)
 Metaspace       used 25383K, capacity 26752K, committed 27184K, reserved 1073152K
  class space    used 3026K, capacity 3441K, committed 3632K, reserved 1048576K
Event: 4883.695 GC heap after
Heap after GC invocations=175 (full 3):
 PSYoungGen      total 24064K, used 3968K [0x00000000edc00000, 0x00000000ef980000, 0x0000000100000000)
  eden space 17920K, 0% used [0x00000000edc00000,0x00000000edc00000,0x00000000eed80000)
  from space 6144K, 64% used [0x00000000ef380000,0x00000000ef760000,0x00000000ef980000)
  to   space 6144K, 0% used [0x00000000eed80000,0x00000000eed80000,0x00000000ef380000)
 ParOldGen       total 54784K, used 46954K [0x00000000c9400000, 0x00000000cc980000, 0x00000000edc00000)
  object space 54784K, 85% used [0x00000000c9400000,0x00000000cc1daba8,0x00000000cc980000)
 Metaspace       used 25383K, capacity 26752K, committed 27184K, reserved 1073152K
  class space    used 3026K, capacity 3441K, committed 3632K, reserved 1048576K
}

