# JRE version: Java(TM) SE Runtime Environment (8.0_281-b09) (build 1.8.0_281-b09)
# Java VM: Java HotSpot(TM) 64-Bit Server VM (25.281-b09 mixed mode windows-amd64 compressed oops)
Heap:
 PSYoungGen      total 4608K, used 2218K [0x00000000edc00000, 0x00000000ee180000, 0x0000000100000000)
  eden space 3584K, 48% used [0x00000000edc00000,0x00000000eddb2b90,0x00000000edf80000)
  from space 1024K, 46% used [0x00000000edf80000,0x00000000edff8000,0x00000000ee080000)
  to   space 1024K, 0% used [0x00000000ee080000,0x00000000ee080000,0x00000000ee180000)
 ParOldGen       total 26112K, used 23033K [0x00000000c9400000, 0x00000000cad80000, 0x00000000edc00000)
  object space 26112K, 88% used [0x00000000c9400000,0x00000000caa7e790,0x00000000cad80000)
 Metaspace       used 23929K, capacity 25368K, committed 27824K, reserved 1073152K
  class space    used 2690K, capacity 3107K, committed 4016K, reserved 1048576K
GC Heap History (10 events):
Event: 36191.567 GC heap before
{Heap before GC invocations=5166 (full 17):
 PSYoungGen      total 4608K, used 4000K [0x00000000edc00000, 0x00000000ee180000, 0x0000000100000000)
  eden space 3584K, 100% used [0x00000000edc00000,0x00000000edf80000,0x00000000edf80000)
  from space 1024K, 40% used [0x00000000ee080000,0x00000000ee0e8000,0x00000000ee180000)
  to   space 1024K, 0% used [0x00000000edf80000,0x00000000edf80000,0x00000000ee080000)
 ParOldGen       total 26112K, used 22921K [0x00000000c9400000, 0x00000000cad80000, 0x00000000edc00000)
  object space 26112K, 87% used [0x00000000c9400000,0x00000000caa62790,0x00000000cad80000)
 Metaspace       used 23892K, capacity 25368K, committed 27824K, reserved 1073152K
  class space    used 2687K, capacity 3107K, committed 4016K, reserved 1048576K
Event: 36191.570 GC heap after
Heap after GC invocations=5166 (full 17):
 PSYoungGen      total 4608K, used 384K [0x00000000edc00000, 0x00000000ee180000, 0x0000000100000000)
  eden space 3584K, 0% used [0x00000000edc00000,0x00000000edc00000,0x00000000edf80000)
  from space 1024K, 37% used [0x00000000edf80000,0x00000000edfe0000,0x00000000ee080000)
  to   space 1024K, 0% used [0x00000000ee080000,0x00000000ee080000,0x00000000ee180000)
 ParOldGen       total 26112K, used 22945K [0x00000000c9400000, 0x00000000cad80000, 0x00000000edc00000)
  object space 26112K, 87% used [0x00000000c9400000,0x00000000caa68790,0x00000000cad80000)
 Metaspace       used 23892K, capacity 25368K, committed 27824K, reserved 1073152K
  class space    used 2687K, capacity 3107K, committed 4016K, reserved 1048576K
}
Event: 36193.448 GC heap before
{Heap before GC invocations=5167 (full 17):
 PSYoungGen      total 4608K, used 3968K [0x00000000edc00000, 0x00000000ee180000, 0x0000000100000000)
  eden space 3584K, 100% used [0x00000000edc00000,0x00000000edf80000,0x00000000edf80000)
  from space 1024K, 37% used [0x00000000edf80000,0x00000000edfe0000,0x00000000ee080000)
  to   space 1024K, 0% used [0x00000000ee080000,0x00000000ee080000,0x00000000ee180000)
 ParOldGen       total 26112K, used 22945K [0x00000000c9400000, 0x00000000cad80000, 0x00000000edc00000)
  object space 26112K, 87% used [0x00000000c9400000,0x00000000caa68790,0x00000000cad80000)
 Metaspace       used 23892K, capacity 25368K, committed 27824K, reserved 1073152K
  class space    used 2687K, capacity 3107K, committed 4016K, reserved 1048576K
Event: 36193.451 GC heap after
Heap after GC invocations=5167 (full 17):
 PSYoungGen      total 4608K, used 416K [0x00000000edc00000, 0x00000000ee180000, 0x0000000100000000)
  eden space 3584K, 0% used [0x00000000edc00000,0x00000000edc00000,0x00000000edf80000)
  from space 1024K, 40% used [0x00000000ee080000,0x00000000ee0e8000,0x00000000ee180000)
  to   space 1024K, 0% used [0x00000000edf80000,0x00000000edf80000,0x00000000ee080000)
 ParOldGen       total 26112K, used 22969K [0x00000000c9400000, 0x00000000cad80000, 0x00000000edc00000)
  object space 26112K, 87% used [0x00000000c9400000,0x00000000caa6e790,0x00000000cad80000)
 Metaspace       used 23892K, capacity 25368K, committed 27824K, reserved 1073152K
  class space    used 2687K, capacity 3107K, committed 4016K, reserved 1048576K
}
Event: 36195.448 GC heap before
{Heap before GC invocations=5168 (full 17):
 PSYoungGen      total 4608K, used 4000K [0x00000000edc00000, 0x00000000ee180000, 0x0000000100000000)
  eden space 3584K, 100% used [0x00000000edc00000,0x00000000edf80000,0x00000000edf80000)
  from space 1024K, 40% used [0x00000000ee080000,0x00000000ee0e8000,0x00000000ee180000)
  to   space 1024K, 0% used [0x00000000edf80000,0x00000000edf80000,0x00000000ee080000)
 ParOldGen       total 26112K, used 22969K [0x00000000c9400000, 0x00000000cad80000, 0x00000000edc00000)
  object space 26112K, 87% used [0x00000000c9400000,0x00000000caa6e790,0x00000000cad80000)
 Metaspace       used 23892K, capacity 25368K, committed 27824K, reserved 1073152K
  class space    used 2687K, capacity 3107K, committed 4016K, reserved 1048576K
Event: 36195.451 GC heap after
Heap after GC invocations=5168 (full 17):
 PSYoungGen      total 4608K, used 448K [0x00000000edc00000, 0x00000000ee180000, 0x0000000100000000)
  eden space 3584K, 0% used [0x00000000edc00000,0x00000000edc00000,0x00000000edf80000)
  from space 1024K, 43% used [0x00000000edf80000,0x00000000edff0000,0x00000000ee080000)
  to   space 1024K, 0% used [0x00000000ee080000,0x00000000ee080000,0x00000000ee180000)
 ParOldGen       total 26112K, used 22993K [0x00000000c9400000, 0x00000000cad80000, 0x00000000edc00000)
  object space 26112K, 88% used [0x00000000c9400000,0x00000000caa74790,0x00000000cad80000)
 Metaspace       used 23892K, capacity 25368K, committed 27824K, reserved 1073152K
  class space    used 2687K, capacity 3107K, committed 4016K, reserved 1048576K
}
Event: 36198.529 GC heap before
{Heap before GC invocations=5169 (full 17):
 PSYoungGen      total 4608K, used 4032K [0x00000000edc00000, 0x00000000ee180000, 0x0000000100000000)
  eden space 3584K, 100% used [0x00000000edc00000,0x00000000edf80000,0x00000000edf80000)
  from space 1024K, 43% used [0x00000000edf80000,0x00000000edff0000,0x00000000ee080000)
  to   space 1024K, 0% used [0x00000000ee080000,0x00000000ee080000,0x00000000ee180000)
 ParOldGen       total 26112K, used 22993K [0x00000000c9400000, 0x00000000cad80000, 0x00000000edc00000)
  object space 26112K, 88% used [0x00000000c9400000,0x00000000caa74790,0x00000000cad80000)
 Metaspace       used 23892K, capacity 25368K, committed 27824K, reserved 1073152K
  class space    used 2687K, capacity 3107K, committed 4016K, reserved 1048576K
Event: 36198.532 GC heap after
Heap after GC invocations=5169 (full 17):
 PSYoungGen      total 4608K, used 608K [0x00000000edc00000, 0x00000000ee180000, 0x0000000100000000)
  eden space 3584K, 0% used [0x00000000edc00000,0x00000000edc00000,0x00000000edf80000)
  from space 1024K, 59% used [0x00000000ee080000,0x00000000ee118000,0x00000000ee180000)
  to   space 1024K, 0% used [0x00000000edf80000,0x00000000edf80000,0x00000000ee080000)
 ParOldGen       total 26112K, used 23009K [0x00000000c9400000, 0x00000000cad80000, 0x00000000edc00000)
  object space 26112K, 88% used [0x00000000c9400000,0x00000000caa78790,0x00000000cad80000)
 Metaspace       used 23892K, capacity 25368K, committed 27824K, reserved 1073152K
  class space    used 2687K, capacity 3107K, committed 4016K, reserved 1048576K
}
Event: 36200.889 GC heap before
{Heap before GC invocations=5170 (full 17):
 PSYoungGen      total 4608K, used 4192K [0x00000000edc00000, 0x00000000ee180000, 0x0000000100000000)
  eden space 3584K, 100% used [0x00000000edc00000,0x00000000edf80000,0x00000000edf80000)
  from space 1024K, 59% used [0x00000000ee080000,0x00000000ee118000,0x00000000ee180000)
  to   space 1024K, 0% used [0x00000000edf80000,0x00000000edf80000,0x00000000ee080000)
 ParOldGen       total 26112K, used 23009K [0x00000000c9400000, 0x00000000cad80000, 0x00000000edc00000)
  object space 26112K, 88% used [0x00000000c9400000,0x00000000caa78790,0x00000000cad80000)
 Metaspace       used 23892K, capacity 25368K, committed 27824K, reserved 1073152K
  class space    used 2687K, capacity 3107K, committed 4016K, reserved 1048576K
Event: 36200.892 GC heap after
Heap after GC invocations=5170 (full 17):
 PSYoungGen      total 4608K, used 480K [0x00000000edc00000, 0x00000000ee180000, 0x0000000100000000)
  eden space 3584K, 0% used [0x00000000edc00000,0x00000000edc00000,0x00000000edf80000)
  from space 1024K, 46% used [0x00000000edf80000,0x00000000edff8000,0x00000000ee080000)
  to   space 1024K, 0% used [0x00000000ee080000,0x00000000ee080000,0x00000000ee180000)
 ParOldGen       total 26112K, used 23033K [0x00000000c9400000, 0x00000000cad80000, 0x00000000edc00000)
  object space 26112K, 88% used [0x00000000c9400000,0x00000000caa7e790,0x00000000cad80000)
 Metaspace       used 23892K, capacity 25368K, committed 27824K, reserved 1073152K
  class space    used 2687K, capacity 3107K, committed 4016K, reserved 1048576K
}

