# JRE version: Java(TM) SE Runtime Environment (8.0_281-b09) (build 1.8.0_281-b09)
# Java VM: Java HotSpot(TM) 64-Bit Server VM (25.281-b09 mixed mode windows-amd64 compressed oops)
Heap:
 PSYoungGen      total 27648K, used 18288K [0x00000000edc00000, 0x00000000f0400000, 0x0000000100000000)
  eden space 22528K, 59% used [0x00000000edc00000,0x00000000ee90c158,0x00000000ef200000)
  from space 5120K, 96% used [0x00000000ef280000,0x00000000ef750000,0x00000000ef780000)
  to   space 9216K, 0% used [0x00000000efb00000,0x00000000efb00000,0x00000000f0400000)
 ParOldGen       total 89600K, used 57611K [0x00000000c9400000, 0x00000000ceb80000, 0x00000000edc00000)
  object space 89600K, 64% used [0x00000000c9400000,0x00000000ccc42d28,0x00000000ceb80000)
 Metaspace       used 24363K, capacity 26706K, committed 26928K, reserved 1073152K
  class space    used 2905K, capacity 3874K, committed 3888K, reserved 1048576K
GC Heap History (10 events):
Event: 5242.444 GC heap before
{Heap before GC invocations=76 (full 3):
 PSYoungGen      total 35328K, used 30624K [0x00000000edc00000, 0x00000000f0a80000, 0x0000000100000000)
  eden space 25088K, 100% used [0x00000000edc00000,0x00000000ef480000,0x00000000ef480000)
  from space 10240K, 54% used [0x00000000f0080000,0x00000000f05e8000,0x00000000f0a80000)
  to   space 11264K, 0% used [0x00000000ef480000,0x00000000ef480000,0x00000000eff80000)
 ParOldGen       total 89600K, used 57539K [0x00000000c9400000, 0x00000000ceb80000, 0x00000000edc00000)
  object space 89600K, 64% used [0x00000000c9400000,0x00000000ccc30d28,0x00000000ceb80000)
 Metaspace       used 24324K, capacity 26670K, committed 26928K, reserved 1073152K
  class space    used 2901K, capacity 3842K, committed 3888K, reserved 1048576K
Event: 5242.456 GC heap after
Heap after GC invocations=76 (full 3):
 PSYoungGen      total 30208K, used 5312K [0x00000000edc00000, 0x00000000f0900000, 0x0000000100000000)
  eden space 24576K, 0% used [0x00000000edc00000,0x00000000edc00000,0x00000000ef400000)
  from space 5632K, 94% used [0x00000000ef480000,0x00000000ef9b0000,0x00000000efa00000)
  to   space 10752K, 0% used [0x00000000efe80000,0x00000000efe80000,0x00000000f0900000)
 ParOldGen       total 89600K, used 57539K [0x00000000c9400000, 0x00000000ceb80000, 0x00000000edc00000)
  object space 89600K, 64% used [0x00000000c9400000,0x00000000ccc30d28,0x00000000ceb80000)
 Metaspace       used 24324K, capacity 26670K, committed 26928K, reserved 1073152K
  class space    used 2901K, capacity 3842K, committed 3888K, reserved 1048576K
}
Event: 5274.925 GC heap before
{Heap before GC invocations=77 (full 3):
 PSYoungGen      total 30208K, used 29888K [0x00000000edc00000, 0x00000000f0900000, 0x0000000100000000)
  eden space 24576K, 100% used [0x00000000edc00000,0x00000000ef400000,0x00000000ef400000)
  from space 5632K, 94% used [0x00000000ef480000,0x00000000ef9b0000,0x00000000efa00000)
  to   space 10752K, 0% used [0x00000000efe80000,0x00000000efe80000,0x00000000f0900000)
 ParOldGen       total 89600K, used 57539K [0x00000000c9400000, 0x00000000ceb80000, 0x00000000edc00000)
  object space 89600K, 64% used [0x00000000c9400000,0x00000000ccc30d28,0x00000000ceb80000)
 Metaspace       used 24324K, capacity 26670K, committed 26928K, reserved 1073152K
  class space    used 2901K, capacity 3842K, committed 3888K, reserved 1048576K
Event: 5274.939 GC heap after
Heap after GC invocations=77 (full 3):
 PSYoungGen      total 33280K, used 6080K [0x00000000edc00000, 0x00000000f0780000, 0x0000000100000000)
  eden space 24064K, 0% used [0x00000000edc00000,0x00000000edc00000,0x00000000ef380000)
  from space 9216K, 65% used [0x00000000efe80000,0x00000000f0470000,0x00000000f0780000)
  to   space 10240K, 0% used [0x00000000ef380000,0x00000000ef380000,0x00000000efd80000)
 ParOldGen       total 89600K, used 57539K [0x00000000c9400000, 0x00000000ceb80000, 0x00000000edc00000)
  object space 89600K, 64% used [0x00000000c9400000,0x00000000ccc30d28,0x00000000ceb80000)
 Metaspace       used 24324K, capacity 26670K, committed 26928K, reserved 1073152K
  class space    used 2901K, capacity 3842K, committed 3888K, reserved 1048576K
}
Event: 5302.564 GC heap before
{Heap before GC invocations=78 (full 3):
 PSYoungGen      total 33280K, used 30144K [0x00000000edc00000, 0x00000000f0780000, 0x0000000100000000)
  eden space 24064K, 100% used [0x00000000edc00000,0x00000000ef380000,0x00000000ef380000)
  from space 9216K, 65% used [0x00000000efe80000,0x00000000f0470000,0x00000000f0780000)
  to   space 10240K, 0% used [0x00000000ef380000,0x00000000ef380000,0x00000000efd80000)
 ParOldGen       total 89600K, used 57539K [0x00000000c9400000, 0x00000000ceb80000, 0x00000000edc00000)
  object space 89600K, 64% used [0x00000000c9400000,0x00000000ccc30d28,0x00000000ceb80000)
 Metaspace       used 24324K, capacity 26670K, committed 26928K, reserved 1073152K
  class space    used 2901K, capacity 3842K, committed 3888K, reserved 1048576K
Event: 5302.575 GC heap after
Heap after GC invocations=78 (full 3):
 PSYoungGen      total 28672K, used 5120K [0x00000000edc00000, 0x00000000f0700000, 0x0000000100000000)
  eden space 23552K, 0% used [0x00000000edc00000,0x00000000edc00000,0x00000000ef300000)
  from space 5120K, 100% used [0x00000000ef380000,0x00000000ef880000,0x00000000ef880000)
  to   space 10240K, 0% used [0x00000000efd00000,0x00000000efd00000,0x00000000f0700000)
 ParOldGen       total 89600K, used 57547K [0x00000000c9400000, 0x00000000ceb80000, 0x00000000edc00000)
  object space 89600K, 64% used [0x00000000c9400000,0x00000000ccc32d28,0x00000000ceb80000)
 Metaspace       used 24324K, capacity 26670K, committed 26928K, reserved 1073152K
  class space    used 2901K, capacity 3842K, committed 3888K, reserved 1048576K
}
Event: 5334.123 GC heap before
{Heap before GC invocations=79 (full 3):
 PSYoungGen      total 28672K, used 28672K [0x00000000edc00000, 0x00000000f0700000, 0x0000000100000000)
  eden space 23552K, 100% used [0x00000000edc00000,0x00000000ef300000,0x00000000ef300000)
  from space 5120K, 100% used [0x00000000ef380000,0x00000000ef880000,0x00000000ef880000)
  to   space 10240K, 0% used [0x00000000efd00000,0x00000000efd00000,0x00000000f0700000)
 ParOldGen       total 89600K, used 57547K [0x00000000c9400000, 0x00000000ceb80000, 0x00000000edc00000)
  object space 89600K, 64% used [0x00000000c9400000,0x00000000ccc32d28,0x00000000ceb80000)
 Metaspace       used 24325K, capacity 26674K, committed 26928K, reserved 1073152K
  class space    used 2901K, capacity 3842K, committed 3888K, reserved 1048576K
Event: 5334.136 GC heap after
Heap after GC invocations=79 (full 3):
 PSYoungGen      total 31744K, used 5952K [0x00000000edc00000, 0x00000000f0580000, 0x0000000100000000)
  eden space 23040K, 0% used [0x00000000edc00000,0x00000000edc00000,0x00000000ef280000)
  from space 8704K, 68% used [0x00000000efd00000,0x00000000f02d0000,0x00000000f0580000)
  to   space 9728K, 0% used [0x00000000ef280000,0x00000000ef280000,0x00000000efc00000)
 ParOldGen       total 89600K, used 57547K [0x00000000c9400000, 0x00000000ceb80000, 0x00000000edc00000)
  object space 89600K, 64% used [0x00000000c9400000,0x00000000ccc32d28,0x00000000ceb80000)
 Metaspace       used 24325K, capacity 26674K, committed 26928K, reserved 1073152K
  class space    used 2901K, capacity 3842K, committed 3888K, reserved 1048576K
}
Event: 5360.686 GC heap before
{Heap before GC invocations=80 (full 3):
 PSYoungGen      total 31744K, used 28992K [0x00000000edc00000, 0x00000000f0580000, 0x0000000100000000)
  eden space 23040K, 100% used [0x00000000edc00000,0x00000000ef280000,0x00000000ef280000)
  from space 8704K, 68% used [0x00000000efd00000,0x00000000f02d0000,0x00000000f0580000)
  to   space 9728K, 0% used [0x00000000ef280000,0x00000000ef280000,0x00000000efc00000)
 ParOldGen       total 89600K, used 57547K [0x00000000c9400000, 0x00000000ceb80000, 0x00000000edc00000)
  object space 89600K, 64% used [0x00000000c9400000,0x00000000ccc32d28,0x00000000ceb80000)
 Metaspace       used 24325K, capacity 26674K, committed 26928K, reserved 1073152K
  class space    used 2901K, capacity 3842K, committed 3888K, reserved 1048576K
Event: 5360.696 GC heap after
Heap after GC invocations=80 (full 3):
 PSYoungGen      total 27648K, used 4928K [0x00000000edc00000, 0x00000000f0400000, 0x0000000100000000)
  eden space 22528K, 0% used [0x00000000edc00000,0x00000000edc00000,0x00000000ef200000)
  from space 5120K, 96% used [0x00000000ef280000,0x00000000ef750000,0x00000000ef780000)
  to   space 9216K, 0% used [0x00000000efb00000,0x00000000efb00000,0x00000000f0400000)
 ParOldGen       total 89600K, used 57611K [0x00000000c9400000, 0x00000000ceb80000, 0x00000000edc00000)
  object space 89600K, 64% used [0x00000000c9400000,0x00000000ccc42d28,0x00000000ceb80000)
 Metaspace       used 24325K, capacity 26674K, committed 26928K, reserved 1073152K
  class space    used 2901K, capacity 3842K, committed 3888K, reserved 1048576K
}

