# JRE version: Java(TM) SE Runtime Environment (8.0_281-b09) (build 1.8.0_281-b09)
# Java VM: Java HotSpot(TM) 64-Bit Server VM (25.281-b09 mixed mode windows-amd64 compressed oops)
Heap:
 PSYoungGen      total 5120K, used 1189K [0x00000000edc00000, 0x00000000ee200000, 0x0000000100000000)
  eden space 4096K, 14% used [0x00000000edc00000,0x00000000edc99668,0x00000000ee000000)
  from space 1024K, 56% used [0x00000000ee100000,0x00000000ee190000,0x00000000ee200000)
  to   space 1024K, 0% used [0x00000000ee000000,0x00000000ee000000,0x00000000ee100000)
 ParOldGen       total 26112K, used 15862K [0x00000000c9400000, 0x00000000cad80000, 0x00000000edc00000)
  object space 26112K, 60% used [0x00000000c9400000,0x00000000ca37db30,0x00000000cad80000)
 Metaspace       used 23819K, capacity 25188K, committed 27776K, reserved 1073152K
  class space    used 2667K, capacity 3053K, committed 3968K, reserved 1048576K
GC Heap History (10 events):
Event: 28960.619 GC heap before
{Heap before GC invocations=4127 (full 11):
 PSYoungGen      total 5120K, used 4704K [0x00000000edc00000, 0x00000000ee200000, 0x0000000100000000)
  eden space 4096K, 100% used [0x00000000edc00000,0x00000000ee000000,0x00000000ee000000)
  from space 1024K, 59% used [0x00000000ee000000,0x00000000ee098000,0x00000000ee100000)
  to   space 1024K, 0% used [0x00000000ee100000,0x00000000ee100000,0x00000000ee200000)
 ParOldGen       total 26112K, used 15774K [0x00000000c9400000, 0x00000000cad80000, 0x00000000edc00000)
  object space 26112K, 60% used [0x00000000c9400000,0x00000000ca367b30,0x00000000cad80000)
 Metaspace       used 23782K, capacity 25188K, committed 27776K, reserved 1073152K
  class space    used 2664K, capacity 3053K, committed 3968K, reserved 1048576K
Event: 28960.622 GC heap after
Heap after GC invocations=4127 (full 11):
 PSYoungGen      total 5120K, used 576K [0x00000000edc00000, 0x00000000ee200000, 0x0000000100000000)
  eden space 4096K, 0% used [0x00000000edc00000,0x00000000edc00000,0x00000000ee000000)
  from space 1024K, 56% used [0x00000000ee100000,0x00000000ee190000,0x00000000ee200000)
  to   space 1024K, 0% used [0x00000000ee000000,0x00000000ee000000,0x00000000ee100000)
 ParOldGen       total 26112K, used 15782K [0x00000000c9400000, 0x00000000cad80000, 0x00000000edc00000)
  object space 26112K, 60% used [0x00000000c9400000,0x00000000ca369b30,0x00000000cad80000)
 Metaspace       used 23782K, capacity 25188K, committed 27776K, reserved 1073152K
  class space    used 2664K, capacity 3053K, committed 3968K, reserved 1048576K
}
Event: 28961.821 GC heap before
{Heap before GC invocations=4128 (full 11):
 PSYoungGen      total 5120K, used 4672K [0x00000000edc00000, 0x00000000ee200000, 0x0000000100000000)
  eden space 4096K, 100% used [0x00000000edc00000,0x00000000ee000000,0x00000000ee000000)
  from space 1024K, 56% used [0x00000000ee100000,0x00000000ee190000,0x00000000ee200000)
  to   space 1024K, 0% used [0x00000000ee000000,0x00000000ee000000,0x00000000ee100000)
 ParOldGen       total 26112K, used 15782K [0x00000000c9400000, 0x00000000cad80000, 0x00000000edc00000)
  object space 26112K, 60% used [0x00000000c9400000,0x00000000ca369b30,0x00000000cad80000)
 Metaspace       used 23782K, capacity 25188K, committed 27776K, reserved 1073152K
  class space    used 2664K, capacity 3053K, committed 3968K, reserved 1048576K
Event: 28961.824 GC heap after
Heap after GC invocations=4128 (full 11):
 PSYoungGen      total 5120K, used 352K [0x00000000edc00000, 0x00000000ee200000, 0x0000000100000000)
  eden space 4096K, 0% used [0x00000000edc00000,0x00000000edc00000,0x00000000ee000000)
  from space 1024K, 34% used [0x00000000ee000000,0x00000000ee058000,0x00000000ee100000)
  to   space 1024K, 0% used [0x00000000ee100000,0x00000000ee100000,0x00000000ee200000)
 ParOldGen       total 26112K, used 15782K [0x00000000c9400000, 0x00000000cad80000, 0x00000000edc00000)
  object space 26112K, 60% used [0x00000000c9400000,0x00000000ca369b30,0x00000000cad80000)
 Metaspace       used 23782K, capacity 25188K, committed 27776K, reserved 1073152K
  class space    used 2664K, capacity 3053K, committed 3968K, reserved 1048576K
}
Event: 28964.180 GC heap before
{Heap before GC invocations=4129 (full 11):
 PSYoungGen      total 5120K, used 4448K [0x00000000edc00000, 0x00000000ee200000, 0x0000000100000000)
  eden space 4096K, 100% used [0x00000000edc00000,0x00000000ee000000,0x00000000ee000000)
  from space 1024K, 34% used [0x00000000ee000000,0x00000000ee058000,0x00000000ee100000)
  to   space 1024K, 0% used [0x00000000ee100000,0x00000000ee100000,0x00000000ee200000)
 ParOldGen       total 26112K, used 15782K [0x00000000c9400000, 0x00000000cad80000, 0x00000000edc00000)
  object space 26112K, 60% used [0x00000000c9400000,0x00000000ca369b30,0x00000000cad80000)
 Metaspace       used 23782K, capacity 25188K, committed 27776K, reserved 1073152K
  class space    used 2664K, capacity 3053K, committed 3968K, reserved 1048576K
Event: 28964.183 GC heap after
Heap after GC invocations=4129 (full 11):
 PSYoungGen      total 5120K, used 576K [0x00000000edc00000, 0x00000000ee200000, 0x0000000100000000)
  eden space 4096K, 0% used [0x00000000edc00000,0x00000000edc00000,0x00000000ee000000)
  from space 1024K, 56% used [0x00000000ee100000,0x00000000ee190000,0x00000000ee200000)
  to   space 1024K, 0% used [0x00000000ee000000,0x00000000ee000000,0x00000000ee100000)
 ParOldGen       total 26112K, used 15790K [0x00000000c9400000, 0x00000000cad80000, 0x00000000edc00000)
  object space 26112K, 60% used [0x00000000c9400000,0x00000000ca36bb30,0x00000000cad80000)
 Metaspace       used 23782K, capacity 25188K, committed 27776K, reserved 1073152K
  class space    used 2664K, capacity 3053K, committed 3968K, reserved 1048576K
}
Event: 28966.902 GC heap before
{Heap before GC invocations=4130 (full 11):
 PSYoungGen      total 5120K, used 4672K [0x00000000edc00000, 0x00000000ee200000, 0x0000000100000000)
  eden space 4096K, 100% used [0x00000000edc00000,0x00000000ee000000,0x00000000ee000000)
  from space 1024K, 56% used [0x00000000ee100000,0x00000000ee190000,0x00000000ee200000)
  to   space 1024K, 0% used [0x00000000ee000000,0x00000000ee000000,0x00000000ee100000)
 ParOldGen       total 26112K, used 15790K [0x00000000c9400000, 0x00000000cad80000, 0x00000000edc00000)
  object space 26112K, 60% used [0x00000000c9400000,0x00000000ca36bb30,0x00000000cad80000)
 Metaspace       used 23782K, capacity 25188K, committed 27776K, reserved 1073152K
  class space    used 2664K, capacity 3053K, committed 3968K, reserved 1048576K
Event: 28966.908 GC heap after
Heap after GC invocations=4130 (full 11):
 PSYoungGen      total 5120K, used 512K [0x00000000edc00000, 0x00000000ee200000, 0x0000000100000000)
  eden space 4096K, 0% used [0x00000000edc00000,0x00000000edc00000,0x00000000ee000000)
  from space 1024K, 50% used [0x00000000ee000000,0x00000000ee080000,0x00000000ee100000)
  to   space 1024K, 0% used [0x00000000ee100000,0x00000000ee100000,0x00000000ee200000)
 ParOldGen       total 26112K, used 15854K [0x00000000c9400000, 0x00000000cad80000, 0x00000000edc00000)
  object space 26112K, 60% used [0x00000000c9400000,0x00000000ca37bb30,0x00000000cad80000)
 Metaspace       used 23782K, capacity 25188K, committed 27776K, reserved 1073152K
  class space    used 2664K, capacity 3053K, committed 3968K, reserved 1048576K
}
Event: 28969.926 GC heap before
{Heap before GC invocations=4131 (full 11):
 PSYoungGen      total 5120K, used 4608K [0x00000000edc00000, 0x00000000ee200000, 0x0000000100000000)
  eden space 4096K, 100% used [0x00000000edc00000,0x00000000ee000000,0x00000000ee000000)
  from space 1024K, 50% used [0x00000000ee000000,0x00000000ee080000,0x00000000ee100000)
  to   space 1024K, 0% used [0x00000000ee100000,0x00000000ee100000,0x00000000ee200000)
 ParOldGen       total 26112K, used 15854K [0x00000000c9400000, 0x00000000cad80000, 0x00000000edc00000)
  object space 26112K, 60% used [0x00000000c9400000,0x00000000ca37bb30,0x00000000cad80000)
 Metaspace       used 23782K, capacity 25188K, committed 27776K, reserved 1073152K
  class space    used 2664K, capacity 3053K, committed 3968K, reserved 1048576K
Event: 28969.957 GC heap after
Heap after GC invocations=4131 (full 11):
 PSYoungGen      total 5120K, used 576K [0x00000000edc00000, 0x00000000ee200000, 0x0000000100000000)
  eden space 4096K, 0% used [0x00000000edc00000,0x00000000edc00000,0x00000000ee000000)
  from space 1024K, 56% used [0x00000000ee100000,0x00000000ee190000,0x00000000ee200000)
  to   space 1024K, 0% used [0x00000000ee000000,0x00000000ee000000,0x00000000ee100000)
 ParOldGen       total 26112K, used 15862K [0x00000000c9400000, 0x00000000cad80000, 0x00000000edc00000)
  object space 26112K, 60% used [0x00000000c9400000,0x00000000ca37db30,0x00000000cad80000)
 Metaspace       used 23782K, capacity 25188K, committed 27776K, reserved 1073152K
  class space    used 2664K, capacity 3053K, committed 3968K, reserved 1048576K
}

