# JRE version: Java(TM) SE Runtime Environment (8.0_281-b09) (build 1.8.0_281-b09)
# Java VM: Java HotSpot(TM) 64-Bit Server VM (25.281-b09 mixed mode windows-amd64 compressed oops)
Heap:
 PSYoungGen      total 33280K, used 10959K [0x00000000edc00000, 0x00000000f0a00000, 0x0000000100000000)
  eden space 26624K, 16% used [0x00000000edc00000,0x00000000ee05bd28,0x00000000ef600000)
  from space 6656K, 97% used [0x00000000ef680000,0x00000000efcd8000,0x00000000efd00000)
  to   space 10240K, 0% used [0x00000000f0000000,0x00000000f0000000,0x00000000f0a00000)
 ParOldGen       total 56320K, used 41478K [0x00000000c9400000, 0x00000000ccb00000, 0x00000000edc00000)
  object space 56320K, 73% used [0x00000000c9400000,0x00000000cbc81938,0x00000000ccb00000)
 Metaspace       used 23661K, capacity 25596K, committed 25648K, reserved 1071104K
  class space    used 2847K, capacity 3592K, committed 3632K, reserved 1048576K
GC Heap History (10 events):
Event: 2503.473 GC heap before
{Heap before GC invocations=64 (full 1):
 PSYoungGen      total 40448K, used 35776K [0x00000000edc00000, 0x00000000f1080000, 0x0000000100000000)
  eden space 29184K, 100% used [0x00000000edc00000,0x00000000ef880000,0x00000000ef880000)
  from space 11264K, 58% used [0x00000000f0580000,0x00000000f0bf0000,0x00000000f1080000)
  to   space 12288K, 0% used [0x00000000ef880000,0x00000000ef880000,0x00000000f0480000)
 ParOldGen       total 56320K, used 41366K [0x00000000c9400000, 0x00000000ccb00000, 0x00000000edc00000)
  object space 56320K, 73% used [0x00000000c9400000,0x00000000cbc65938,0x00000000ccb00000)
 Metaspace       used 23618K, capacity 25524K, committed 25648K, reserved 1071104K
  class space    used 2843K, capacity 3592K, committed 3632K, reserved 1048576K
Event: 2503.498 GC heap after
Heap after GC invocations=64 (full 1):
 PSYoungGen      total 36352K, used 7232K [0x00000000edc00000, 0x00000000f0f00000, 0x0000000100000000)
  eden space 28672K, 0% used [0x00000000edc00000,0x00000000edc00000,0x00000000ef800000)
  from space 7680K, 94% used [0x00000000ef880000,0x00000000eff90000,0x00000000f0000000)
  to   space 11776K, 0% used [0x00000000f0380000,0x00000000f0380000,0x00000000f0f00000)
 ParOldGen       total 56320K, used 41414K [0x00000000c9400000, 0x00000000ccb00000, 0x00000000edc00000)
  object space 56320K, 73% used [0x00000000c9400000,0x00000000cbc71938,0x00000000ccb00000)
 Metaspace       used 23618K, capacity 25524K, committed 25648K, reserved 1071104K
  class space    used 2843K, capacity 3592K, committed 3632K, reserved 1048576K
}
Event: 2536.433 GC heap before
{Heap before GC invocations=65 (full 1):
 PSYoungGen      total 36352K, used 35904K [0x00000000edc00000, 0x00000000f0f00000, 0x0000000100000000)
  eden space 28672K, 100% used [0x00000000edc00000,0x00000000ef800000,0x00000000ef800000)
  from space 7680K, 94% used [0x00000000ef880000,0x00000000eff90000,0x00000000f0000000)
  to   space 11776K, 0% used [0x00000000f0380000,0x00000000f0380000,0x00000000f0f00000)
 ParOldGen       total 56320K, used 41414K [0x00000000c9400000, 0x00000000ccb00000, 0x00000000edc00000)
  object space 56320K, 73% used [0x00000000c9400000,0x00000000cbc71938,0x00000000ccb00000)
 Metaspace       used 23620K, capacity 25532K, committed 25648K, reserved 1071104K
  class space    used 2843K, capacity 3592K, committed 3632K, reserved 1048576K
Event: 2536.454 GC heap after
Heap after GC invocations=65 (full 1):
 PSYoungGen      total 38400K, used 6336K [0x00000000edc00000, 0x00000000f0d80000, 0x0000000100000000)
  eden space 28160K, 0% used [0x00000000edc00000,0x00000000edc00000,0x00000000ef780000)
  from space 10240K, 61% used [0x00000000f0380000,0x00000000f09b0000,0x00000000f0d80000)
  to   space 11264K, 0% used [0x00000000ef780000,0x00000000ef780000,0x00000000f0280000)
 ParOldGen       total 56320K, used 41414K [0x00000000c9400000, 0x00000000ccb00000, 0x00000000edc00000)
  object space 56320K, 73% used [0x00000000c9400000,0x00000000cbc71938,0x00000000ccb00000)
 Metaspace       used 23620K, capacity 25532K, committed 25648K, reserved 1071104K
  class space    used 2843K, capacity 3592K, committed 3632K, reserved 1048576K
}
Event: 2568.953 GC heap before
{Heap before GC invocations=66 (full 1):
 PSYoungGen      total 38400K, used 34496K [0x00000000edc00000, 0x00000000f0d80000, 0x0000000100000000)
  eden space 28160K, 100% used [0x00000000edc00000,0x00000000ef780000,0x00000000ef780000)
  from space 10240K, 61% used [0x00000000f0380000,0x00000000f09b0000,0x00000000f0d80000)
  to   space 11264K, 0% used [0x00000000ef780000,0x00000000ef780000,0x00000000f0280000)
 ParOldGen       total 56320K, used 41414K [0x00000000c9400000, 0x00000000ccb00000, 0x00000000edc00000)
  object space 56320K, 73% used [0x00000000c9400000,0x00000000cbc71938,0x00000000ccb00000)
 Metaspace       used 23620K, capacity 25532K, committed 25648K, reserved 1071104K
  class space    used 2843K, capacity 3592K, committed 3632K, reserved 1048576K
Event: 2568.972 GC heap after
Heap after GC invocations=66 (full 1):
 PSYoungGen      total 34304K, used 6336K [0x00000000edc00000, 0x00000000f0d00000, 0x0000000100000000)
  eden space 27648K, 0% used [0x00000000edc00000,0x00000000edc00000,0x00000000ef700000)
  from space 6656K, 95% used [0x00000000ef780000,0x00000000efdb0000,0x00000000efe00000)
  to   space 11264K, 0% used [0x00000000f0200000,0x00000000f0200000,0x00000000f0d00000)
 ParOldGen       total 56320K, used 41414K [0x00000000c9400000, 0x00000000ccb00000, 0x00000000edc00000)
  object space 56320K, 73% used [0x00000000c9400000,0x00000000cbc71938,0x00000000ccb00000)
 Metaspace       used 23620K, capacity 25532K, committed 25648K, reserved 1071104K
  class space    used 2843K, capacity 3592K, committed 3632K, reserved 1048576K
}
Event: 2601.354 GC heap before
{Heap before GC invocations=67 (full 1):
 PSYoungGen      total 34304K, used 33984K [0x00000000edc00000, 0x00000000f0d00000, 0x0000000100000000)
  eden space 27648K, 100% used [0x00000000edc00000,0x00000000ef700000,0x00000000ef700000)
  from space 6656K, 95% used [0x00000000ef780000,0x00000000efdb0000,0x00000000efe00000)
  to   space 11264K, 0% used [0x00000000f0200000,0x00000000f0200000,0x00000000f0d00000)
 ParOldGen       total 56320K, used 41414K [0x00000000c9400000, 0x00000000ccb00000, 0x00000000edc00000)
  object space 56320K, 73% used [0x00000000c9400000,0x00000000cbc71938,0x00000000ccb00000)
 Metaspace       used 23620K, capacity 25532K, committed 25648K, reserved 1071104K
  class space    used 2843K, capacity 3592K, committed 3632K, reserved 1048576K
Event: 2601.375 GC heap after
Heap after GC invocations=67 (full 1):
 PSYoungGen      total 36864K, used 6176K [0x00000000edc00000, 0x00000000f0b80000, 0x0000000100000000)
  eden space 27136K, 0% used [0x00000000edc00000,0x00000000edc00000,0x00000000ef680000)
  from space 9728K, 63% used [0x00000000f0200000,0x00000000f0808000,0x00000000f0b80000)
  to   space 10752K, 0% used [0x00000000ef680000,0x00000000ef680000,0x00000000f0100000)
 ParOldGen       total 56320K, used 41446K [0x00000000c9400000, 0x00000000ccb00000, 0x00000000edc00000)
  object space 56320K, 73% used [0x00000000c9400000,0x00000000cbc79938,0x00000000ccb00000)
 Metaspace       used 23620K, capacity 25532K, committed 25648K, reserved 1071104K
  class space    used 2843K, capacity 3592K, committed 3632K, reserved 1048576K
}
Event: 2635.114 GC heap before
{Heap before GC invocations=68 (full 1):
 PSYoungGen      total 36864K, used 33312K [0x00000000edc00000, 0x00000000f0b80000, 0x0000000100000000)
  eden space 27136K, 100% used [0x00000000edc00000,0x00000000ef680000,0x00000000ef680000)
  from space 9728K, 63% used [0x00000000f0200000,0x00000000f0808000,0x00000000f0b80000)
  to   space 10752K, 0% used [0x00000000ef680000,0x00000000ef680000,0x00000000f0100000)
 ParOldGen       total 56320K, used 41446K [0x00000000c9400000, 0x00000000ccb00000, 0x00000000edc00000)
  object space 56320K, 73% used [0x00000000c9400000,0x00000000cbc79938,0x00000000ccb00000)
 Metaspace       used 23620K, capacity 25532K, committed 25648K, reserved 1071104K
  class space    used 2843K, capacity 3592K, committed 3632K, reserved 1048576K
Event: 2635.139 GC heap after
Heap after GC invocations=68 (full 1):
 PSYoungGen      total 33280K, used 6496K [0x00000000edc00000, 0x00000000f0a00000, 0x0000000100000000)
  eden space 26624K, 0% used [0x00000000edc00000,0x00000000edc00000,0x00000000ef600000)
  from space 6656K, 97% used [0x00000000ef680000,0x00000000efcd8000,0x00000000efd00000)
  to   space 10240K, 0% used [0x00000000f0000000,0x00000000f0000000,0x00000000f0a00000)
 ParOldGen       total 56320K, used 41478K [0x00000000c9400000, 0x00000000ccb00000, 0x00000000edc00000)
  object space 56320K, 73% used [0x00000000c9400000,0x00000000cbc81938,0x00000000ccb00000)
 Metaspace       used 23620K, capacity 25532K, committed 25648K, reserved 1071104K
  class space    used 2843K, capacity 3592K, committed 3632K, reserved 1048576K
}

