# JRE version: Java(TM) SE Runtime Environment (8.0_281-b09) (build 1.8.0_281-b09)
# Java VM: Java HotSpot(TM) 64-Bit Server VM (25.281-b09 mixed mode windows-amd64 compressed oops)
Heap:
 PSYoungGen      total 23040K, used 14375K [0x00000000edc00000, 0x00000000efa00000, 0x0000000100000000)
  eden space 16896K, 60% used [0x00000000edc00000,0x00000000ee5f9fb0,0x00000000eec80000)
  from space 6144K, 67% used [0x00000000ef300000,0x00000000ef710000,0x00000000ef900000)
  to   space 6656K, 0% used [0x00000000eec80000,0x00000000eec80000,0x00000000ef300000)
 ParOldGen       total 77824K, used 60417K [0x00000000c9400000, 0x00000000ce000000, 0x00000000edc00000)
  object space 77824K, 77% used [0x00000000c9400000,0x00000000ccf004b0,0x00000000ce000000)
 Metaspace       used 23462K, capacity 25506K, committed 25728K, reserved 1071104K
  class space    used 2835K, capacity 3588K, committed 3712K, reserved 1048576K
GC Heap History (10 events):
Event: 7076.699 GC heap before
{Heap before GC invocations=156 (full 2):
 PSYoungGen      total 18944K, used 18496K [0x00000000edc00000, 0x00000000ef900000, 0x0000000100000000)
  eden space 17408K, 100% used [0x00000000edc00000,0x00000000eed00000,0x00000000eed00000)
  from space 1536K, 70% used [0x00000000eed00000,0x00000000eee10000,0x00000000eee80000)
  to   space 6144K, 0% used [0x00000000ef300000,0x00000000ef300000,0x00000000ef900000)
 ParOldGen       total 77824K, used 60257K [0x00000000c9400000, 0x00000000ce000000, 0x00000000edc00000)
  object space 77824K, 77% used [0x00000000c9400000,0x00000000cced84b0,0x00000000ce000000)
 Metaspace       used 23446K, capacity 25506K, committed 25728K, reserved 1071104K
  class space    used 2833K, capacity 3588K, committed 3712K, reserved 1048576K
Event: 7076.704 GC heap after
Heap after GC invocations=156 (full 2):
 PSYoungGen      total 23552K, used 1088K [0x00000000edc00000, 0x00000000ef900000, 0x0000000100000000)
  eden space 17408K, 0% used [0x00000000edc00000,0x00000000edc00000,0x00000000eed00000)
  from space 6144K, 17% used [0x00000000ef300000,0x00000000ef410000,0x00000000ef900000)
  to   space 6144K, 0% used [0x00000000eed00000,0x00000000eed00000,0x00000000ef300000)
 ParOldGen       total 77824K, used 60313K [0x00000000c9400000, 0x00000000ce000000, 0x00000000edc00000)
  object space 77824K, 77% used [0x00000000c9400000,0x00000000ccee64b0,0x00000000ce000000)
 Metaspace       used 23446K, capacity 25506K, committed 25728K, reserved 1071104K
  class space    used 2833K, capacity 3588K, committed 3712K, reserved 1048576K
}
Event: 7081.460 GC heap before
{Heap before GC invocations=157 (full 2):
 PSYoungGen      total 23552K, used 18496K [0x00000000edc00000, 0x00000000ef900000, 0x0000000100000000)
  eden space 17408K, 100% used [0x00000000edc00000,0x00000000eed00000,0x00000000eed00000)
  from space 6144K, 17% used [0x00000000ef300000,0x00000000ef410000,0x00000000ef900000)
  to   space 6144K, 0% used [0x00000000eed00000,0x00000000eed00000,0x00000000ef300000)
 ParOldGen       total 77824K, used 60313K [0x00000000c9400000, 0x00000000ce000000, 0x00000000edc00000)
  object space 77824K, 77% used [0x00000000c9400000,0x00000000ccee64b0,0x00000000ce000000)
 Metaspace       used 23446K, capacity 25506K, committed 25728K, reserved 1071104K
  class space    used 2833K, capacity 3588K, committed 3712K, reserved 1048576K
Event: 7081.465 GC heap after
Heap after GC invocations=157 (full 2):
 PSYoungGen      total 18944K, used 1056K [0x00000000edc00000, 0x00000000ef800000, 0x0000000100000000)
  eden space 17408K, 0% used [0x00000000edc00000,0x00000000edc00000,0x00000000eed00000)
  from space 1536K, 68% used [0x00000000eed00000,0x00000000eee08000,0x00000000eee80000)
  to   space 5632K, 0% used [0x00000000ef280000,0x00000000ef280000,0x00000000ef800000)
 ParOldGen       total 77824K, used 60337K [0x00000000c9400000, 0x00000000ce000000, 0x00000000edc00000)
  object space 77824K, 77% used [0x00000000c9400000,0x00000000cceec4b0,0x00000000ce000000)
 Metaspace       used 23446K, capacity 25506K, committed 25728K, reserved 1071104K
  class space    used 2833K, capacity 3588K, committed 3712K, reserved 1048576K
}
Event: 7094.701 GC heap before
{Heap before GC invocations=158 (full 2):
 PSYoungGen      total 18944K, used 18464K [0x00000000edc00000, 0x00000000ef800000, 0x0000000100000000)
  eden space 17408K, 100% used [0x00000000edc00000,0x00000000eed00000,0x00000000eed00000)
  from space 1536K, 68% used [0x00000000eed00000,0x00000000eee08000,0x00000000eee80000)
  to   space 5632K, 0% used [0x00000000ef280000,0x00000000ef280000,0x00000000ef800000)
 ParOldGen       total 77824K, used 60337K [0x00000000c9400000, 0x00000000ce000000, 0x00000000edc00000)
  object space 77824K, 77% used [0x00000000c9400000,0x00000000cceec4b0,0x00000000ce000000)
 Metaspace       used 23446K, capacity 25506K, committed 25728K, reserved 1071104K
  class space    used 2833K, capacity 3588K, committed 3712K, reserved 1048576K
Event: 7094.711 GC heap after
Heap after GC invocations=158 (full 2):
 PSYoungGen      total 23040K, used 2528K [0x00000000edc00000, 0x00000000ef800000, 0x0000000100000000)
  eden space 17408K, 0% used [0x00000000edc00000,0x00000000edc00000,0x00000000eed00000)
  from space 5632K, 44% used [0x00000000ef280000,0x00000000ef4f8000,0x00000000ef800000)
  to   space 5632K, 0% used [0x00000000eed00000,0x00000000eed00000,0x00000000ef280000)
 ParOldGen       total 77824K, used 60385K [0x00000000c9400000, 0x00000000ce000000, 0x00000000edc00000)
  object space 77824K, 77% used [0x00000000c9400000,0x00000000ccef84b0,0x00000000ce000000)
 Metaspace       used 23446K, capacity 25506K, committed 25728K, reserved 1071104K
  class space    used 2833K, capacity 3588K, committed 3712K, reserved 1048576K
}
Event: 7118.140 GC heap before
{Heap before GC invocations=159 (full 2):
 PSYoungGen      total 23040K, used 19936K [0x00000000edc00000, 0x00000000ef800000, 0x0000000100000000)
  eden space 17408K, 100% used [0x00000000edc00000,0x00000000eed00000,0x00000000eed00000)
  from space 5632K, 44% used [0x00000000ef280000,0x00000000ef4f8000,0x00000000ef800000)
  to   space 5632K, 0% used [0x00000000eed00000,0x00000000eed00000,0x00000000ef280000)
 ParOldGen       total 77824K, used 60385K [0x00000000c9400000, 0x00000000ce000000, 0x00000000edc00000)
  object space 77824K, 77% used [0x00000000c9400000,0x00000000ccef84b0,0x00000000ce000000)
 Metaspace       used 23446K, capacity 25506K, committed 25728K, reserved 1071104K
  class space    used 2833K, capacity 3588K, committed 3712K, reserved 1048576K
Event: 7118.159 GC heap after
Heap after GC invocations=159 (full 2):
 PSYoungGen      total 23040K, used 4320K [0x00000000edc00000, 0x00000000ef900000, 0x0000000100000000)
  eden space 17408K, 0% used [0x00000000edc00000,0x00000000edc00000,0x00000000eed00000)
  from space 5632K, 76% used [0x00000000eed00000,0x00000000ef138000,0x00000000ef280000)
  to   space 6144K, 0% used [0x00000000ef300000,0x00000000ef300000,0x00000000ef900000)
 ParOldGen       total 77824K, used 60409K [0x00000000c9400000, 0x00000000ce000000, 0x00000000edc00000)
  object space 77824K, 77% used [0x00000000c9400000,0x00000000ccefe4b0,0x00000000ce000000)
 Metaspace       used 23446K, capacity 25506K, committed 25728K, reserved 1071104K
  class space    used 2833K, capacity 3588K, committed 3712K, reserved 1048576K
}
Event: 7140.820 GC heap before
{Heap before GC invocations=160 (full 2):
 PSYoungGen      total 23040K, used 21728K [0x00000000edc00000, 0x00000000ef900000, 0x0000000100000000)
  eden space 17408K, 100% used [0x00000000edc00000,0x00000000eed00000,0x00000000eed00000)
  from space 5632K, 76% used [0x00000000eed00000,0x00000000ef138000,0x00000000ef280000)
  to   space 6144K, 0% used [0x00000000ef300000,0x00000000ef300000,0x00000000ef900000)
 ParOldGen       total 77824K, used 60409K [0x00000000c9400000, 0x00000000ce000000, 0x00000000edc00000)
  object space 77824K, 77% used [0x00000000c9400000,0x00000000ccefe4b0,0x00000000ce000000)
 Metaspace       used 23446K, capacity 25506K, committed 25728K, reserved 1071104K
  class space    used 2833K, capacity 3588K, committed 3712K, reserved 1048576K
Event: 7140.837 GC heap after
Heap after GC invocations=160 (full 2):
 PSYoungGen      total 23040K, used 4160K [0x00000000edc00000, 0x00000000efa00000, 0x0000000100000000)
  eden space 16896K, 0% used [0x00000000edc00000,0x00000000edc00000,0x00000000eec80000)
  from space 6144K, 67% used [0x00000000ef300000,0x00000000ef710000,0x00000000ef900000)
  to   space 6656K, 0% used [0x00000000eec80000,0x00000000eec80000,0x00000000ef300000)
 ParOldGen       total 77824K, used 60417K [0x00000000c9400000, 0x00000000ce000000, 0x00000000edc00000)
  object space 77824K, 77% used [0x00000000c9400000,0x00000000ccf004b0,0x00000000ce000000)
 Metaspace       used 23446K, capacity 25506K, committed 25728K, reserved 1071104K
  class space    used 2833K, capacity 3588K, committed 3712K, reserved 1048576K
}

